{"/home/pedro/as-tutor/frontend/src/store.ts": {"path":"/home/pedro/as-tutor/frontend/src/store.ts","statementMap":{"0":{"start":{"line":1,"column":0},"end":{"line":1,"column":null}},"1":{"start":{"line":2,"column":0},"end":{"line":2,"column":null}},"2":{"start":{"line":3,"column":0},"end":{"line":3,"column":null}},"3":{"start":{"line":17,"column":21},"end":{"line":17,"column":null}},"4":{"start":{"line":26,"column":0},"end":{"line":26,"column":4}},"5":{"start":{"line":27,"column":0},"end":{"line":27,"column":4}},"6":{"start":{"line":29,"column":15},"end":{"line":29,"column":19}},"7":{"start":{"line":33,"column":6},"end":{"line":33,"column":11}},"8":{"start":{"line":34,"column":6},"end":{"line":34,"column":11}},"9":{"start":{"line":37,"column":6},"end":{"line":37,"column":11}},"10":{"start":{"line":38,"column":6},"end":{"line":38,"column":11}},"11":{"start":{"line":39,"column":6},"end":{"line":39,"column":11}},"12":{"start":{"line":42,"column":6},"end":{"line":42,"column":11}},"13":{"start":{"line":43,"column":6},"end":{"line":43,"column":11}},"14":{"start":{"line":46,"column":6},"end":{"line":46,"column":11}},"15":{"start":{"line":47,"column":6},"end":{"line":47,"column":11}},"16":{"start":{"line":50,"column":6},"end":{"line":50,"column":11}},"17":{"start":{"line":53,"column":6},"end":{"line":53,"column":11}},"18":{"start":{"line":56,"column":6},"end":{"line":56,"column":11}},"19":{"start":{"line":61,"column":6},"end":{"line":61,"column":12}},"20":{"start":{"line":64,"column":6},"end":{"line":64,"column":12}},"21":{"start":{"line":67,"column":6},"end":{"line":67,"column":12}},"22":{"start":{"line":70,"column":6},"end":{"line":70,"column":12}},"23":{"start":{"line":73,"column":6},"end":{"line":81,"column":null}},"24":{"start":{"line":74,"column":29},"end":{"line":74,"column":50}},"25":{"start":{"line":75,"column":8},"end":{"line":75,"column":14}},"26":{"start":{"line":79,"column":8},"end":{"line":79,"column":14}},"27":{"start":{"line":80,"column":8},"end":{"line":80,"column":14}},"28":{"start":{"line":84,"column":6},"end":{"line":96,"column":null}},"29":{"start":{"line":85,"column":29},"end":{"line":85,"column":50}},"30":{"start":{"line":86,"column":8},"end":{"line":86,"column":14}},"31":{"start":{"line":87,"column":8},"end":{"line":87,"column":14}},"32":{"start":{"line":94,"column":8},"end":{"line":94,"column":14}},"33":{"start":{"line":95,"column":8},"end":{"line":95,"column":14}},"34":{"start":{"line":99,"column":6},"end":{"line":111,"column":null}},"35":{"start":{"line":100,"column":29},"end":{"line":100,"column":50}},"36":{"start":{"line":101,"column":8},"end":{"line":101,"column":14}},"37":{"start":{"line":102,"column":8},"end":{"line":102,"column":14}},"38":{"start":{"line":109,"column":8},"end":{"line":109,"column":14}},"39":{"start":{"line":110,"column":8},"end":{"line":110,"column":14}},"40":{"start":{"line":114,"column":6},"end":{"line":114,"column":13}},"41":{"start":{"line":115,"column":8},"end":{"line":115,"column":14}},"42":{"start":{"line":118,"column":8},"end":{"line":118,"column":null}},"43":{"start":{"line":122,"column":6},"end":{"line":122,"column":12}},"44":{"start":{"line":127,"column":6},"end":{"line":127,"column":13}},"45":{"start":{"line":130,"column":6},"end":{"line":130,"column":13}},"46":{"start":{"line":133,"column":6},"end":{"line":133,"column":null}},"47":{"start":{"line":140,"column":6},"end":{"line":140,"column":null}},"48":{"start":{"line":147,"column":6},"end":{"line":147,"column":13}},"49":{"start":{"line":150,"column":6},"end":{"line":150,"column":13}},"50":{"start":{"line":153,"column":6},"end":{"line":153,"column":13}},"51":{"start":{"line":156,"column":6},"end":{"line":156,"column":13}},"52":{"start":{"line":159,"column":6},"end":{"line":159,"column":13}},"53":{"start":{"line":162,"column":6},"end":{"line":162,"column":13}}},"fnMap":{"0":{"name":"(anonymous_0)","decl":{"start":{"line":32,"column":4},"end":{"line":32,"column":9}},"loc":{"start":{"line":32,"column":38},"end":{"line":35,"column":null}}},"1":{"name":"(anonymous_1)","decl":{"start":{"line":36,"column":4},"end":{"line":36,"column":10}},"loc":{"start":{"line":36,"column":16},"end":{"line":40,"column":null}}},"2":{"name":"(anonymous_2)","decl":{"start":{"line":41,"column":4},"end":{"line":41,"column":9}},"loc":{"start":{"line":41,"column":37},"end":{"line":44,"column":null}}},"3":{"name":"(anonymous_3)","decl":{"start":{"line":45,"column":4},"end":{"line":45,"column":14}},"loc":{"start":{"line":45,"column":20},"end":{"line":48,"column":null}}},"4":{"name":"(anonymous_4)","decl":{"start":{"line":49,"column":4},"end":{"line":49,"column":11}},"loc":{"start":{"line":49,"column":17},"end":{"line":51,"column":null}}},"5":{"name":"(anonymous_5)","decl":{"start":{"line":52,"column":4},"end":{"line":52,"column":16}},"loc":{"start":{"line":52,"column":22},"end":{"line":54,"column":null}}},"6":{"name":"(anonymous_6)","decl":{"start":{"line":55,"column":4},"end":{"line":55,"column":17}},"loc":{"start":{"line":55,"column":46},"end":{"line":57,"column":null}}},"7":{"name":"(anonymous_7)","decl":{"start":{"line":60,"column":4},"end":{"line":60,"column":9}},"loc":{"start":{"line":60,"column":34},"end":{"line":62,"column":null}}},"8":{"name":"(anonymous_8)","decl":{"start":{"line":63,"column":4},"end":{"line":63,"column":14}},"loc":{"start":{"line":63,"column":25},"end":{"line":65,"column":null}}},"9":{"name":"(anonymous_9)","decl":{"start":{"line":66,"column":4},"end":{"line":66,"column":11}},"loc":{"start":{"line":66,"column":22},"end":{"line":68,"column":null}}},"10":{"name":"(anonymous_10)","decl":{"start":{"line":69,"column":4},"end":{"line":69,"column":16}},"loc":{"start":{"line":69,"column":27},"end":{"line":71,"column":null}}},"11":{"name":"(anonymous_11)","decl":{"start":{"line":72,"column":4},"end":{"line":72,"column":10}},"loc":{"start":{"line":72,"column":37},"end":{"line":82,"column":null}}},"12":{"name":"(anonymous_12)","decl":{"start":{"line":83,"column":4},"end":{"line":83,"column":10}},"loc":{"start":{"line":83,"column":37},"end":{"line":97,"column":null}}},"13":{"name":"(anonymous_13)","decl":{"start":{"line":98,"column":4},"end":{"line":98,"column":10}},"loc":{"start":{"line":98,"column":37},"end":{"line":112,"column":null}}},"14":{"name":"(anonymous_14)","decl":{"start":{"line":113,"column":4},"end":{"line":113,"column":10}},"loc":{"start":{"line":113,"column":21},"end":{"line":120,"column":null}}},"15":{"name":"(anonymous_15)","decl":{"start":{"line":114,"column":25},"end":{"line":114,"column":32}},"loc":{"start":{"line":114,"column":35},"end":{"line":119,"column":null}}},"16":{"name":"(anonymous_16)","decl":{"start":{"line":121,"column":4},"end":{"line":121,"column":17}},"loc":{"start":{"line":121,"column":43},"end":{"line":123,"column":null}}},"17":{"name":"(anonymous_17)","decl":{"start":{"line":126,"column":4},"end":{"line":126,"column":14}},"loc":{"start":{"line":126,"column":20},"end":{"line":128,"column":null}}},"18":{"name":"(anonymous_18)","decl":{"start":{"line":129,"column":4},"end":{"line":129,"column":11}},"loc":{"start":{"line":129,"column":17},"end":{"line":131,"column":null}}},"19":{"name":"(anonymous_19)","decl":{"start":{"line":132,"column":4},"end":{"line":132,"column":13}},"loc":{"start":{"line":132,"column":19},"end":{"line":138,"column":null}}},"20":{"name":"(anonymous_20)","decl":{"start":{"line":139,"column":4},"end":{"line":139,"column":13}},"loc":{"start":{"line":139,"column":19},"end":{"line":145,"column":null}}},"21":{"name":"(anonymous_21)","decl":{"start":{"line":146,"column":4},"end":{"line":146,"column":12}},"loc":{"start":{"line":146,"column":18},"end":{"line":148,"column":null}}},"22":{"name":"(anonymous_22)","decl":{"start":{"line":149,"column":4},"end":{"line":149,"column":11}},"loc":{"start":{"line":149,"column":17},"end":{"line":151,"column":null}}},"23":{"name":"(anonymous_23)","decl":{"start":{"line":152,"column":4},"end":{"line":152,"column":20}},"loc":{"start":{"line":152,"column":26},"end":{"line":154,"column":null}}},"24":{"name":"(anonymous_24)","decl":{"start":{"line":155,"column":4},"end":{"line":155,"column":12}},"loc":{"start":{"line":155,"column":18},"end":{"line":157,"column":null}}},"25":{"name":"(anonymous_25)","decl":{"start":{"line":158,"column":4},"end":{"line":158,"column":19}},"loc":{"start":{"line":158,"column":25},"end":{"line":160,"column":null}}},"26":{"name":"(anonymous_26)","decl":{"start":{"line":161,"column":4},"end":{"line":161,"column":14}},"loc":{"start":{"line":161,"column":20},"end":{"line":163,"column":null}}}},"branchMap":{"0":{"loc":{"start":{"line":130,"column":13},"end":{"line":130,"column":30}},"type":"binary-expr","locations":[{"start":{"line":130,"column":13},"end":{"line":130,"column":30}},{"start":{"line":130,"column":30},"end":{"line":130,"column":53}},{"start":{"line":130,"column":53},"end":{"line":130,"column":null}}]},"1":{"loc":{"start":{"line":134,"column":8},"end":{"line":134,"column":null}},"type":"binary-expr","locations":[{"start":{"line":134,"column":8},"end":{"line":134,"column":null}},{"start":{"line":135,"column":8},"end":{"line":135,"column":null}},{"start":{"line":136,"column":9},"end":{"line":136,"column":41}},{"start":{"line":136,"column":41},"end":{"line":136,"column":null}}]},"2":{"loc":{"start":{"line":141,"column":8},"end":{"line":141,"column":null}},"type":"binary-expr","locations":[{"start":{"line":141,"column":8},"end":{"line":141,"column":null}},{"start":{"line":142,"column":8},"end":{"line":142,"column":null}},{"start":{"line":143,"column":9},"end":{"line":143,"column":41}},{"start":{"line":143,"column":41},"end":{"line":143,"column":null}}]}},"s":{"0":2,"1":2,"2":2,"3":2,"4":2,"5":2,"6":2,"7":0,"8":0,"9":0,"10":0,"11":0,"12":0,"13":0,"14":0,"15":0,"16":0,"17":0,"18":0,"19":0,"20":0,"21":0,"22":0,"23":0,"24":0,"25":0,"26":0,"27":0,"28":0,"29":0,"30":0,"31":0,"32":0,"33":0,"34":0,"35":0,"36":0,"37":0,"38":0,"39":0,"40":0,"41":0,"42":0,"43":0,"44":0,"45":0,"46":0,"47":0,"48":1,"49":0,"50":1,"51":0,"52":0,"53":0},"f":{"0":0,"1":0,"2":0,"3":0,"4":0,"5":0,"6":0,"7":0,"8":0,"9":0,"10":0,"11":0,"12":0,"13":0,"14":0,"15":0,"16":0,"17":0,"18":0,"19":0,"20":0,"21":1,"22":0,"23":1,"24":0,"25":0,"26":0},"b":{"0":[0,0,0],"1":[0,0,0,0],"2":[0,0,0,0]}}
,"/home/pedro/as-tutor/frontend/src/components/AnimatedNumber.vue": {"path":"/home/pedro/as-tutor/frontend/src/components/AnimatedNumber.vue","statementMap":{"0":{"start":{"line":6,"column":0},"end":{"line":6,"column":null}},"1":{"start":{"line":9,"column":0},"end":{"line":9,"column":null}},"2":{"start":{"line":11,"column":0},"end":{"line":11,"column":null}},"3":{"start":{"line":12,"column":0},"end":{"line":12,"column":null}},"4":{"start":{"line":15,"column":0},"end":{"line":15,"column":null}},"5":{"start":{"line":20,"column":0},"end":{"line":20,"column":null}},"6":{"start":{"line":21,"column":0},"end":{"line":23,"column":null}},"7":{"start":{"line":22,"column":0},"end":{"line":22,"column":null}},"8":{"start":{"line":24,"column":0},"end":{"line":30,"column":null}},"9":{"start":{"line":25,"column":0},"end":{"line":29,"column":null}},"10":{"start":{"line":26,"column":0},"end":{"line":26,"column":null}},"11":{"start":{"line":27,"column":0},"end":{"line":27,"column":null}},"12":{"start":{"line":28,"column":0},"end":{"line":28,"column":null}},"13":{"start":{"line":10,"column":0},"end":{"line":10,"column":null}},"14":{"start":{"line":19,"column":0},"end":{"line":19,"column":null}}},"fnMap":{"0":{"name":"(anonymous_1)","decl":{"start":{"line":8,"column":0},"end":{"line":8,"column":null}},"loc":{"start":{"line":8,"column":0},"end":{"line":32,"column":null}}},"1":{"name":"(anonymous_2)","decl":{"start":{"line":14,"column":0},"end":{"line":14,"column":null}},"loc":{"start":{"line":14,"column":0},"end":{"line":16,"column":null}}},"2":{"name":"(anonymous_3)","decl":{"start":{"line":19,"column":0},"end":{"line":19,"column":null}},"loc":{"start":{"line":19,"column":0},"end":{"line":31,"column":null}}},"3":{"name":"(anonymous_4)","decl":{"start":{"line":24,"column":0},"end":{"line":24,"column":null}},"loc":{"start":{"line":24,"column":0},"end":{"line":30,"column":null}}}},"branchMap":{"0":{"loc":{"start":{"line":21,"column":0},"end":{"line":23,"column":null}},"type":"if","locations":[{"start":{"line":21,"column":0},"end":{"line":23,"column":null}},{"start":{"line":21,"column":0},"end":{"line":23,"column":null}}]},"1":{"loc":{"start":{"line":25,"column":0},"end":{"line":29,"column":null}},"type":"if","locations":[{"start":{"line":25,"column":0},"end":{"line":29,"column":null}},{"start":{"line":25,"column":0},"end":{"line":29,"column":null}}]},"2":{"loc":{"start":{"line":27,"column":0},"end":{"line":27,"column":null}},"type":"cond-expr","locations":[{"start":{"line":27,"column":0},"end":{"line":27,"column":null}},{"start":{"line":27,"column":0},"end":{"line":27,"column":null}}]}},"s":{"0":1,"1":2,"2":0,"3":0,"4":0,"5":0,"6":0,"7":0,"8":0,"9":0,"10":0,"11":0,"12":0,"13":1,"14":1},"f":{"0":0,"1":0,"2":0,"3":0},"b":{"0":[0,0],"1":[0,0],"2":[0,0]}}
,"/home/pedro/as-tutor/frontend/src/components/HelloWorld.vue": {"path":"/home/pedro/as-tutor/frontend/src/components/HelloWorld.vue","statementMap":{"0":{"start":{"line":138,"column":0},"end":{"line":138,"column":null}},"1":{"start":{"line":141,"column":0},"end":{"line":141,"column":null}},"2":{"start":{"line":142,"column":0},"end":{"line":142,"column":null}}},"fnMap":{},"branchMap":{},"s":{"0":1,"1":2,"2":1},"f":{},"b":{}}
,"/home/pedro/as-tutor/frontend/src/models/management/Assessment.ts": {"path":"/home/pedro/as-tutor/frontend/src/models/management/Assessment.ts","statementMap":{"0":{"start":{"line":1,"column":0},"end":{"line":1,"column":null}},"1":{"start":{"line":4,"column":2},"end":{"line":4,"column":22}},"2":{"start":{"line":5,"column":2},"end":{"line":5,"column":18}},"3":{"start":{"line":6,"column":2},"end":{"line":6,"column":19}},"4":{"start":{"line":7,"column":2},"end":{"line":7,"column":42}},"5":{"start":{"line":10,"column":4},"end":{"line":19,"column":null}},"6":{"start":{"line":11,"column":6},"end":{"line":11,"column":11}},"7":{"start":{"line":12,"column":6},"end":{"line":12,"column":11}},"8":{"start":{"line":13,"column":6},"end":{"line":13,"column":11}},"9":{"start":{"line":14,"column":6},"end":{"line":14,"column":11}},"10":{"start":{"line":16,"column":10},"end":{"line":16,"column":17}}},"fnMap":{"0":{"name":"(anonymous_0)","decl":{"start":{"line":9,"column":2},"end":{"line":9,"column":14}},"loc":{"start":{"line":9,"column":34},"end":{"line":20,"column":null}}},"1":{"name":"(anonymous_1)","decl":{"start":{"line":15,"column":9},"end":{"line":15,"column":51}},"loc":{"start":{"line":15,"column":51},"end":{"line":17,"column":null}}}},"branchMap":{"0":{"loc":{"start":{"line":10,"column":4},"end":{"line":19,"column":null}},"type":"if","locations":[{"start":{"line":10,"column":4},"end":{"line":19,"column":null}},{"start":{"line":10,"column":4},"end":{"line":19,"column":null}}]}},"s":{"0":2,"1":0,"2":0,"3":0,"4":0,"5":0,"6":0,"7":0,"8":0,"9":0,"10":0},"f":{"0":0,"1":0},"b":{"0":[0,0]}}
,"/home/pedro/as-tutor/frontend/src/models/management/Option.ts": {"path":"/home/pedro/as-tutor/frontend/src/models/management/Option.ts","statementMap":{"0":{"start":{"line":2,"column":2},"end":{"line":2,"column":22}},"1":{"start":{"line":4,"column":2},"end":{"line":4,"column":20}},"2":{"start":{"line":5,"column":2},"end":{"line":5,"column":21}},"3":{"start":{"line":8,"column":4},"end":{"line":13,"column":null}},"4":{"start":{"line":9,"column":6},"end":{"line":9,"column":11}},"5":{"start":{"line":10,"column":6},"end":{"line":10,"column":11}},"6":{"start":{"line":11,"column":6},"end":{"line":11,"column":11}},"7":{"start":{"line":12,"column":6},"end":{"line":12,"column":11}}},"fnMap":{"0":{"name":"(anonymous_0)","decl":{"start":{"line":7,"column":2},"end":{"line":7,"column":14}},"loc":{"start":{"line":7,"column":30},"end":{"line":14,"column":null}}}},"branchMap":{"0":{"loc":{"start":{"line":8,"column":4},"end":{"line":13,"column":null}},"type":"if","locations":[{"start":{"line":8,"column":4},"end":{"line":13,"column":null}},{"start":{"line":8,"column":4},"end":{"line":13,"column":null}}]}},"s":{"0":0,"1":0,"2":0,"3":0,"4":0,"5":0,"6":0,"7":0},"f":{"0":0},"b":{"0":[0,0]}}
,"/home/pedro/as-tutor/frontend/src/models/management/Question.ts": {"path":"/home/pedro/as-tutor/frontend/src/models/management/Question.ts","statementMap":{"0":{"start":{"line":1,"column":0},"end":{"line":1,"column":null}},"1":{"start":{"line":3,"column":0},"end":{"line":3,"column":null}},"2":{"start":{"line":6,"column":2},"end":{"line":6,"column":22}},"3":{"start":{"line":7,"column":2},"end":{"line":7,"column":18}},"4":{"start":{"line":8,"column":2},"end":{"line":8,"column":19}},"5":{"start":{"line":11,"column":2},"end":{"line":11,"column":20}},"6":{"start":{"line":13,"column":2},"end":{"line":13,"column":24}},"7":{"start":{"line":14,"column":2},"end":{"line":14,"column":28}},"8":{"start":{"line":16,"column":2},"end":{"line":16,"column":22}},"9":{"start":{"line":17,"column":2},"end":{"line":17,"column":20}},"10":{"start":{"line":20,"column":4},"end":{"line":37,"column":null}},"11":{"start":{"line":21,"column":6},"end":{"line":21,"column":11}},"12":{"start":{"line":22,"column":6},"end":{"line":22,"column":11}},"13":{"start":{"line":23,"column":6},"end":{"line":23,"column":11}},"14":{"start":{"line":24,"column":6},"end":{"line":24,"column":11}},"15":{"start":{"line":25,"column":6},"end":{"line":25,"column":11}},"16":{"start":{"line":26,"column":6},"end":{"line":26,"column":11}},"17":{"start":{"line":27,"column":6},"end":{"line":27,"column":11}},"18":{"start":{"line":29,"column":6},"end":{"line":29,"column":11}},"19":{"start":{"line":30,"column":28},"end":{"line":30,"column":32}},"20":{"start":{"line":33,"column":6},"end":{"line":33,"column":11}},"21":{"start":{"line":33,"column":57},"end":{"line":33,"column":61}},"22":{"start":{"line":35,"column":6},"end":{"line":36,"column":13}},"23":{"start":{"line":36,"column":8},"end":{"line":36,"column":13}},"24":{"start":{"line":41,"column":4},"end":{"line":43,"column":null}},"25":{"start":{"line":42,"column":6},"end":{"line":42,"column":13}},"26":{"start":{"line":44,"column":4},"end":{"line":44,"column":11}},"27":{"start":{"line":48,"column":4},"end":{"line":50,"column":null}},"28":{"start":{"line":49,"column":6},"end":{"line":49,"column":14}},"29":{"start":{"line":51,"column":4},"end":{"line":51,"column":11}}},"fnMap":{"0":{"name":"(anonymous_0)","decl":{"start":{"line":19,"column":2},"end":{"line":19,"column":14}},"loc":{"start":{"line":19,"column":32},"end":{"line":38,"column":null}}},"1":{"name":"(anonymous_1)","decl":{"start":{"line":30,"column":9},"end":{"line":30,"column":28}},"loc":{"start":{"line":30,"column":28},"end":{"line":30,"column":32}}},"2":{"name":"(anonymous_2)","decl":{"start":{"line":33,"column":40},"end":{"line":33,"column":57}},"loc":{"start":{"line":33,"column":57},"end":{"line":33,"column":61}}},"3":{"name":"(anonymous_3)","decl":{"start":{"line":40,"column":2},"end":{"line":40,"column":6}},"loc":{"start":{"line":40,"column":24},"end":{"line":45,"column":null}}},"4":{"name":"(anonymous_4)","decl":{"start":{"line":47,"column":2},"end":{"line":47,"column":6}},"loc":{"start":{"line":47,"column":25},"end":{"line":52,"column":null}}}},"branchMap":{"0":{"loc":{"start":{"line":20,"column":4},"end":{"line":37,"column":null}},"type":"if","locations":[{"start":{"line":20,"column":4},"end":{"line":37,"column":null}},{"start":{"line":20,"column":4},"end":{"line":37,"column":null}}]},"1":{"loc":{"start":{"line":35,"column":6},"end":{"line":36,"column":13}},"type":"if","locations":[{"start":{"line":35,"column":6},"end":{"line":36,"column":13}},{"start":{"line":35,"column":6},"end":{"line":36,"column":13}}]},"2":{"loc":{"start":{"line":41,"column":4},"end":{"line":43,"column":null}},"type":"if","locations":[{"start":{"line":41,"column":4},"end":{"line":43,"column":null}},{"start":{"line":41,"column":4},"end":{"line":43,"column":null}}]},"3":{"loc":{"start":{"line":48,"column":4},"end":{"line":50,"column":null}},"type":"if","locations":[{"start":{"line":48,"column":4},"end":{"line":50,"column":null}},{"start":{"line":48,"column":4},"end":{"line":50,"column":null}}]}},"s":{"0":2,"1":2,"2":0,"3":0,"4":0,"5":0,"6":0,"7":0,"8":0,"9":0,"10":0,"11":0,"12":0,"13":0,"14":0,"15":0,"16":0,"17":0,"18":0,"19":0,"20":0,"21":0,"22":0,"23":0,"24":0,"25":0,"26":0,"27":0,"28":0,"29":0},"f":{"0":0,"1":0,"2":0,"3":0,"4":0},"b":{"0":[0,0],"1":[0,0],"2":[0,0],"3":[0,0]}}
,"/home/pedro/as-tutor/frontend/src/models/management/Quiz.ts": {"path":"/home/pedro/as-tutor/frontend/src/models/management/Quiz.ts","statementMap":{"0":{"start":{"line":1,"column":0},"end":{"line":1,"column":null}},"1":{"start":{"line":19,"column":2},"end":{"line":19,"column":26}},"2":{"start":{"line":22,"column":4},"end":{"line":50,"column":null}},"3":{"start":{"line":23,"column":6},"end":{"line":23,"column":11}},"4":{"start":{"line":24,"column":6},"end":{"line":24,"column":11}},"5":{"start":{"line":25,"column":6},"end":{"line":25,"column":11}},"6":{"start":{"line":26,"column":6},"end":{"line":26,"column":11}},"7":{"start":{"line":27,"column":6},"end":{"line":27,"column":11}},"8":{"start":{"line":28,"column":6},"end":{"line":28,"column":11}},"9":{"start":{"line":29,"column":6},"end":{"line":29,"column":11}},"10":{"start":{"line":30,"column":6},"end":{"line":30,"column":11}},"11":{"start":{"line":31,"column":6},"end":{"line":31,"column":11}},"12":{"start":{"line":32,"column":6},"end":{"line":32,"column":11}},"13":{"start":{"line":34,"column":6},"end":{"line":34,"column":29}},"14":{"start":{"line":34,"column":24},"end":{"line":34,"column":29}},"15":{"start":{"line":36,"column":6},"end":{"line":37,"column":13}},"16":{"start":{"line":37,"column":8},"end":{"line":37,"column":13}},"17":{"start":{"line":39,"column":6},"end":{"line":40,"column":13}},"18":{"start":{"line":40,"column":8},"end":{"line":40,"column":13}},"19":{"start":{"line":42,"column":6},"end":{"line":43,"column":13}},"20":{"start":{"line":43,"column":8},"end":{"line":43,"column":13}},"21":{"start":{"line":45,"column":6},"end":{"line":49,"column":null}},"22":{"start":{"line":46,"column":8},"end":{"line":46,"column":13}},"23":{"start":{"line":47,"column":34},"end":{"line":47,"column":38}},"24":{"start":{"line":54,"column":4},"end":{"line":56,"column":null}},"25":{"start":{"line":55,"column":6},"end":{"line":55,"column":13}},"26":{"start":{"line":57,"column":4},"end":{"line":57,"column":11}},"27":{"start":{"line":61,"column":4},"end":{"line":63,"column":null}},"28":{"start":{"line":62,"column":6},"end":{"line":62,"column":13}},"29":{"start":{"line":64,"column":4},"end":{"line":64,"column":11}},"30":{"start":{"line":68,"column":4},"end":{"line":70,"column":null}},"31":{"start":{"line":69,"column":6},"end":{"line":69,"column":13}},"32":{"start":{"line":71,"column":4},"end":{"line":71,"column":11}},"33":{"start":{"line":75,"column":4},"end":{"line":77,"column":null}},"34":{"start":{"line":76,"column":6},"end":{"line":76,"column":13}},"35":{"start":{"line":78,"column":4},"end":{"line":78,"column":11}},"36":{"start":{"line":82,"column":4},"end":{"line":84,"column":null}},"37":{"start":{"line":83,"column":6},"end":{"line":83,"column":14}},"38":{"start":{"line":85,"column":4},"end":{"line":85,"column":11}},"39":{"start":{"line":89,"column":4},"end":{"line":91,"column":null}},"40":{"start":{"line":90,"column":6},"end":{"line":90,"column":14}},"41":{"start":{"line":92,"column":4},"end":{"line":92,"column":11}},"42":{"start":{"line":96,"column":4},"end":{"line":98,"column":null}},"43":{"start":{"line":97,"column":6},"end":{"line":97,"column":14}},"44":{"start":{"line":99,"column":4},"end":{"line":99,"column":11}},"45":{"start":{"line":103,"column":4},"end":{"line":105,"column":null}},"46":{"start":{"line":104,"column":6},"end":{"line":104,"column":14}},"47":{"start":{"line":106,"column":4},"end":{"line":106,"column":11}}},"fnMap":{"0":{"name":"(anonymous_0)","decl":{"start":{"line":21,"column":2},"end":{"line":21,"column":14}},"loc":{"start":{"line":21,"column":28},"end":{"line":51,"column":null}}},"1":{"name":"(anonymous_1)","decl":{"start":{"line":47,"column":11},"end":{"line":47,"column":34}},"loc":{"start":{"line":47,"column":34},"end":{"line":47,"column":38}}},"2":{"name":"(anonymous_2)","decl":{"start":{"line":53,"column":2},"end":{"line":53,"column":6}},"loc":{"start":{"line":53,"column":16},"end":{"line":58,"column":null}}},"3":{"name":"(anonymous_3)","decl":{"start":{"line":60,"column":2},"end":{"line":60,"column":6}},"loc":{"start":{"line":60,"column":24},"end":{"line":65,"column":null}}},"4":{"name":"(anonymous_4)","decl":{"start":{"line":67,"column":2},"end":{"line":67,"column":6}},"loc":{"start":{"line":67,"column":25},"end":{"line":72,"column":null}}},"5":{"name":"(anonymous_5)","decl":{"start":{"line":74,"column":2},"end":{"line":74,"column":6}},"loc":{"start":{"line":74,"column":26},"end":{"line":79,"column":null}}},"6":{"name":"(anonymous_6)","decl":{"start":{"line":81,"column":2},"end":{"line":81,"column":6}},"loc":{"start":{"line":81,"column":18},"end":{"line":86,"column":null}}},"7":{"name":"(anonymous_7)","decl":{"start":{"line":88,"column":2},"end":{"line":88,"column":6}},"loc":{"start":{"line":88,"column":25},"end":{"line":93,"column":null}}},"8":{"name":"(anonymous_8)","decl":{"start":{"line":95,"column":2},"end":{"line":95,"column":6}},"loc":{"start":{"line":95,"column":26},"end":{"line":100,"column":null}}},"9":{"name":"(anonymous_9)","decl":{"start":{"line":102,"column":2},"end":{"line":102,"column":6}},"loc":{"start":{"line":102,"column":27},"end":{"line":107,"column":null}}}},"branchMap":{"0":{"loc":{"start":{"line":22,"column":4},"end":{"line":50,"column":null}},"type":"if","locations":[{"start":{"line":22,"column":4},"end":{"line":50,"column":null}},{"start":{"line":22,"column":4},"end":{"line":50,"column":null}}]},"1":{"loc":{"start":{"line":34,"column":6},"end":{"line":34,"column":29}},"type":"if","locations":[{"start":{"line":34,"column":6},"end":{"line":34,"column":29}},{"start":{"line":34,"column":6},"end":{"line":34,"column":29}}]},"2":{"loc":{"start":{"line":36,"column":6},"end":{"line":37,"column":13}},"type":"if","locations":[{"start":{"line":36,"column":6},"end":{"line":37,"column":13}},{"start":{"line":36,"column":6},"end":{"line":37,"column":13}}]},"3":{"loc":{"start":{"line":39,"column":6},"end":{"line":40,"column":13}},"type":"if","locations":[{"start":{"line":39,"column":6},"end":{"line":40,"column":13}},{"start":{"line":39,"column":6},"end":{"line":40,"column":13}}]},"4":{"loc":{"start":{"line":42,"column":6},"end":{"line":43,"column":13}},"type":"if","locations":[{"start":{"line":42,"column":6},"end":{"line":43,"column":13}},{"start":{"line":42,"column":6},"end":{"line":43,"column":13}}]},"5":{"loc":{"start":{"line":45,"column":6},"end":{"line":49,"column":null}},"type":"if","locations":[{"start":{"line":45,"column":6},"end":{"line":49,"column":null}},{"start":{"line":45,"column":6},"end":{"line":49,"column":null}}]},"6":{"loc":{"start":{"line":54,"column":4},"end":{"line":56,"column":null}},"type":"if","locations":[{"start":{"line":54,"column":4},"end":{"line":56,"column":null}},{"start":{"line":54,"column":4},"end":{"line":56,"column":null}}]},"7":{"loc":{"start":{"line":61,"column":4},"end":{"line":63,"column":null}},"type":"if","locations":[{"start":{"line":61,"column":4},"end":{"line":63,"column":null}},{"start":{"line":61,"column":4},"end":{"line":63,"column":null}}]},"8":{"loc":{"start":{"line":68,"column":4},"end":{"line":70,"column":null}},"type":"if","locations":[{"start":{"line":68,"column":4},"end":{"line":70,"column":null}},{"start":{"line":68,"column":4},"end":{"line":70,"column":null}}]},"9":{"loc":{"start":{"line":75,"column":4},"end":{"line":77,"column":null}},"type":"if","locations":[{"start":{"line":75,"column":4},"end":{"line":77,"column":null}},{"start":{"line":75,"column":4},"end":{"line":77,"column":null}}]},"10":{"loc":{"start":{"line":82,"column":4},"end":{"line":84,"column":null}},"type":"if","locations":[{"start":{"line":82,"column":4},"end":{"line":84,"column":null}},{"start":{"line":82,"column":4},"end":{"line":84,"column":null}}]},"11":{"loc":{"start":{"line":89,"column":4},"end":{"line":91,"column":null}},"type":"if","locations":[{"start":{"line":89,"column":4},"end":{"line":91,"column":null}},{"start":{"line":89,"column":4},"end":{"line":91,"column":null}}]},"12":{"loc":{"start":{"line":96,"column":4},"end":{"line":98,"column":null}},"type":"if","locations":[{"start":{"line":96,"column":4},"end":{"line":98,"column":null}},{"start":{"line":96,"column":4},"end":{"line":98,"column":null}}]},"13":{"loc":{"start":{"line":103,"column":4},"end":{"line":105,"column":null}},"type":"if","locations":[{"start":{"line":103,"column":4},"end":{"line":105,"column":null}},{"start":{"line":103,"column":4},"end":{"line":105,"column":null}}]}},"s":{"0":2,"1":0,"2":0,"3":0,"4":0,"5":0,"6":0,"7":0,"8":0,"9":0,"10":0,"11":0,"12":0,"13":0,"14":0,"15":0,"16":0,"17":0,"18":0,"19":0,"20":0,"21":0,"22":0,"23":0,"24":0,"25":0,"26":0,"27":0,"28":0,"29":0,"30":0,"31":0,"32":0,"33":0,"34":0,"35":0,"36":0,"37":0,"38":0,"39":0,"40":0,"41":0,"42":0,"43":0,"44":0,"45":0,"46":0,"47":0},"f":{"0":0,"1":0,"2":0,"3":0,"4":0,"5":0,"6":0,"7":0,"8":0,"9":0},"b":{"0":[0,0],"1":[0,0],"2":[0,0],"3":[0,0],"4":[0,0],"5":[0,0],"6":[0,0],"7":[0,0],"8":[0,0],"9":[0,0],"10":[0,0],"11":[0,0],"12":[0,0],"13":[0,0]}}
,"/home/pedro/as-tutor/frontend/src/models/management/Student.ts": {"path":"/home/pedro/as-tutor/frontend/src/models/management/Student.ts","statementMap":{"0":{"start":{"line":3,"column":2},"end":{"line":3,"column":28}},"1":{"start":{"line":4,"column":2},"end":{"line":4,"column":24}},"2":{"start":{"line":14,"column":4},"end":{"line":26,"column":null}},"3":{"start":{"line":15,"column":6},"end":{"line":15,"column":11}},"4":{"start":{"line":16,"column":6},"end":{"line":16,"column":11}},"5":{"start":{"line":17,"column":6},"end":{"line":17,"column":11}},"6":{"start":{"line":18,"column":6},"end":{"line":18,"column":11}},"7":{"start":{"line":19,"column":6},"end":{"line":19,"column":11}},"8":{"start":{"line":20,"column":6},"end":{"line":20,"column":11}},"9":{"start":{"line":21,"column":6},"end":{"line":21,"column":11}},"10":{"start":{"line":22,"column":6},"end":{"line":22,"column":11}},"11":{"start":{"line":23,"column":6},"end":{"line":23,"column":11}},"12":{"start":{"line":24,"column":6},"end":{"line":24,"column":11}}},"fnMap":{"0":{"name":"(anonymous_0)","decl":{"start":{"line":13,"column":2},"end":{"line":13,"column":14}},"loc":{"start":{"line":13,"column":31},"end":{"line":27,"column":null}}}},"branchMap":{"0":{"loc":{"start":{"line":14,"column":4},"end":{"line":26,"column":null}},"type":"if","locations":[{"start":{"line":14,"column":4},"end":{"line":26,"column":null}},{"start":{"line":14,"column":4},"end":{"line":26,"column":null}}]}},"s":{"0":0,"1":0,"2":0,"3":0,"4":0,"5":0,"6":0,"7":0,"8":0,"9":0,"10":0,"11":0,"12":0},"f":{"0":0},"b":{"0":[0,0]}}
,"/home/pedro/as-tutor/frontend/src/models/management/Topic.ts": {"path":"/home/pedro/as-tutor/frontend/src/models/management/Topic.ts","statementMap":{"0":{"start":{"line":4,"column":2},"end":{"line":4,"column":31}},"1":{"start":{"line":8,"column":4},"end":{"line":13,"column":null}},"2":{"start":{"line":9,"column":6},"end":{"line":9,"column":11}},"3":{"start":{"line":10,"column":6},"end":{"line":10,"column":11}},"4":{"start":{"line":11,"column":6},"end":{"line":11,"column":11}},"5":{"start":{"line":12,"column":6},"end":{"line":12,"column":11}}},"fnMap":{"0":{"name":"(anonymous_0)","decl":{"start":{"line":7,"column":2},"end":{"line":7,"column":14}},"loc":{"start":{"line":7,"column":29},"end":{"line":14,"column":null}}}},"branchMap":{"0":{"loc":{"start":{"line":8,"column":4},"end":{"line":13,"column":null}},"type":"if","locations":[{"start":{"line":8,"column":4},"end":{"line":13,"column":null}},{"start":{"line":8,"column":4},"end":{"line":13,"column":null}}]}},"s":{"0":0,"1":0,"2":0,"3":0,"4":0,"5":0},"f":{"0":0},"b":{"0":[0,0]}}
,"/home/pedro/as-tutor/frontend/src/models/management/TopicConjunction.ts": {"path":"/home/pedro/as-tutor/frontend/src/models/management/TopicConjunction.ts","statementMap":{"0":{"start":{"line":1,"column":0},"end":{"line":1,"column":null}},"1":{"start":{"line":7,"column":2},"end":{"line":7,"column":20}},"2":{"start":{"line":10,"column":4},"end":{"line":15,"column":null}},"3":{"start":{"line":11,"column":6},"end":{"line":11,"column":11}},"4":{"start":{"line":12,"column":6},"end":{"line":12,"column":11}},"5":{"start":{"line":13,"column":8},"end":{"line":13,"column":15}},"6":{"start":{"line":16,"column":4},"end":{"line":16,"column":9}},"7":{"start":{"line":4,"column":9},"end":{"line":4,"column":23}}},"fnMap":{"0":{"name":"(anonymous_0)","decl":{"start":{"line":9,"column":2},"end":{"line":9,"column":14}},"loc":{"start":{"line":9,"column":40},"end":{"line":17,"column":null}}},"1":{"name":"(anonymous_1)","decl":{"start":{"line":12,"column":40},"end":{"line":12,"column":59}},"loc":{"start":{"line":12,"column":59},"end":{"line":14,"column":null}}}},"branchMap":{"0":{"loc":{"start":{"line":10,"column":4},"end":{"line":15,"column":null}},"type":"if","locations":[{"start":{"line":10,"column":4},"end":{"line":15,"column":null}},{"start":{"line":10,"column":4},"end":{"line":15,"column":null}}]}},"s":{"0":2,"1":0,"2":0,"3":0,"4":0,"5":0,"6":0,"7":2},"f":{"0":0,"1":0},"b":{"0":[0,0]}}
,"/home/pedro/as-tutor/frontend/src/models/statement/SolvedQuiz.ts": {"path":"/home/pedro/as-tutor/frontend/src/models/statement/SolvedQuiz.ts","statementMap":{"0":{"start":{"line":1,"column":0},"end":{"line":1,"column":null}},"1":{"start":{"line":2,"column":0},"end":{"line":2,"column":null}},"2":{"start":{"line":3,"column":0},"end":{"line":3,"column":null}},"3":{"start":{"line":8,"column":2},"end":{"line":8,"column":31}},"4":{"start":{"line":9,"column":2},"end":{"line":9,"column":45}},"5":{"start":{"line":12,"column":4},"end":{"line":23,"column":null}},"6":{"start":{"line":13,"column":6},"end":{"line":13,"column":11}},"7":{"start":{"line":14,"column":6},"end":{"line":14,"column":11}},"8":{"start":{"line":16,"column":6},"end":{"line":16,"column":11}},"9":{"start":{"line":17,"column":8},"end":{"line":17,"column":15}},"10":{"start":{"line":20,"column":6},"end":{"line":20,"column":11}},"11":{"start":{"line":21,"column":8},"end":{"line":21,"column":15}}},"fnMap":{"0":{"name":"(anonymous_0)","decl":{"start":{"line":11,"column":2},"end":{"line":11,"column":14}},"loc":{"start":{"line":11,"column":34},"end":{"line":24,"column":null}}},"1":{"name":"(anonymous_1)","decl":{"start":{"line":16,"column":41},"end":{"line":16,"column":47}},"loc":{"start":{"line":16,"column":50},"end":{"line":18,"column":null}}},"2":{"name":"(anonymous_2)","decl":{"start":{"line":20,"column":55},"end":{"line":20,"column":68}},"loc":{"start":{"line":20,"column":71},"end":{"line":22,"column":null}}}},"branchMap":{"0":{"loc":{"start":{"line":12,"column":4},"end":{"line":23,"column":null}},"type":"if","locations":[{"start":{"line":12,"column":4},"end":{"line":23,"column":null}},{"start":{"line":12,"column":4},"end":{"line":23,"column":null}}]}},"s":{"0":2,"1":2,"2":2,"3":0,"4":0,"5":0,"6":0,"7":0,"8":0,"9":0,"10":0,"11":0},"f":{"0":0,"1":0,"2":0},"b":{"0":[0,0]}}
,"/home/pedro/as-tutor/frontend/src/models/statement/StatementAnswer.ts": {"path":"/home/pedro/as-tutor/frontend/src/models/statement/StatementAnswer.ts","statementMap":{"0":{"start":{"line":3,"column":9},"end":{"line":3,"column":35}},"1":{"start":{"line":4,"column":9},"end":{"line":4,"column":29}},"2":{"start":{"line":7,"column":4},"end":{"line":11,"column":null}},"3":{"start":{"line":8,"column":6},"end":{"line":8,"column":11}},"4":{"start":{"line":9,"column":6},"end":{"line":9,"column":11}},"5":{"start":{"line":10,"column":6},"end":{"line":10,"column":11}}},"fnMap":{"0":{"name":"(anonymous_0)","decl":{"start":{"line":6,"column":2},"end":{"line":6,"column":14}},"loc":{"start":{"line":6,"column":39},"end":{"line":12,"column":null}}}},"branchMap":{"0":{"loc":{"start":{"line":7,"column":4},"end":{"line":11,"column":null}},"type":"if","locations":[{"start":{"line":7,"column":4},"end":{"line":11,"column":null}},{"start":{"line":7,"column":4},"end":{"line":11,"column":null}}]}},"s":{"0":0,"1":0,"2":0,"3":0,"4":0,"5":0},"f":{"0":0},"b":{"0":[0,0]}}
,"/home/pedro/as-tutor/frontend/src/models/statement/StatementCorrectAnswer.ts": {"path":"/home/pedro/as-tutor/frontend/src/models/statement/StatementCorrectAnswer.ts","statementMap":{"0":{"start":{"line":6,"column":4},"end":{"line":9,"column":null}},"1":{"start":{"line":7,"column":6},"end":{"line":7,"column":11}},"2":{"start":{"line":8,"column":6},"end":{"line":8,"column":11}}},"fnMap":{"0":{"name":"(anonymous_0)","decl":{"start":{"line":5,"column":2},"end":{"line":5,"column":14}},"loc":{"start":{"line":5,"column":46},"end":{"line":10,"column":null}}}},"branchMap":{"0":{"loc":{"start":{"line":6,"column":4},"end":{"line":9,"column":null}},"type":"if","locations":[{"start":{"line":6,"column":4},"end":{"line":9,"column":null}},{"start":{"line":6,"column":4},"end":{"line":9,"column":null}}]}},"s":{"0":0,"1":0,"2":0},"f":{"0":0},"b":{"0":[0,0]}}
,"/home/pedro/as-tutor/frontend/src/models/statement/StatementOption.ts": {"path":"/home/pedro/as-tutor/frontend/src/models/statement/StatementOption.ts","statementMap":{"0":{"start":{"line":6,"column":4},"end":{"line":9,"column":null}},"1":{"start":{"line":7,"column":6},"end":{"line":7,"column":11}},"2":{"start":{"line":8,"column":6},"end":{"line":8,"column":11}}},"fnMap":{"0":{"name":"(anonymous_0)","decl":{"start":{"line":5,"column":2},"end":{"line":5,"column":14}},"loc":{"start":{"line":5,"column":39},"end":{"line":10,"column":null}}}},"branchMap":{"0":{"loc":{"start":{"line":6,"column":4},"end":{"line":9,"column":null}},"type":"if","locations":[{"start":{"line":6,"column":4},"end":{"line":9,"column":null}},{"start":{"line":6,"column":4},"end":{"line":9,"column":null}}]}},"s":{"0":0,"1":0,"2":0},"f":{"0":0},"b":{"0":[0,0]}}
,"/home/pedro/as-tutor/frontend/src/models/statement/StatementQuestion.ts": {"path":"/home/pedro/as-tutor/frontend/src/models/statement/StatementQuestion.ts","statementMap":{"0":{"start":{"line":1,"column":0},"end":{"line":1,"column":null}},"1":{"start":{"line":3,"column":0},"end":{"line":3,"column":null}},"2":{"start":{"line":8,"column":2},"end":{"line":8,"column":24}},"3":{"start":{"line":10,"column":2},"end":{"line":10,"column":31}},"4":{"start":{"line":13,"column":4},"end":{"line":25,"column":null}},"5":{"start":{"line":14,"column":6},"end":{"line":14,"column":11}},"6":{"start":{"line":15,"column":6},"end":{"line":15,"column":11}},"7":{"start":{"line":16,"column":6},"end":{"line":16,"column":11}},"8":{"start":{"line":18,"column":6},"end":{"line":24,"column":null}},"9":{"start":{"line":19,"column":8},"end":{"line":19,"column":13}},"10":{"start":{"line":21,"column":41},"end":{"line":21,"column":45}}},"fnMap":{"0":{"name":"(anonymous_0)","decl":{"start":{"line":12,"column":2},"end":{"line":12,"column":14}},"loc":{"start":{"line":12,"column":41},"end":{"line":26,"column":null}}},"1":{"name":"(anonymous_1)","decl":{"start":{"line":21,"column":13},"end":{"line":21,"column":41}},"loc":{"start":{"line":21,"column":41},"end":{"line":21,"column":45}}}},"branchMap":{"0":{"loc":{"start":{"line":13,"column":4},"end":{"line":25,"column":null}},"type":"if","locations":[{"start":{"line":13,"column":4},"end":{"line":25,"column":null}},{"start":{"line":13,"column":4},"end":{"line":25,"column":null}}]},"1":{"loc":{"start":{"line":18,"column":6},"end":{"line":24,"column":null}},"type":"if","locations":[{"start":{"line":18,"column":6},"end":{"line":24,"column":null}},{"start":{"line":18,"column":6},"end":{"line":24,"column":null}}]}},"s":{"0":2,"1":2,"2":0,"3":0,"4":0,"5":0,"6":0,"7":0,"8":0,"9":0,"10":0},"f":{"0":0,"1":0},"b":{"0":[0,0],"1":[0,0]}}
,"/home/pedro/as-tutor/frontend/src/models/statement/StatementQuiz.ts": {"path":"/home/pedro/as-tutor/frontend/src/models/statement/StatementQuiz.ts","statementMap":{"0":{"start":{"line":1,"column":0},"end":{"line":1,"column":null}},"1":{"start":{"line":8,"column":2},"end":{"line":8,"column":27}},"2":{"start":{"line":9,"column":2},"end":{"line":9,"column":35}},"3":{"start":{"line":12,"column":4},"end":{"line":24,"column":null}},"4":{"start":{"line":13,"column":6},"end":{"line":13,"column":11}},"5":{"start":{"line":14,"column":6},"end":{"line":14,"column":11}},"6":{"start":{"line":15,"column":6},"end":{"line":15,"column":11}},"7":{"start":{"line":16,"column":6},"end":{"line":16,"column":11}},"8":{"start":{"line":17,"column":6},"end":{"line":19,"column":null}},"9":{"start":{"line":18,"column":8},"end":{"line":18,"column":13}},"10":{"start":{"line":21,"column":6},"end":{"line":21,"column":11}},"11":{"start":{"line":22,"column":8},"end":{"line":22,"column":15}}},"fnMap":{"0":{"name":"(anonymous_0)","decl":{"start":{"line":11,"column":2},"end":{"line":11,"column":14}},"loc":{"start":{"line":11,"column":37},"end":{"line":25,"column":null}}},"1":{"name":"(anonymous_1)","decl":{"start":{"line":21,"column":45},"end":{"line":21,"column":53}},"loc":{"start":{"line":21,"column":56},"end":{"line":23,"column":null}}}},"branchMap":{"0":{"loc":{"start":{"line":12,"column":4},"end":{"line":24,"column":null}},"type":"if","locations":[{"start":{"line":12,"column":4},"end":{"line":24,"column":null}},{"start":{"line":12,"column":4},"end":{"line":24,"column":null}}]},"1":{"loc":{"start":{"line":17,"column":6},"end":{"line":19,"column":null}},"type":"if","locations":[{"start":{"line":17,"column":6},"end":{"line":19,"column":null}},{"start":{"line":17,"column":6},"end":{"line":19,"column":null}}]}},"s":{"0":2,"1":0,"2":0,"3":0,"4":0,"5":0,"6":0,"7":0,"8":0,"9":0,"10":0,"11":0},"f":{"0":0,"1":0},"b":{"0":[0,0],"1":[0,0]}}
,"/home/pedro/as-tutor/frontend/src/models/statement/StudentStats.ts": {"path":"/home/pedro/as-tutor/frontend/src/models/statement/StudentStats.ts","statementMap":{"0":{"start":{"line":13,"column":4},"end":{"line":22,"column":null}},"1":{"start":{"line":14,"column":6},"end":{"line":14,"column":11}},"2":{"start":{"line":15,"column":6},"end":{"line":15,"column":11}},"3":{"start":{"line":16,"column":6},"end":{"line":16,"column":11}},"4":{"start":{"line":17,"column":6},"end":{"line":17,"column":11}},"5":{"start":{"line":18,"column":6},"end":{"line":18,"column":11}},"6":{"start":{"line":19,"column":6},"end":{"line":19,"column":11}},"7":{"start":{"line":20,"column":6},"end":{"line":20,"column":11}},"8":{"start":{"line":21,"column":6},"end":{"line":21,"column":11}}},"fnMap":{"0":{"name":"(anonymous_0)","decl":{"start":{"line":12,"column":2},"end":{"line":12,"column":14}},"loc":{"start":{"line":12,"column":36},"end":{"line":23,"column":null}}}},"branchMap":{"0":{"loc":{"start":{"line":13,"column":4},"end":{"line":22,"column":null}},"type":"if","locations":[{"start":{"line":13,"column":4},"end":{"line":22,"column":null}},{"start":{"line":13,"column":4},"end":{"line":22,"column":null}}]}},"s":{"0":0,"1":0,"2":0,"3":0,"4":0,"5":0,"6":0,"7":0,"8":0},"f":{"0":0},"b":{"0":[0,0]}}
,"/home/pedro/as-tutor/frontend/src/models/user/AuthDto.ts": {"path":"/home/pedro/as-tutor/frontend/src/models/user/AuthDto.ts","statementMap":{"0":{"start":{"line":1,"column":0},"end":{"line":1,"column":null}},"1":{"start":{"line":8,"column":4},"end":{"line":11,"column":null}},"2":{"start":{"line":9,"column":6},"end":{"line":9,"column":11}},"3":{"start":{"line":10,"column":6},"end":{"line":10,"column":11}}},"fnMap":{"0":{"name":"(anonymous_0)","decl":{"start":{"line":7,"column":2},"end":{"line":7,"column":14}},"loc":{"start":{"line":7,"column":31},"end":{"line":12,"column":null}}}},"branchMap":{"0":{"loc":{"start":{"line":8,"column":4},"end":{"line":11,"column":null}},"type":"if","locations":[{"start":{"line":8,"column":4},"end":{"line":11,"column":null}},{"start":{"line":8,"column":4},"end":{"line":11,"column":null}}]}},"s":{"0":2,"1":0,"2":0,"3":0},"f":{"0":0},"b":{"0":[0,0]}}
,"/home/pedro/as-tutor/frontend/src/models/user/Course.ts": {"path":"/home/pedro/as-tutor/frontend/src/models/user/Course.ts","statementMap":{"0":{"start":{"line":8,"column":4},"end":{"line":13,"column":null}},"1":{"start":{"line":9,"column":6},"end":{"line":9,"column":11}},"2":{"start":{"line":10,"column":6},"end":{"line":10,"column":11}},"3":{"start":{"line":11,"column":6},"end":{"line":11,"column":11}},"4":{"start":{"line":12,"column":6},"end":{"line":12,"column":11}}},"fnMap":{"0":{"name":"(anonymous_0)","decl":{"start":{"line":7,"column":2},"end":{"line":7,"column":14}},"loc":{"start":{"line":7,"column":30},"end":{"line":14,"column":null}}}},"branchMap":{"0":{"loc":{"start":{"line":8,"column":4},"end":{"line":13,"column":null}},"type":"if","locations":[{"start":{"line":8,"column":4},"end":{"line":13,"column":null}},{"start":{"line":8,"column":4},"end":{"line":13,"column":null}}]}},"s":{"0":0,"1":0,"2":0,"3":0,"4":0},"f":{"0":0},"b":{"0":[0,0]}}
,"/home/pedro/as-tutor/frontend/src/models/user/User.ts": {"path":"/home/pedro/as-tutor/frontend/src/models/user/User.ts","statementMap":{"0":{"start":{"line":1,"column":0},"end":{"line":1,"column":null}},"1":{"start":{"line":11,"column":2},"end":{"line":11,"column":23}},"2":{"start":{"line":12,"column":2},"end":{"line":12,"column":26}},"3":{"start":{"line":15,"column":4},"end":{"line":28,"column":null}},"4":{"start":{"line":16,"column":6},"end":{"line":16,"column":11}},"5":{"start":{"line":17,"column":6},"end":{"line":17,"column":11}},"6":{"start":{"line":18,"column":6},"end":{"line":18,"column":11}},"7":{"start":{"line":21,"column":6},"end":{"line":24,"column":null}},"8":{"start":{"line":22,"column":8},"end":{"line":22,"column":13}},"9":{"start":{"line":22,"column":51},"end":{"line":22,"column":55}},"10":{"start":{"line":23,"column":8},"end":{"line":23,"column":13}},"11":{"start":{"line":27,"column":6},"end":{"line":27,"column":13}}},"fnMap":{"0":{"name":"(anonymous_0)","decl":{"start":{"line":14,"column":2},"end":{"line":14,"column":14}},"loc":{"start":{"line":14,"column":28},"end":{"line":29,"column":null}}},"1":{"name":"(anonymous_1)","decl":{"start":{"line":22,"column":41},"end":{"line":22,"column":47}},"loc":{"start":{"line":22,"column":51},"end":{"line":22,"column":55}}}},"branchMap":{"0":{"loc":{"start":{"line":15,"column":4},"end":{"line":28,"column":null}},"type":"if","locations":[{"start":{"line":15,"column":4},"end":{"line":28,"column":null}},{"start":{"line":15,"column":4},"end":{"line":28,"column":null}}]}},"s":{"0":2,"1":0,"2":0,"3":0,"4":0,"5":0,"6":0,"7":0,"8":0,"9":0,"10":0,"11":0},"f":{"0":0,"1":0},"b":{"0":[0,0]}}
,"/home/pedro/as-tutor/frontend/src/services/RemoteServices.ts": {"path":"/home/pedro/as-tutor/frontend/src/services/RemoteServices.ts","statementMap":{"0":{"start":{"line":1,"column":0},"end":{"line":1,"column":null}},"1":{"start":{"line":2,"column":0},"end":{"line":2,"column":null}},"2":{"start":{"line":3,"column":0},"end":{"line":3,"column":null}},"3":{"start":{"line":4,"column":0},"end":{"line":4,"column":null}},"4":{"start":{"line":5,"column":0},"end":{"line":5,"column":null}},"5":{"start":{"line":6,"column":0},"end":{"line":6,"column":null}},"6":{"start":{"line":7,"column":0},"end":{"line":7,"column":null}},"7":{"start":{"line":8,"column":0},"end":{"line":8,"column":null}},"8":{"start":{"line":9,"column":0},"end":{"line":9,"column":null}},"9":{"start":{"line":10,"column":0},"end":{"line":10,"column":null}},"10":{"start":{"line":11,"column":0},"end":{"line":11,"column":null}},"11":{"start":{"line":12,"column":0},"end":{"line":12,"column":null}},"12":{"start":{"line":13,"column":0},"end":{"line":13,"column":null}},"13":{"start":{"line":15,"column":19},"end":{"line":15,"column":25}},"14":{"start":{"line":16,"column":0},"end":{"line":16,"column":10}},"15":{"start":{"line":17,"column":0},"end":{"line":17,"column":10}},"16":{"start":{"line":18,"column":0},"end":{"line":18,"column":10}},"17":{"start":{"line":19,"column":0},"end":{"line":19,"column":10}},"18":{"start":{"line":21,"column":4},"end":{"line":27,"column":null}},"19":{"start":{"line":22,"column":20},"end":{"line":22,"column":null}},"20":{"start":{"line":24,"column":6},"end":{"line":26,"column":null}},"21":{"start":{"line":25,"column":8},"end":{"line":25,"column":14}},"22":{"start":{"line":29,"column":4},"end":{"line":29,"column":11}},"23":{"start":{"line":31,"column":11},"end":{"line":31,"column":18}},"24":{"start":{"line":36,"column":4},"end":{"line":36,"column":11}},"25":{"start":{"line":39,"column":8},"end":{"line":39,"column":15}},"26":{"start":{"line":42,"column":8},"end":{"line":42,"column":14}},"27":{"start":{"line":47,"column":4},"end":{"line":47,"column":11}},"28":{"start":{"line":50,"column":8},"end":{"line":50,"column":15}},"29":{"start":{"line":53,"column":8},"end":{"line":53,"column":14}},"30":{"start":{"line":58,"column":4},"end":{"line":58,"column":11}},"31":{"start":{"line":61,"column":8},"end":{"line":61,"column":15}},"32":{"start":{"line":64,"column":8},"end":{"line":64,"column":14}},"33":{"start":{"line":69,"column":4},"end":{"line":69,"column":11}},"34":{"start":{"line":72,"column":8},"end":{"line":72,"column":15}},"35":{"start":{"line":75,"column":8},"end":{"line":75,"column":14}},"36":{"start":{"line":80,"column":4},"end":{"line":80,"column":11}},"37":{"start":{"line":83,"column":8},"end":{"line":83,"column":15}},"38":{"start":{"line":84,"column":10},"end":{"line":84,"column":17}},"39":{"start":{"line":88,"column":8},"end":{"line":88,"column":14}},"40":{"start":{"line":93,"column":4},"end":{"line":93,"column":11}},"41":{"start":{"line":98,"column":8},"end":{"line":98,"column":15}},"42":{"start":{"line":99,"column":10},"end":{"line":99,"column":17}},"43":{"start":{"line":103,"column":8},"end":{"line":103,"column":14}},"44":{"start":{"line":108,"column":4},"end":{"line":108,"column":11}},"45":{"start":{"line":114,"column":8},"end":{"line":114,"column":15}},"46":{"start":{"line":117,"column":8},"end":{"line":117,"column":14}},"47":{"start":{"line":122,"column":4},"end":{"line":122,"column":11}},"48":{"start":{"line":125,"column":8},"end":{"line":125,"column":15}},"49":{"start":{"line":128,"column":8},"end":{"line":128,"column":14}},"50":{"start":{"line":133,"column":4},"end":{"line":133,"column":11}},"51":{"start":{"line":134,"column":6},"end":{"line":134,"column":12}},"52":{"start":{"line":142,"column":4},"end":{"line":142,"column":11}},"53":{"start":{"line":145,"column":8},"end":{"line":145,"column":15}},"54":{"start":{"line":148,"column":8},"end":{"line":148,"column":14}},"55":{"start":{"line":153,"column":19},"end":{"line":153,"column":23}},"56":{"start":{"line":154,"column":4},"end":{"line":154,"column":12}},"57":{"start":{"line":155,"column":4},"end":{"line":155,"column":11}},"58":{"start":{"line":162,"column":8},"end":{"line":162,"column":15}},"59":{"start":{"line":165,"column":8},"end":{"line":165,"column":14}},"60":{"start":{"line":170,"column":4},"end":{"line":170,"column":11}},"61":{"start":{"line":174,"column":4},"end":{"line":174,"column":11}},"62":{"start":{"line":177,"column":8},"end":{"line":177,"column":15}},"63":{"start":{"line":178,"column":10},"end":{"line":178,"column":17}},"64":{"start":{"line":182,"column":8},"end":{"line":182,"column":14}},"65":{"start":{"line":187,"column":4},"end":{"line":187,"column":11}},"66":{"start":{"line":193,"column":8},"end":{"line":193,"column":15}},"67":{"start":{"line":196,"column":8},"end":{"line":196,"column":14}},"68":{"start":{"line":201,"column":4},"end":{"line":201,"column":11}},"69":{"start":{"line":204,"column":8},"end":{"line":204,"column":15}},"70":{"start":{"line":205,"column":10},"end":{"line":205,"column":17}},"71":{"start":{"line":209,"column":8},"end":{"line":209,"column":14}},"72":{"start":{"line":214,"column":4},"end":{"line":214,"column":11}},"73":{"start":{"line":217,"column":8},"end":{"line":217,"column":15}},"74":{"start":{"line":218,"column":10},"end":{"line":218,"column":17}},"75":{"start":{"line":222,"column":8},"end":{"line":222,"column":14}},"76":{"start":{"line":227,"column":4},"end":{"line":227,"column":11}},"77":{"start":{"line":230,"column":8},"end":{"line":230,"column":15}},"78":{"start":{"line":231,"column":10},"end":{"line":231,"column":17}},"79":{"start":{"line":235,"column":8},"end":{"line":235,"column":14}},"80":{"start":{"line":240,"column":4},"end":{"line":240,"column":11}},"81":{"start":{"line":243,"column":8},"end":{"line":243,"column":15}},"82":{"start":{"line":246,"column":8},"end":{"line":246,"column":14}},"83":{"start":{"line":251,"column":4},"end":{"line":251,"column":11}},"84":{"start":{"line":254,"column":8},"end":{"line":254,"column":15}},"85":{"start":{"line":257,"column":8},"end":{"line":257,"column":14}},"86":{"start":{"line":262,"column":4},"end":{"line":262,"column":11}},"87":{"start":{"line":263,"column":6},"end":{"line":263,"column":12}},"88":{"start":{"line":268,"column":4},"end":{"line":268,"column":11}},"89":{"start":{"line":273,"column":8},"end":{"line":273,"column":15}},"90":{"start":{"line":274,"column":10},"end":{"line":274,"column":17}},"91":{"start":{"line":278,"column":8},"end":{"line":278,"column":14}},"92":{"start":{"line":283,"column":4},"end":{"line":283,"column":11}},"93":{"start":{"line":284,"column":6},"end":{"line":284,"column":12}},"94":{"start":{"line":289,"column":4},"end":{"line":289,"column":11}},"95":{"start":{"line":292,"column":8},"end":{"line":292,"column":15}},"96":{"start":{"line":295,"column":8},"end":{"line":295,"column":14}},"97":{"start":{"line":300,"column":4},"end":{"line":318,"column":null}},"98":{"start":{"line":301,"column":6},"end":{"line":301,"column":13}},"99":{"start":{"line":304,"column":10},"end":{"line":304,"column":17}},"100":{"start":{"line":307,"column":10},"end":{"line":307,"column":16}},"101":{"start":{"line":310,"column":6},"end":{"line":310,"column":13}},"102":{"start":{"line":313,"column":10},"end":{"line":313,"column":17}},"103":{"start":{"line":316,"column":10},"end":{"line":316,"column":16}},"104":{"start":{"line":322,"column":4},"end":{"line":322,"column":11}},"105":{"start":{"line":325,"column":8},"end":{"line":325,"column":15}},"106":{"start":{"line":326,"column":10},"end":{"line":326,"column":17}},"107":{"start":{"line":330,"column":8},"end":{"line":330,"column":14}},"108":{"start":{"line":335,"column":4},"end":{"line":335,"column":11}},"109":{"start":{"line":338,"column":8},"end":{"line":338,"column":15}},"110":{"start":{"line":339,"column":10},"end":{"line":339,"column":17}},"111":{"start":{"line":343,"column":8},"end":{"line":343,"column":14}},"112":{"start":{"line":348,"column":4},"end":{"line":348,"column":11}},"113":{"start":{"line":351,"column":8},"end":{"line":351,"column":15}},"114":{"start":{"line":352,"column":10},"end":{"line":352,"column":17}},"115":{"start":{"line":356,"column":8},"end":{"line":356,"column":14}},"116":{"start":{"line":361,"column":4},"end":{"line":361,"column":11}},"117":{"start":{"line":366,"column":8},"end":{"line":366,"column":15}},"118":{"start":{"line":367,"column":10},"end":{"line":367,"column":17}},"119":{"start":{"line":371,"column":8},"end":{"line":371,"column":14}},"120":{"start":{"line":376,"column":4},"end":{"line":397,"column":null}},"121":{"start":{"line":377,"column":6},"end":{"line":377,"column":13}},"122":{"start":{"line":380,"column":10},"end":{"line":380,"column":17}},"123":{"start":{"line":383,"column":10},"end":{"line":383,"column":16}},"124":{"start":{"line":386,"column":6},"end":{"line":386,"column":13}},"125":{"start":{"line":392,"column":10},"end":{"line":392,"column":17}},"126":{"start":{"line":395,"column":10},"end":{"line":395,"column":16}},"127":{"start":{"line":401,"column":4},"end":{"line":401,"column":11}},"128":{"start":{"line":404,"column":8},"end":{"line":404,"column":14}},"129":{"start":{"line":412,"column":4},"end":{"line":412,"column":11}},"130":{"start":{"line":419,"column":8},"end":{"line":419,"column":15}},"131":{"start":{"line":422,"column":8},"end":{"line":422,"column":14}},"132":{"start":{"line":427,"column":4},"end":{"line":427,"column":11}},"133":{"start":{"line":432,"column":20},"end":{"line":432,"column":26}},"134":{"start":{"line":433,"column":21},"end":{"line":433,"column":29}},"135":{"start":{"line":434,"column":8},"end":{"line":434,"column":12}},"136":{"start":{"line":435,"column":23},"end":{"line":435,"column":27}},"137":{"start":{"line":436,"column":8},"end":{"line":436,"column":12}},"138":{"start":{"line":440,"column":8},"end":{"line":440,"column":16}},"139":{"start":{"line":441,"column":8},"end":{"line":441,"column":12}},"140":{"start":{"line":444,"column":8},"end":{"line":444,"column":14}},"141":{"start":{"line":449,"column":4},"end":{"line":460,"column":null}},"142":{"start":{"line":450,"column":6},"end":{"line":450,"column":13}},"143":{"start":{"line":451,"column":11},"end":{"line":460,"column":null}},"144":{"start":{"line":452,"column":6},"end":{"line":452,"column":13}},"145":{"start":{"line":453,"column":11},"end":{"line":460,"column":null}},"146":{"start":{"line":454,"column":6},"end":{"line":454,"column":13}},"147":{"start":{"line":455,"column":11},"end":{"line":460,"column":null}},"148":{"start":{"line":456,"column":6},"end":{"line":456,"column":12}},"149":{"start":{"line":457,"column":6},"end":{"line":457,"column":13}},"150":{"start":{"line":459,"column":6},"end":{"line":459,"column":13}}},"fnMap":{"0":{"name":"(anonymous_0)","decl":{"start":{"line":20,"column":2},"end":{"line":20,"column":8}},"loc":{"start":{"line":20,"column":11},"end":{"line":30,"column":null}}},"1":{"name":"(anonymous_1)","decl":{"start":{"line":31,"column":2},"end":{"line":31,"column":7}},"loc":{"start":{"line":31,"column":11},"end":{"line":31,"column":18}}},"2":{"name":"(anonymous_2)","decl":{"start":{"line":35,"column":2},"end":{"line":35,"column":15}},"loc":{"start":{"line":35,"column":38},"end":{"line":44,"column":null}}},"3":{"name":"(anonymous_3)","decl":{"start":{"line":38,"column":12},"end":{"line":38,"column":20}},"loc":{"start":{"line":38,"column":23},"end":{"line":40,"column":null}}},"4":{"name":"(anonymous_4)","decl":{"start":{"line":41,"column":13},"end":{"line":41,"column":19}},"loc":{"start":{"line":41,"column":27},"end":{"line":43,"column":null}}},"5":{"name":"(anonymous_5)","decl":{"start":{"line":46,"column":2},"end":{"line":46,"column":15}},"loc":{"start":{"line":46,"column":31},"end":{"line":55,"column":null}}},"6":{"name":"(anonymous_6)","decl":{"start":{"line":49,"column":12},"end":{"line":49,"column":20}},"loc":{"start":{"line":49,"column":23},"end":{"line":51,"column":null}}},"7":{"name":"(anonymous_7)","decl":{"start":{"line":52,"column":13},"end":{"line":52,"column":19}},"loc":{"start":{"line":52,"column":27},"end":{"line":54,"column":null}}},"8":{"name":"(anonymous_8)","decl":{"start":{"line":57,"column":2},"end":{"line":57,"column":15}},"loc":{"start":{"line":57,"column":31},"end":{"line":66,"column":null}}},"9":{"name":"(anonymous_9)","decl":{"start":{"line":60,"column":12},"end":{"line":60,"column":20}},"loc":{"start":{"line":60,"column":23},"end":{"line":62,"column":null}}},"10":{"name":"(anonymous_10)","decl":{"start":{"line":63,"column":13},"end":{"line":63,"column":19}},"loc":{"start":{"line":63,"column":27},"end":{"line":65,"column":null}}},"11":{"name":"(anonymous_11)","decl":{"start":{"line":68,"column":2},"end":{"line":68,"column":15}},"loc":{"start":{"line":68,"column":27},"end":{"line":77,"column":null}}},"12":{"name":"(anonymous_12)","decl":{"start":{"line":71,"column":12},"end":{"line":71,"column":20}},"loc":{"start":{"line":71,"column":23},"end":{"line":73,"column":null}}},"13":{"name":"(anonymous_13)","decl":{"start":{"line":74,"column":13},"end":{"line":74,"column":19}},"loc":{"start":{"line":74,"column":27},"end":{"line":76,"column":null}}},"14":{"name":"(anonymous_14)","decl":{"start":{"line":79,"column":2},"end":{"line":79,"column":15}},"loc":{"start":{"line":79,"column":27},"end":{"line":90,"column":null}}},"15":{"name":"(anonymous_15)","decl":{"start":{"line":82,"column":12},"end":{"line":82,"column":20}},"loc":{"start":{"line":82,"column":23},"end":{"line":86,"column":null}}},"16":{"name":"(anonymous_16)","decl":{"start":{"line":83,"column":34},"end":{"line":83,"column":51}},"loc":{"start":{"line":83,"column":51},"end":{"line":85,"column":null}}},"17":{"name":"(anonymous_17)","decl":{"start":{"line":87,"column":13},"end":{"line":87,"column":19}},"loc":{"start":{"line":87,"column":27},"end":{"line":89,"column":null}}},"18":{"name":"(anonymous_18)","decl":{"start":{"line":92,"column":2},"end":{"line":92,"column":15}},"loc":{"start":{"line":92,"column":36},"end":{"line":105,"column":null}}},"19":{"name":"(anonymous_19)","decl":{"start":{"line":97,"column":12},"end":{"line":97,"column":20}},"loc":{"start":{"line":97,"column":23},"end":{"line":101,"column":null}}},"20":{"name":"(anonymous_20)","decl":{"start":{"line":98,"column":34},"end":{"line":98,"column":51}},"loc":{"start":{"line":98,"column":51},"end":{"line":100,"column":null}}},"21":{"name":"(anonymous_21)","decl":{"start":{"line":102,"column":13},"end":{"line":102,"column":19}},"loc":{"start":{"line":102,"column":27},"end":{"line":104,"column":null}}},"22":{"name":"(anonymous_22)","decl":{"start":{"line":107,"column":2},"end":{"line":107,"column":9}},"loc":{"start":{"line":107,"column":42},"end":{"line":119,"column":null}}},"23":{"name":"(anonymous_23)","decl":{"start":{"line":113,"column":12},"end":{"line":113,"column":20}},"loc":{"start":{"line":113,"column":23},"end":{"line":115,"column":null}}},"24":{"name":"(anonymous_24)","decl":{"start":{"line":116,"column":13},"end":{"line":116,"column":19}},"loc":{"start":{"line":116,"column":27},"end":{"line":118,"column":null}}},"25":{"name":"(anonymous_25)","decl":{"start":{"line":121,"column":2},"end":{"line":121,"column":9}},"loc":{"start":{"line":121,"column":42},"end":{"line":130,"column":null}}},"26":{"name":"(anonymous_26)","decl":{"start":{"line":124,"column":12},"end":{"line":124,"column":20}},"loc":{"start":{"line":124,"column":23},"end":{"line":126,"column":null}}},"27":{"name":"(anonymous_27)","decl":{"start":{"line":127,"column":13},"end":{"line":127,"column":19}},"loc":{"start":{"line":127,"column":27},"end":{"line":129,"column":null}}},"28":{"name":"(anonymous_28)","decl":{"start":{"line":132,"column":2},"end":{"line":132,"column":9}},"loc":{"start":{"line":132,"column":42},"end":{"line":136,"column":null}}},"29":{"name":"(anonymous_29)","decl":{"start":{"line":133,"column":63},"end":{"line":133,"column":69}},"loc":{"start":{"line":133,"column":77},"end":{"line":135,"column":null}}},"30":{"name":"(anonymous_30)","decl":{"start":{"line":138,"column":2},"end":{"line":138,"column":9}},"loc":{"start":{"line":140,"column":18},"end":{"line":150,"column":null}}},"31":{"name":"(anonymous_31)","decl":{"start":{"line":144,"column":12},"end":{"line":144,"column":20}},"loc":{"start":{"line":144,"column":23},"end":{"line":146,"column":null}}},"32":{"name":"(anonymous_32)","decl":{"start":{"line":147,"column":13},"end":{"line":147,"column":19}},"loc":{"start":{"line":147,"column":27},"end":{"line":149,"column":null}}},"33":{"name":"(anonymous_33)","decl":{"start":{"line":152,"column":2},"end":{"line":152,"column":9}},"loc":{"start":{"line":152,"column":51},"end":{"line":167,"column":null}}},"34":{"name":"(anonymous_34)","decl":{"start":{"line":161,"column":12},"end":{"line":161,"column":20}},"loc":{"start":{"line":161,"column":23},"end":{"line":163,"column":null}}},"35":{"name":"(anonymous_35)","decl":{"start":{"line":164,"column":13},"end":{"line":164,"column":19}},"loc":{"start":{"line":164,"column":27},"end":{"line":166,"column":null}}},"36":{"name":"(anonymous_36)","decl":{"start":{"line":169,"column":2},"end":{"line":169,"column":9}},"loc":{"start":{"line":169,"column":65},"end":{"line":171,"column":null}}},"37":{"name":"(anonymous_37)","decl":{"start":{"line":173,"column":2},"end":{"line":173,"column":9}},"loc":{"start":{"line":173,"column":18},"end":{"line":184,"column":null}}},"38":{"name":"(anonymous_38)","decl":{"start":{"line":176,"column":12},"end":{"line":176,"column":20}},"loc":{"start":{"line":176,"column":23},"end":{"line":180,"column":null}}},"39":{"name":"(anonymous_39)","decl":{"start":{"line":177,"column":34},"end":{"line":177,"column":48}},"loc":{"start":{"line":177,"column":48},"end":{"line":179,"column":null}}},"40":{"name":"(anonymous_40)","decl":{"start":{"line":181,"column":13},"end":{"line":181,"column":19}},"loc":{"start":{"line":181,"column":27},"end":{"line":183,"column":null}}},"41":{"name":"(anonymous_41)","decl":{"start":{"line":186,"column":2},"end":{"line":186,"column":9}},"loc":{"start":{"line":186,"column":40},"end":{"line":198,"column":null}}},"42":{"name":"(anonymous_42)","decl":{"start":{"line":192,"column":12},"end":{"line":192,"column":20}},"loc":{"start":{"line":192,"column":23},"end":{"line":194,"column":null}}},"43":{"name":"(anonymous_43)","decl":{"start":{"line":195,"column":13},"end":{"line":195,"column":19}},"loc":{"start":{"line":195,"column":27},"end":{"line":197,"column":null}}},"44":{"name":"(anonymous_44)","decl":{"start":{"line":200,"column":2},"end":{"line":200,"column":9}},"loc":{"start":{"line":200,"column":28},"end":{"line":211,"column":null}}},"45":{"name":"(anonymous_45)","decl":{"start":{"line":203,"column":12},"end":{"line":203,"column":20}},"loc":{"start":{"line":203,"column":23},"end":{"line":207,"column":null}}},"46":{"name":"(anonymous_46)","decl":{"start":{"line":204,"column":34},"end":{"line":204,"column":56}},"loc":{"start":{"line":204,"column":56},"end":{"line":206,"column":null}}},"47":{"name":"(anonymous_47)","decl":{"start":{"line":208,"column":13},"end":{"line":208,"column":19}},"loc":{"start":{"line":208,"column":27},"end":{"line":210,"column":null}}},"48":{"name":"(anonymous_48)","decl":{"start":{"line":213,"column":2},"end":{"line":213,"column":9}},"loc":{"start":{"line":213,"column":25},"end":{"line":224,"column":null}}},"49":{"name":"(anonymous_49)","decl":{"start":{"line":216,"column":12},"end":{"line":216,"column":20}},"loc":{"start":{"line":216,"column":23},"end":{"line":220,"column":null}}},"50":{"name":"(anonymous_50)","decl":{"start":{"line":217,"column":34},"end":{"line":217,"column":53}},"loc":{"start":{"line":217,"column":53},"end":{"line":219,"column":null}}},"51":{"name":"(anonymous_51)","decl":{"start":{"line":221,"column":13},"end":{"line":221,"column":19}},"loc":{"start":{"line":221,"column":27},"end":{"line":223,"column":null}}},"52":{"name":"(anonymous_52)","decl":{"start":{"line":226,"column":2},"end":{"line":226,"column":9}},"loc":{"start":{"line":226,"column":41},"end":{"line":237,"column":null}}},"53":{"name":"(anonymous_53)","decl":{"start":{"line":229,"column":12},"end":{"line":229,"column":20}},"loc":{"start":{"line":229,"column":23},"end":{"line":233,"column":null}}},"54":{"name":"(anonymous_54)","decl":{"start":{"line":230,"column":42},"end":{"line":230,"column":57}},"loc":{"start":{"line":230,"column":57},"end":{"line":232,"column":null}}},"55":{"name":"(anonymous_55)","decl":{"start":{"line":234,"column":13},"end":{"line":234,"column":19}},"loc":{"start":{"line":234,"column":27},"end":{"line":236,"column":null}}},"56":{"name":"(anonymous_56)","decl":{"start":{"line":239,"column":2},"end":{"line":239,"column":9}},"loc":{"start":{"line":239,"column":33},"end":{"line":248,"column":null}}},"57":{"name":"(anonymous_57)","decl":{"start":{"line":242,"column":12},"end":{"line":242,"column":20}},"loc":{"start":{"line":242,"column":23},"end":{"line":244,"column":null}}},"58":{"name":"(anonymous_58)","decl":{"start":{"line":245,"column":13},"end":{"line":245,"column":19}},"loc":{"start":{"line":245,"column":27},"end":{"line":247,"column":null}}},"59":{"name":"(anonymous_59)","decl":{"start":{"line":250,"column":2},"end":{"line":250,"column":9}},"loc":{"start":{"line":250,"column":33},"end":{"line":259,"column":null}}},"60":{"name":"(anonymous_60)","decl":{"start":{"line":253,"column":12},"end":{"line":253,"column":20}},"loc":{"start":{"line":253,"column":23},"end":{"line":255,"column":null}}},"61":{"name":"(anonymous_61)","decl":{"start":{"line":256,"column":13},"end":{"line":256,"column":19}},"loc":{"start":{"line":256,"column":27},"end":{"line":258,"column":null}}},"62":{"name":"(anonymous_62)","decl":{"start":{"line":261,"column":2},"end":{"line":261,"column":9}},"loc":{"start":{"line":261,"column":33},"end":{"line":265,"column":null}}},"63":{"name":"(anonymous_63)","decl":{"start":{"line":262,"column":58},"end":{"line":262,"column":64}},"loc":{"start":{"line":262,"column":72},"end":{"line":264,"column":null}}},"64":{"name":"(anonymous_64)","decl":{"start":{"line":267,"column":2},"end":{"line":267,"column":9}},"loc":{"start":{"line":267,"column":31},"end":{"line":280,"column":null}}},"65":{"name":"(anonymous_65)","decl":{"start":{"line":272,"column":12},"end":{"line":272,"column":20}},"loc":{"start":{"line":272,"column":23},"end":{"line":276,"column":null}}},"66":{"name":"(anonymous_66)","decl":{"start":{"line":273,"column":34},"end":{"line":273,"column":47}},"loc":{"start":{"line":273,"column":47},"end":{"line":275,"column":null}}},"67":{"name":"(anonymous_67)","decl":{"start":{"line":277,"column":13},"end":{"line":277,"column":19}},"loc":{"start":{"line":277,"column":27},"end":{"line":279,"column":null}}},"68":{"name":"(anonymous_68)","decl":{"start":{"line":282,"column":2},"end":{"line":282,"column":15}},"loc":{"start":{"line":282,"column":40},"end":{"line":286,"column":null}}},"69":{"name":"(anonymous_69)","decl":{"start":{"line":283,"column":57},"end":{"line":283,"column":63}},"loc":{"start":{"line":283,"column":71},"end":{"line":285,"column":null}}},"70":{"name":"(anonymous_70)","decl":{"start":{"line":288,"column":2},"end":{"line":288,"column":15}},"loc":{"start":{"line":288,"column":37},"end":{"line":297,"column":null}}},"71":{"name":"(anonymous_71)","decl":{"start":{"line":291,"column":12},"end":{"line":291,"column":20}},"loc":{"start":{"line":291,"column":23},"end":{"line":293,"column":null}}},"72":{"name":"(anonymous_72)","decl":{"start":{"line":294,"column":13},"end":{"line":294,"column":19}},"loc":{"start":{"line":294,"column":27},"end":{"line":296,"column":null}}},"73":{"name":"(anonymous_73)","decl":{"start":{"line":299,"column":2},"end":{"line":299,"column":15}},"loc":{"start":{"line":299,"column":34},"end":{"line":319,"column":null}}},"74":{"name":"(anonymous_74)","decl":{"start":{"line":303,"column":14},"end":{"line":303,"column":22}},"loc":{"start":{"line":303,"column":25},"end":{"line":305,"column":null}}},"75":{"name":"(anonymous_75)","decl":{"start":{"line":306,"column":15},"end":{"line":306,"column":21}},"loc":{"start":{"line":306,"column":29},"end":{"line":308,"column":null}}},"76":{"name":"(anonymous_76)","decl":{"start":{"line":312,"column":14},"end":{"line":312,"column":22}},"loc":{"start":{"line":312,"column":25},"end":{"line":314,"column":null}}},"77":{"name":"(anonymous_77)","decl":{"start":{"line":315,"column":15},"end":{"line":315,"column":21}},"loc":{"start":{"line":315,"column":29},"end":{"line":317,"column":null}}},"78":{"name":"(anonymous_78)","decl":{"start":{"line":321,"column":2},"end":{"line":321,"column":15}},"loc":{"start":{"line":321,"column":34},"end":{"line":332,"column":null}}},"79":{"name":"(anonymous_79)","decl":{"start":{"line":324,"column":12},"end":{"line":324,"column":20}},"loc":{"start":{"line":324,"column":23},"end":{"line":328,"column":null}}},"80":{"name":"(anonymous_80)","decl":{"start":{"line":325,"column":34},"end":{"line":325,"column":49}},"loc":{"start":{"line":325,"column":49},"end":{"line":327,"column":null}}},"81":{"name":"(anonymous_81)","decl":{"start":{"line":329,"column":13},"end":{"line":329,"column":19}},"loc":{"start":{"line":329,"column":27},"end":{"line":331,"column":null}}},"82":{"name":"(anonymous_82)","decl":{"start":{"line":334,"column":2},"end":{"line":334,"column":15}},"loc":{"start":{"line":334,"column":47},"end":{"line":345,"column":null}}},"83":{"name":"(anonymous_83)","decl":{"start":{"line":337,"column":12},"end":{"line":337,"column":20}},"loc":{"start":{"line":337,"column":23},"end":{"line":341,"column":null}}},"84":{"name":"(anonymous_84)","decl":{"start":{"line":338,"column":34},"end":{"line":338,"column":50}},"loc":{"start":{"line":338,"column":50},"end":{"line":340,"column":null}}},"85":{"name":"(anonymous_85)","decl":{"start":{"line":342,"column":13},"end":{"line":342,"column":19}},"loc":{"start":{"line":342,"column":27},"end":{"line":344,"column":null}}},"86":{"name":"(anonymous_86)","decl":{"start":{"line":347,"column":2},"end":{"line":347,"column":9}},"loc":{"start":{"line":347,"column":23},"end":{"line":358,"column":null}}},"87":{"name":"(anonymous_87)","decl":{"start":{"line":350,"column":12},"end":{"line":350,"column":20}},"loc":{"start":{"line":350,"column":23},"end":{"line":354,"column":null}}},"88":{"name":"(anonymous_88)","decl":{"start":{"line":351,"column":34},"end":{"line":351,"column":53}},"loc":{"start":{"line":351,"column":53},"end":{"line":353,"column":null}}},"89":{"name":"(anonymous_89)","decl":{"start":{"line":355,"column":13},"end":{"line":355,"column":19}},"loc":{"start":{"line":355,"column":27},"end":{"line":357,"column":null}}},"90":{"name":"(anonymous_90)","decl":{"start":{"line":360,"column":2},"end":{"line":360,"column":15}},"loc":{"start":{"line":360,"column":38},"end":{"line":373,"column":null}}},"91":{"name":"(anonymous_91)","decl":{"start":{"line":365,"column":12},"end":{"line":365,"column":20}},"loc":{"start":{"line":365,"column":23},"end":{"line":369,"column":null}}},"92":{"name":"(anonymous_92)","decl":{"start":{"line":366,"column":34},"end":{"line":366,"column":53}},"loc":{"start":{"line":366,"column":53},"end":{"line":368,"column":null}}},"93":{"name":"(anonymous_93)","decl":{"start":{"line":370,"column":13},"end":{"line":370,"column":19}},"loc":{"start":{"line":370,"column":27},"end":{"line":372,"column":null}}},"94":{"name":"(anonymous_94)","decl":{"start":{"line":375,"column":2},"end":{"line":375,"column":15}},"loc":{"start":{"line":375,"column":52},"end":{"line":398,"column":null}}},"95":{"name":"(anonymous_95)","decl":{"start":{"line":379,"column":14},"end":{"line":379,"column":22}},"loc":{"start":{"line":379,"column":25},"end":{"line":381,"column":null}}},"96":{"name":"(anonymous_96)","decl":{"start":{"line":382,"column":15},"end":{"line":382,"column":21}},"loc":{"start":{"line":382,"column":29},"end":{"line":384,"column":null}}},"97":{"name":"(anonymous_97)","decl":{"start":{"line":391,"column":14},"end":{"line":391,"column":22}},"loc":{"start":{"line":391,"column":25},"end":{"line":393,"column":null}}},"98":{"name":"(anonymous_98)","decl":{"start":{"line":394,"column":15},"end":{"line":394,"column":21}},"loc":{"start":{"line":394,"column":29},"end":{"line":396,"column":null}}},"99":{"name":"(anonymous_99)","decl":{"start":{"line":400,"column":2},"end":{"line":400,"column":15}},"loc":{"start":{"line":400,"column":52},"end":{"line":406,"column":null}}},"100":{"name":"(anonymous_100)","decl":{"start":{"line":403,"column":13},"end":{"line":403,"column":19}},"loc":{"start":{"line":403,"column":27},"end":{"line":405,"column":null}}},"101":{"name":"(anonymous_101)","decl":{"start":{"line":408,"column":2},"end":{"line":408,"column":15}},"loc":{"start":{"line":410,"column":18},"end":{"line":424,"column":null}}},"102":{"name":"(anonymous_102)","decl":{"start":{"line":418,"column":12},"end":{"line":418,"column":20}},"loc":{"start":{"line":418,"column":23},"end":{"line":420,"column":null}}},"103":{"name":"(anonymous_103)","decl":{"start":{"line":421,"column":13},"end":{"line":421,"column":19}},"loc":{"start":{"line":421,"column":27},"end":{"line":423,"column":null}}},"104":{"name":"(anonymous_104)","decl":{"start":{"line":426,"column":2},"end":{"line":426,"column":15}},"loc":{"start":{"line":426,"column":24},"end":{"line":446,"column":null}}},"105":{"name":"(anonymous_105)","decl":{"start":{"line":431,"column":12},"end":{"line":431,"column":20}},"loc":{"start":{"line":431,"column":23},"end":{"line":442,"column":null}}},"106":{"name":"(anonymous_106)","decl":{"start":{"line":443,"column":13},"end":{"line":443,"column":19}},"loc":{"start":{"line":443,"column":27},"end":{"line":445,"column":null}}},"107":{"name":"(anonymous_107)","decl":{"start":{"line":448,"column":2},"end":{"line":448,"column":15}},"loc":{"start":{"line":448,"column":38},"end":{"line":461,"column":null}}}},"branchMap":{"0":{"loc":{"start":{"line":21,"column":4},"end":{"line":27,"column":null}},"type":"if","locations":[{"start":{"line":21,"column":4},"end":{"line":27,"column":null}},{"start":{"line":21,"column":4},"end":{"line":27,"column":null}}]},"1":{"loc":{"start":{"line":24,"column":6},"end":{"line":26,"column":null}},"type":"if","locations":[{"start":{"line":24,"column":6},"end":{"line":26,"column":null}},{"start":{"line":24,"column":6},"end":{"line":26,"column":null}}]},"2":{"loc":{"start":{"line":300,"column":4},"end":{"line":318,"column":null}},"type":"if","locations":[{"start":{"line":300,"column":4},"end":{"line":318,"column":null}},{"start":{"line":300,"column":4},"end":{"line":318,"column":null}}]},"3":{"loc":{"start":{"line":376,"column":4},"end":{"line":397,"column":null}},"type":"if","locations":[{"start":{"line":376,"column":4},"end":{"line":397,"column":null}},{"start":{"line":376,"column":4},"end":{"line":397,"column":null}}]},"4":{"loc":{"start":{"line":449,"column":4},"end":{"line":460,"column":null}},"type":"if","locations":[{"start":{"line":449,"column":4},"end":{"line":460,"column":null}},{"start":{"line":449,"column":4},"end":{"line":460,"column":null}}]},"5":{"loc":{"start":{"line":451,"column":11},"end":{"line":460,"column":null}},"type":"if","locations":[{"start":{"line":451,"column":11},"end":{"line":460,"column":null}},{"start":{"line":451,"column":11},"end":{"line":460,"column":null}}]},"6":{"loc":{"start":{"line":453,"column":11},"end":{"line":460,"column":null}},"type":"if","locations":[{"start":{"line":453,"column":11},"end":{"line":460,"column":null}},{"start":{"line":453,"column":11},"end":{"line":460,"column":null}}]},"7":{"loc":{"start":{"line":455,"column":11},"end":{"line":460,"column":null}},"type":"if","locations":[{"start":{"line":455,"column":11},"end":{"line":460,"column":null}},{"start":{"line":455,"column":11},"end":{"line":460,"column":null}}]}},"s":{"0":2,"1":2,"2":2,"3":2,"4":2,"5":2,"6":2,"7":2,"8":2,"9":2,"10":2,"11":2,"12":2,"13":2,"14":2,"15":2,"16":2,"17":2,"18":1,"19":1,"20":1,"21":0,"22":1,"23":0,"24":0,"25":0,"26":0,"27":1,"28":0,"29":1,"30":0,"31":0,"32":0,"33":1,"34":0,"35":0,"36":0,"37":0,"38":0,"39":0,"40":0,"41":0,"42":0,"43":0,"44":0,"45":0,"46":0,"47":0,"48":0,"49":0,"50":0,"51":0,"52":0,"53":0,"54":0,"55":0,"56":0,"57":0,"58":0,"59":0,"60":0,"61":0,"62":0,"63":0,"64":0,"65":0,"66":0,"67":0,"68":0,"69":0,"70":0,"71":0,"72":0,"73":0,"74":0,"75":0,"76":0,"77":0,"78":0,"79":0,"80":0,"81":0,"82":0,"83":0,"84":0,"85":0,"86":0,"87":0,"88":0,"89":0,"90":0,"91":0,"92":0,"93":0,"94":0,"95":0,"96":0,"97":0,"98":0,"99":0,"100":0,"101":0,"102":0,"103":0,"104":0,"105":0,"106":0,"107":0,"108":0,"109":0,"110":0,"111":0,"112":0,"113":0,"114":0,"115":0,"116":0,"117":0,"118":0,"119":0,"120":0,"121":0,"122":0,"123":0,"124":0,"125":0,"126":0,"127":0,"128":0,"129":0,"130":0,"131":0,"132":0,"133":0,"134":0,"135":0,"136":0,"137":0,"138":0,"139":0,"140":0,"141":1,"142":1,"143":0,"144":0,"145":0,"146":0,"147":0,"148":0,"149":0,"150":0},"f":{"0":1,"1":0,"2":0,"3":0,"4":0,"5":1,"6":0,"7":1,"8":0,"9":0,"10":0,"11":1,"12":0,"13":0,"14":0,"15":0,"16":0,"17":0,"18":0,"19":0,"20":0,"21":0,"22":0,"23":0,"24":0,"25":0,"26":0,"27":0,"28":0,"29":0,"30":0,"31":0,"32":0,"33":0,"34":0,"35":0,"36":0,"37":0,"38":0,"39":0,"40":0,"41":0,"42":0,"43":0,"44":0,"45":0,"46":0,"47":0,"48":0,"49":0,"50":0,"51":0,"52":0,"53":0,"54":0,"55":0,"56":0,"57":0,"58":0,"59":0,"60":0,"61":0,"62":0,"63":0,"64":0,"65":0,"66":0,"67":0,"68":0,"69":0,"70":0,"71":0,"72":0,"73":0,"74":0,"75":0,"76":0,"77":0,"78":0,"79":0,"80":0,"81":0,"82":0,"83":0,"84":0,"85":0,"86":0,"87":0,"88":0,"89":0,"90":0,"91":0,"92":0,"93":0,"94":0,"95":0,"96":0,"97":0,"98":0,"99":0,"100":0,"101":0,"102":0,"103":0,"104":0,"105":0,"106":0,"107":1},"b":{"0":[1,0],"1":[0,1],"2":[0,0],"3":[0,0],"4":[1,0],"5":[0,0],"6":[0,0],"7":[0,0]}}
,"/home/pedro/as-tutor/frontend/src/views/student/StatsView.vue": {"path":"/home/pedro/as-tutor/frontend/src/views/student/StatsView.vue","statementMap":{"0":{"start":{"line":65,"column":0},"end":{"line":65,"column":null}},"1":{"start":{"line":67,"column":0},"end":{"line":67,"column":null}},"2":{"start":{"line":68,"column":0},"end":{"line":68,"column":null}},"3":{"start":{"line":73,"column":0},"end":{"line":73,"column":null}},"4":{"start":{"line":74,"column":0},"end":{"line":74,"column":null}},"5":{"start":{"line":77,"column":0},"end":{"line":77,"column":null}},"6":{"start":{"line":78,"column":0},"end":{"line":82,"column":null}},"7":{"start":{"line":79,"column":0},"end":{"line":79,"column":null}},"8":{"start":{"line":81,"column":0},"end":{"line":81,"column":null}},"9":{"start":{"line":83,"column":0},"end":{"line":83,"column":null}},"10":{"start":{"line":73,"column":0},"end":{"line":70,"column":null}}},"fnMap":{"0":{"name":"(anonymous_1)","decl":{"start":{"line":70,"column":0},"end":{"line":70,"column":null}},"loc":{"start":{"line":70,"column":0},"end":{"line":85,"column":null}}},"1":{"name":"(anonymous_2)","decl":{"start":{"line":76,"column":0},"end":{"line":76,"column":null}},"loc":{"start":{"line":76,"column":0},"end":{"line":84,"column":null}}}},"branchMap":{},"s":{"0":1,"1":1,"2":1,"3":1,"4":1,"5":1,"6":1,"7":1,"8":1,"9":1,"10":1},"f":{"0":1,"1":1},"b":{}}
}
