TN:
SF:/home/pedro/as-tutor/frontend/src/store.ts
FN:32,(anonymous_0)
FN:36,(anonymous_1)
FN:41,(anonymous_2)
FN:45,(anonymous_3)
FN:49,(anonymous_4)
FN:52,(anonymous_5)
FN:55,(anonymous_6)
FN:60,(anonymous_7)
FN:63,(anonymous_8)
FN:66,(anonymous_9)
FN:69,(anonymous_10)
FN:72,(anonymous_11)
FN:83,(anonymous_12)
FN:98,(anonymous_13)
FN:113,(anonymous_14)
FN:114,(anonymous_15)
FN:121,(anonymous_16)
FN:126,(anonymous_17)
FN:129,(anonymous_18)
FN:132,(anonymous_19)
FN:139,(anonymous_20)
FN:146,(anonymous_21)
FN:149,(anonymous_22)
FN:152,(anonymous_23)
FN:155,(anonymous_24)
FN:158,(anonymous_25)
FN:161,(anonymous_26)
FNF:27
FNH:2
FNDA:0,(anonymous_0)
FNDA:0,(anonymous_1)
FNDA:0,(anonymous_2)
FNDA:0,(anonymous_3)
FNDA:0,(anonymous_4)
FNDA:0,(anonymous_5)
FNDA:0,(anonymous_6)
FNDA:0,(anonymous_7)
FNDA:0,(anonymous_8)
FNDA:0,(anonymous_9)
FNDA:0,(anonymous_10)
FNDA:0,(anonymous_11)
FNDA:0,(anonymous_12)
FNDA:0,(anonymous_13)
FNDA:0,(anonymous_14)
FNDA:0,(anonymous_15)
FNDA:0,(anonymous_16)
FNDA:0,(anonymous_17)
FNDA:0,(anonymous_18)
FNDA:0,(anonymous_19)
FNDA:0,(anonymous_20)
FNDA:1,(anonymous_21)
FNDA:0,(anonymous_22)
FNDA:1,(anonymous_23)
FNDA:0,(anonymous_24)
FNDA:0,(anonymous_25)
FNDA:0,(anonymous_26)
DA:1,2
DA:2,2
DA:3,2
DA:17,2
DA:26,2
DA:27,2
DA:29,2
DA:33,0
DA:34,0
DA:37,0
DA:38,0
DA:39,0
DA:42,0
DA:43,0
DA:46,0
DA:47,0
DA:50,0
DA:53,0
DA:56,0
DA:61,0
DA:64,0
DA:67,0
DA:70,0
DA:73,0
DA:74,0
DA:75,0
DA:79,0
DA:80,0
DA:84,0
DA:85,0
DA:86,0
DA:87,0
DA:94,0
DA:95,0
DA:99,0
DA:100,0
DA:101,0
DA:102,0
DA:109,0
DA:110,0
DA:114,0
DA:115,0
DA:118,0
DA:122,0
DA:127,0
DA:130,0
DA:133,0
DA:140,0
DA:147,1
DA:150,0
DA:153,1
DA:156,0
DA:159,0
DA:162,0
LF:54
LH:9
BRDA:130,0,0,0
BRDA:130,0,1,0
BRDA:130,0,2,0
BRDA:134,1,0,0
BRDA:134,1,1,0
BRDA:134,1,2,0
BRDA:134,1,3,0
BRDA:141,2,0,0
BRDA:141,2,1,0
BRDA:141,2,2,0
BRDA:141,2,3,0
BRF:11
BRH:0
end_of_record
TN:
SF:/home/pedro/as-tutor/frontend/src/components/AnimatedNumber.vue
FN:8,(anonymous_1)
FN:14,(anonymous_2)
FN:19,(anonymous_3)
FN:24,(anonymous_4)
FNF:4
FNH:0
FNDA:0,(anonymous_1)
FNDA:0,(anonymous_2)
FNDA:0,(anonymous_3)
FNDA:0,(anonymous_4)
DA:6,1
DA:9,2
DA:10,1
DA:11,0
DA:12,0
DA:15,0
DA:19,1
DA:20,0
DA:21,0
DA:22,0
DA:24,0
DA:25,0
DA:26,0
DA:27,0
DA:28,0
LF:15
LH:4
BRDA:21,0,0,0
BRDA:21,0,1,0
BRDA:25,1,0,0
BRDA:25,1,1,0
BRDA:27,2,0,0
BRDA:27,2,1,0
BRF:6
BRH:0
end_of_record
TN:
SF:/home/pedro/as-tutor/frontend/src/components/HelloWorld.vue
FNF:0
FNH:0
DA:138,1
DA:141,2
DA:142,1
LF:3
LH:3
BRF:0
BRH:0
end_of_record
TN:
SF:/home/pedro/as-tutor/frontend/src/models/management/Assessment.ts
FN:9,(anonymous_0)
FN:15,(anonymous_1)
FNF:2
FNH:0
FNDA:0,(anonymous_0)
FNDA:0,(anonymous_1)
DA:1,2
DA:4,0
DA:5,0
DA:6,0
DA:7,0
DA:10,0
DA:11,0
DA:12,0
DA:13,0
DA:14,0
DA:16,0
LF:11
LH:1
BRDA:10,0,0,0
BRDA:10,0,1,0
BRF:2
BRH:0
end_of_record
TN:
SF:/home/pedro/as-tutor/frontend/src/models/management/Option.ts
FN:7,(anonymous_0)
FNF:1
FNH:0
FNDA:0,(anonymous_0)
DA:2,0
DA:4,0
DA:5,0
DA:8,0
DA:9,0
DA:10,0
DA:11,0
DA:12,0
LF:8
LH:0
BRDA:8,0,0,0
BRDA:8,0,1,0
BRF:2
BRH:0
end_of_record
TN:
SF:/home/pedro/as-tutor/frontend/src/models/management/Question.ts
FN:19,(anonymous_0)
FN:30,(anonymous_1)
FN:33,(anonymous_2)
FN:40,(anonymous_3)
FN:47,(anonymous_4)
FNF:5
FNH:0
FNDA:0,(anonymous_0)
FNDA:0,(anonymous_1)
FNDA:0,(anonymous_2)
FNDA:0,(anonymous_3)
FNDA:0,(anonymous_4)
DA:1,2
DA:3,2
DA:6,0
DA:7,0
DA:8,0
DA:11,0
DA:13,0
DA:14,0
DA:16,0
DA:17,0
DA:20,0
DA:21,0
DA:22,0
DA:23,0
DA:24,0
DA:25,0
DA:26,0
DA:27,0
DA:29,0
DA:30,0
DA:33,0
DA:35,0
DA:36,0
DA:41,0
DA:42,0
DA:44,0
DA:48,0
DA:49,0
DA:51,0
LF:29
LH:2
BRDA:20,0,0,0
BRDA:20,0,1,0
BRDA:35,1,0,0
BRDA:35,1,1,0
BRDA:41,2,0,0
BRDA:41,2,1,0
BRDA:48,3,0,0
BRDA:48,3,1,0
BRF:8
BRH:0
end_of_record
TN:
SF:/home/pedro/as-tutor/frontend/src/models/management/Quiz.ts
FN:21,(anonymous_0)
FN:47,(anonymous_1)
FN:53,(anonymous_2)
FN:60,(anonymous_3)
FN:67,(anonymous_4)
FN:74,(anonymous_5)
FN:81,(anonymous_6)
FN:88,(anonymous_7)
FN:95,(anonymous_8)
FN:102,(anonymous_9)
FNF:10
FNH:0
FNDA:0,(anonymous_0)
FNDA:0,(anonymous_1)
FNDA:0,(anonymous_2)
FNDA:0,(anonymous_3)
FNDA:0,(anonymous_4)
FNDA:0,(anonymous_5)
FNDA:0,(anonymous_6)
FNDA:0,(anonymous_7)
FNDA:0,(anonymous_8)
FNDA:0,(anonymous_9)
DA:1,2
DA:19,0
DA:22,0
DA:23,0
DA:24,0
DA:25,0
DA:26,0
DA:27,0
DA:28,0
DA:29,0
DA:30,0
DA:31,0
DA:32,0
DA:34,0
DA:36,0
DA:37,0
DA:39,0
DA:40,0
DA:42,0
DA:43,0
DA:45,0
DA:46,0
DA:47,0
DA:54,0
DA:55,0
DA:57,0
DA:61,0
DA:62,0
DA:64,0
DA:68,0
DA:69,0
DA:71,0
DA:75,0
DA:76,0
DA:78,0
DA:82,0
DA:83,0
DA:85,0
DA:89,0
DA:90,0
DA:92,0
DA:96,0
DA:97,0
DA:99,0
DA:103,0
DA:104,0
DA:106,0
LF:47
LH:1
BRDA:22,0,0,0
BRDA:22,0,1,0
BRDA:34,1,0,0
BRDA:34,1,1,0
BRDA:36,2,0,0
BRDA:36,2,1,0
BRDA:39,3,0,0
BRDA:39,3,1,0
BRDA:42,4,0,0
BRDA:42,4,1,0
BRDA:45,5,0,0
BRDA:45,5,1,0
BRDA:54,6,0,0
BRDA:54,6,1,0
BRDA:61,7,0,0
BRDA:61,7,1,0
BRDA:68,8,0,0
BRDA:68,8,1,0
BRDA:75,9,0,0
BRDA:75,9,1,0
BRDA:82,10,0,0
BRDA:82,10,1,0
BRDA:89,11,0,0
BRDA:89,11,1,0
BRDA:96,12,0,0
BRDA:96,12,1,0
BRDA:103,13,0,0
BRDA:103,13,1,0
BRF:28
BRH:0
end_of_record
TN:
SF:/home/pedro/as-tutor/frontend/src/models/management/Student.ts
FN:13,(anonymous_0)
FNF:1
FNH:0
FNDA:0,(anonymous_0)
DA:3,0
DA:4,0
DA:14,0
DA:15,0
DA:16,0
DA:17,0
DA:18,0
DA:19,0
DA:20,0
DA:21,0
DA:22,0
DA:23,0
DA:24,0
LF:13
LH:0
BRDA:14,0,0,0
BRDA:14,0,1,0
BRF:2
BRH:0
end_of_record
TN:
SF:/home/pedro/as-tutor/frontend/src/models/management/Topic.ts
FN:7,(anonymous_0)
FNF:1
FNH:0
FNDA:0,(anonymous_0)
DA:4,0
DA:8,0
DA:9,0
DA:10,0
DA:11,0
DA:12,0
LF:6
LH:0
BRDA:8,0,0,0
BRDA:8,0,1,0
BRF:2
BRH:0
end_of_record
TN:
SF:/home/pedro/as-tutor/frontend/src/models/management/TopicConjunction.ts
FN:9,(anonymous_0)
FN:12,(anonymous_1)
FNF:2
FNH:0
FNDA:0,(anonymous_0)
FNDA:0,(anonymous_1)
DA:1,2
DA:4,2
DA:7,0
DA:10,0
DA:11,0
DA:12,0
DA:13,0
DA:16,0
LF:8
LH:2
BRDA:10,0,0,0
BRDA:10,0,1,0
BRF:2
BRH:0
end_of_record
TN:
SF:/home/pedro/as-tutor/frontend/src/models/statement/SolvedQuiz.ts
FN:11,(anonymous_0)
FN:16,(anonymous_1)
FN:20,(anonymous_2)
FNF:3
FNH:0
FNDA:0,(anonymous_0)
FNDA:0,(anonymous_1)
FNDA:0,(anonymous_2)
DA:1,2
DA:2,2
DA:3,2
DA:8,0
DA:9,0
DA:12,0
DA:13,0
DA:14,0
DA:16,0
DA:17,0
DA:20,0
DA:21,0
LF:12
LH:3
BRDA:12,0,0,0
BRDA:12,0,1,0
BRF:2
BRH:0
end_of_record
TN:
SF:/home/pedro/as-tutor/frontend/src/models/statement/StatementAnswer.ts
FN:6,(anonymous_0)
FNF:1
FNH:0
FNDA:0,(anonymous_0)
DA:3,0
DA:4,0
DA:7,0
DA:8,0
DA:9,0
DA:10,0
LF:6
LH:0
BRDA:7,0,0,0
BRDA:7,0,1,0
BRF:2
BRH:0
end_of_record
TN:
SF:/home/pedro/as-tutor/frontend/src/models/statement/StatementCorrectAnswer.ts
FN:5,(anonymous_0)
FNF:1
FNH:0
FNDA:0,(anonymous_0)
DA:6,0
DA:7,0
DA:8,0
LF:3
LH:0
BRDA:6,0,0,0
BRDA:6,0,1,0
BRF:2
BRH:0
end_of_record
TN:
SF:/home/pedro/as-tutor/frontend/src/models/statement/StatementOption.ts
FN:5,(anonymous_0)
FNF:1
FNH:0
FNDA:0,(anonymous_0)
DA:6,0
DA:7,0
DA:8,0
LF:3
LH:0
BRDA:6,0,0,0
BRDA:6,0,1,0
BRF:2
BRH:0
end_of_record
TN:
SF:/home/pedro/as-tutor/frontend/src/models/statement/StatementQuestion.ts
FN:12,(anonymous_0)
FN:21,(anonymous_1)
FNF:2
FNH:0
FNDA:0,(anonymous_0)
FNDA:0,(anonymous_1)
DA:1,2
DA:3,2
DA:8,0
DA:10,0
DA:13,0
DA:14,0
DA:15,0
DA:16,0
DA:18,0
DA:19,0
DA:21,0
LF:11
LH:2
BRDA:13,0,0,0
BRDA:13,0,1,0
BRDA:18,1,0,0
BRDA:18,1,1,0
BRF:4
BRH:0
end_of_record
TN:
SF:/home/pedro/as-tutor/frontend/src/models/statement/StatementQuiz.ts
FN:11,(anonymous_0)
FN:21,(anonymous_1)
FNF:2
FNH:0
FNDA:0,(anonymous_0)
FNDA:0,(anonymous_1)
DA:1,2
DA:8,0
DA:9,0
DA:12,0
DA:13,0
DA:14,0
DA:15,0
DA:16,0
DA:17,0
DA:18,0
DA:21,0
DA:22,0
LF:12
LH:1
BRDA:12,0,0,0
BRDA:12,0,1,0
BRDA:17,1,0,0
BRDA:17,1,1,0
BRF:4
BRH:0
end_of_record
TN:
SF:/home/pedro/as-tutor/frontend/src/models/statement/StudentStats.ts
FN:12,(anonymous_0)
FNF:1
FNH:0
FNDA:0,(anonymous_0)
DA:13,0
DA:14,0
DA:15,0
DA:16,0
DA:17,0
DA:18,0
DA:19,0
DA:20,0
DA:21,0
LF:9
LH:0
BRDA:13,0,0,0
BRDA:13,0,1,0
BRF:2
BRH:0
end_of_record
TN:
SF:/home/pedro/as-tutor/frontend/src/models/user/AuthDto.ts
FN:7,(anonymous_0)
FNF:1
FNH:0
FNDA:0,(anonymous_0)
DA:1,2
DA:8,0
DA:9,0
DA:10,0
LF:4
LH:1
BRDA:8,0,0,0
BRDA:8,0,1,0
BRF:2
BRH:0
end_of_record
TN:
SF:/home/pedro/as-tutor/frontend/src/models/user/Course.ts
FN:7,(anonymous_0)
FNF:1
FNH:0
FNDA:0,(anonymous_0)
DA:8,0
DA:9,0
DA:10,0
DA:11,0
DA:12,0
LF:5
LH:0
BRDA:8,0,0,0
BRDA:8,0,1,0
BRF:2
BRH:0
end_of_record
TN:
SF:/home/pedro/as-tutor/frontend/src/models/user/User.ts
FN:14,(anonymous_0)
FN:22,(anonymous_1)
FNF:2
FNH:0
FNDA:0,(anonymous_0)
FNDA:0,(anonymous_1)
DA:1,2
DA:11,0
DA:12,0
DA:15,0
DA:16,0
DA:17,0
DA:18,0
DA:21,0
DA:22,0
DA:23,0
DA:27,0
LF:11
LH:1
BRDA:15,0,0,0
BRDA:15,0,1,0
BRF:2
BRH:0
end_of_record
TN:
SF:/home/pedro/as-tutor/frontend/src/services/RemoteServices.ts
FN:20,(anonymous_0)
FN:31,(anonymous_1)
FN:35,(anonymous_2)
FN:38,(anonymous_3)
FN:41,(anonymous_4)
FN:46,(anonymous_5)
FN:49,(anonymous_6)
FN:52,(anonymous_7)
FN:57,(anonymous_8)
FN:60,(anonymous_9)
FN:63,(anonymous_10)
FN:68,(anonymous_11)
FN:71,(anonymous_12)
FN:74,(anonymous_13)
FN:79,(anonymous_14)
FN:82,(anonymous_15)
FN:83,(anonymous_16)
FN:87,(anonymous_17)
FN:92,(anonymous_18)
FN:97,(anonymous_19)
FN:98,(anonymous_20)
FN:102,(anonymous_21)
FN:107,(anonymous_22)
FN:113,(anonymous_23)
FN:116,(anonymous_24)
FN:121,(anonymous_25)
FN:124,(anonymous_26)
FN:127,(anonymous_27)
FN:132,(anonymous_28)
FN:133,(anonymous_29)
FN:138,(anonymous_30)
FN:144,(anonymous_31)
FN:147,(anonymous_32)
FN:152,(anonymous_33)
FN:161,(anonymous_34)
FN:164,(anonymous_35)
FN:169,(anonymous_36)
FN:173,(anonymous_37)
FN:176,(anonymous_38)
FN:177,(anonymous_39)
FN:181,(anonymous_40)
FN:186,(anonymous_41)
FN:192,(anonymous_42)
FN:195,(anonymous_43)
FN:200,(anonymous_44)
FN:203,(anonymous_45)
FN:204,(anonymous_46)
FN:208,(anonymous_47)
FN:213,(anonymous_48)
FN:216,(anonymous_49)
FN:217,(anonymous_50)
FN:221,(anonymous_51)
FN:226,(anonymous_52)
FN:229,(anonymous_53)
FN:230,(anonymous_54)
FN:234,(anonymous_55)
FN:239,(anonymous_56)
FN:242,(anonymous_57)
FN:245,(anonymous_58)
FN:250,(anonymous_59)
FN:253,(anonymous_60)
FN:256,(anonymous_61)
FN:261,(anonymous_62)
FN:262,(anonymous_63)
FN:267,(anonymous_64)
FN:272,(anonymous_65)
FN:273,(anonymous_66)
FN:277,(anonymous_67)
FN:282,(anonymous_68)
FN:283,(anonymous_69)
FN:288,(anonymous_70)
FN:291,(anonymous_71)
FN:294,(anonymous_72)
FN:299,(anonymous_73)
FN:303,(anonymous_74)
FN:306,(anonymous_75)
FN:312,(anonymous_76)
FN:315,(anonymous_77)
FN:321,(anonymous_78)
FN:324,(anonymous_79)
FN:325,(anonymous_80)
FN:329,(anonymous_81)
FN:334,(anonymous_82)
FN:337,(anonymous_83)
FN:338,(anonymous_84)
FN:342,(anonymous_85)
FN:347,(anonymous_86)
FN:350,(anonymous_87)
FN:351,(anonymous_88)
FN:355,(anonymous_89)
FN:360,(anonymous_90)
FN:365,(anonymous_91)
FN:366,(anonymous_92)
FN:370,(anonymous_93)
FN:375,(anonymous_94)
FN:379,(anonymous_95)
FN:382,(anonymous_96)
FN:391,(anonymous_97)
FN:394,(anonymous_98)
FN:400,(anonymous_99)
FN:403,(anonymous_100)
FN:408,(anonymous_101)
FN:418,(anonymous_102)
FN:421,(anonymous_103)
FN:426,(anonymous_104)
FN:431,(anonymous_105)
FN:443,(anonymous_106)
FN:448,(anonymous_107)
FNF:108
FNH:5
FNDA:1,(anonymous_0)
FNDA:0,(anonymous_1)
FNDA:0,(anonymous_2)
FNDA:0,(anonymous_3)
FNDA:0,(anonymous_4)
FNDA:1,(anonymous_5)
FNDA:0,(anonymous_6)
FNDA:1,(anonymous_7)
FNDA:0,(anonymous_8)
FNDA:0,(anonymous_9)
FNDA:0,(anonymous_10)
FNDA:1,(anonymous_11)
FNDA:0,(anonymous_12)
FNDA:0,(anonymous_13)
FNDA:0,(anonymous_14)
FNDA:0,(anonymous_15)
FNDA:0,(anonymous_16)
FNDA:0,(anonymous_17)
FNDA:0,(anonymous_18)
FNDA:0,(anonymous_19)
FNDA:0,(anonymous_20)
FNDA:0,(anonymous_21)
FNDA:0,(anonymous_22)
FNDA:0,(anonymous_23)
FNDA:0,(anonymous_24)
FNDA:0,(anonymous_25)
FNDA:0,(anonymous_26)
FNDA:0,(anonymous_27)
FNDA:0,(anonymous_28)
FNDA:0,(anonymous_29)
FNDA:0,(anonymous_30)
FNDA:0,(anonymous_31)
FNDA:0,(anonymous_32)
FNDA:0,(anonymous_33)
FNDA:0,(anonymous_34)
FNDA:0,(anonymous_35)
FNDA:0,(anonymous_36)
FNDA:0,(anonymous_37)
FNDA:0,(anonymous_38)
FNDA:0,(anonymous_39)
FNDA:0,(anonymous_40)
FNDA:0,(anonymous_41)
FNDA:0,(anonymous_42)
FNDA:0,(anonymous_43)
FNDA:0,(anonymous_44)
FNDA:0,(anonymous_45)
FNDA:0,(anonymous_46)
FNDA:0,(anonymous_47)
FNDA:0,(anonymous_48)
FNDA:0,(anonymous_49)
FNDA:0,(anonymous_50)
FNDA:0,(anonymous_51)
FNDA:0,(anonymous_52)
FNDA:0,(anonymous_53)
FNDA:0,(anonymous_54)
FNDA:0,(anonymous_55)
FNDA:0,(anonymous_56)
FNDA:0,(anonymous_57)
FNDA:0,(anonymous_58)
FNDA:0,(anonymous_59)
FNDA:0,(anonymous_60)
FNDA:0,(anonymous_61)
FNDA:0,(anonymous_62)
FNDA:0,(anonymous_63)
FNDA:0,(anonymous_64)
FNDA:0,(anonymous_65)
FNDA:0,(anonymous_66)
FNDA:0,(anonymous_67)
FNDA:0,(anonymous_68)
FNDA:0,(anonymous_69)
FNDA:0,(anonymous_70)
FNDA:0,(anonymous_71)
FNDA:0,(anonymous_72)
FNDA:0,(anonymous_73)
FNDA:0,(anonymous_74)
FNDA:0,(anonymous_75)
FNDA:0,(anonymous_76)
FNDA:0,(anonymous_77)
FNDA:0,(anonymous_78)
FNDA:0,(anonymous_79)
FNDA:0,(anonymous_80)
FNDA:0,(anonymous_81)
FNDA:0,(anonymous_82)
FNDA:0,(anonymous_83)
FNDA:0,(anonymous_84)
FNDA:0,(anonymous_85)
FNDA:0,(anonymous_86)
FNDA:0,(anonymous_87)
FNDA:0,(anonymous_88)
FNDA:0,(anonymous_89)
FNDA:0,(anonymous_90)
FNDA:0,(anonymous_91)
FNDA:0,(anonymous_92)
FNDA:0,(anonymous_93)
FNDA:0,(anonymous_94)
FNDA:0,(anonymous_95)
FNDA:0,(anonymous_96)
FNDA:0,(anonymous_97)
FNDA:0,(anonymous_98)
FNDA:0,(anonymous_99)
FNDA:0,(anonymous_100)
FNDA:0,(anonymous_101)
FNDA:0,(anonymous_102)
FNDA:0,(anonymous_103)
FNDA:0,(anonymous_104)
FNDA:0,(anonymous_105)
FNDA:0,(anonymous_106)
FNDA:1,(anonymous_107)
DA:1,2
DA:2,2
DA:3,2
DA:4,2
DA:5,2
DA:6,2
DA:7,2
DA:8,2
DA:9,2
DA:10,2
DA:11,2
DA:12,2
DA:13,2
DA:15,2
DA:16,2
DA:17,2
DA:18,2
DA:19,2
DA:21,1
DA:22,1
DA:24,1
DA:25,0
DA:29,1
DA:31,0
DA:36,0
DA:39,0
DA:42,0
DA:47,1
DA:50,0
DA:53,1
DA:58,0
DA:61,0
DA:64,0
DA:69,1
DA:72,0
DA:75,0
DA:80,0
DA:83,0
DA:84,0
DA:88,0
DA:93,0
DA:98,0
DA:99,0
DA:103,0
DA:108,0
DA:114,0
DA:117,0
DA:122,0
DA:125,0
DA:128,0
DA:133,0
DA:134,0
DA:142,0
DA:145,0
DA:148,0
DA:153,0
DA:154,0
DA:155,0
DA:162,0
DA:165,0
DA:170,0
DA:174,0
DA:177,0
DA:178,0
DA:182,0
DA:187,0
DA:193,0
DA:196,0
DA:201,0
DA:204,0
DA:205,0
DA:209,0
DA:214,0
DA:217,0
DA:218,0
DA:222,0
DA:227,0
DA:230,0
DA:231,0
DA:235,0
DA:240,0
DA:243,0
DA:246,0
DA:251,0
DA:254,0
DA:257,0
DA:262,0
DA:263,0
DA:268,0
DA:273,0
DA:274,0
DA:278,0
DA:283,0
DA:284,0
DA:289,0
DA:292,0
DA:295,0
DA:300,0
DA:301,0
DA:304,0
DA:307,0
DA:310,0
DA:313,0
DA:316,0
DA:322,0
DA:325,0
DA:326,0
DA:330,0
DA:335,0
DA:338,0
DA:339,0
DA:343,0
DA:348,0
DA:351,0
DA:352,0
DA:356,0
DA:361,0
DA:366,0
DA:367,0
DA:371,0
DA:376,0
DA:377,0
DA:380,0
DA:383,0
DA:386,0
DA:392,0
DA:395,0
DA:401,0
DA:404,0
DA:412,0
DA:419,0
DA:422,0
DA:427,0
DA:432,0
DA:433,0
DA:434,0
DA:435,0
DA:436,0
DA:440,0
DA:441,0
DA:444,0
DA:449,1
DA:450,1
DA:451,0
DA:452,0
DA:453,0
DA:454,0
DA:455,0
DA:456,0
DA:457,0
DA:459,0
LF:151
LH:27
BRDA:21,0,0,1
BRDA:21,0,1,0
BRDA:24,1,0,0
BRDA:24,1,1,1
BRDA:300,2,0,0
BRDA:300,2,1,0
BRDA:376,3,0,0
BRDA:376,3,1,0
BRDA:449,4,0,1
BRDA:449,4,1,0
BRDA:451,5,0,0
BRDA:451,5,1,0
BRDA:453,6,0,0
BRDA:453,6,1,0
BRDA:455,7,0,0
BRDA:455,7,1,0
BRF:16
BRH:3
end_of_record
TN:
SF:/home/pedro/as-tutor/frontend/src/views/student/StatsView.vue
FN:70,(anonymous_1)
FN:76,(anonymous_2)
FNF:2
FNH:2
FNDA:1,(anonymous_1)
FNDA:1,(anonymous_2)
DA:65,1
DA:67,1
DA:68,1
DA:73,1
DA:74,1
DA:77,1
DA:78,1
DA:79,1
DA:81,1
DA:83,1
LF:10
LH:10
BRF:0
BRH:0
end_of_record
