GROUP,PACKAGE,CLASS,INSTRUCTION_MISSED,INSTRUCTION_COVERED,BRANCH_MISSED,BRANCH_COVERED,LINE_MISSED,LINE_COVERED,COMPLEXITY_MISSED,COMPLEXITY_COVERED,METHOD_MISSED,METHOD_COVERED
tutor,pt.ulisboa.tecnico.socialsoftware.tutor.statistics,StatsController,20,3,2,0,4,1,2,1,1,1
tutor,pt.ulisboa.tecnico.socialsoftware.tutor.statistics,StatsService,215,3,6,0,44,1,13,1,10,1
tutor,pt.ulisboa.tecnico.socialsoftware.tutor.statistics,StatsDto,133,0,0,0,42,0,22,0,22,0
tutor,pt.ulisboa.tecnico.socialsoftware.tutor.answer,AnswerService,431,634,23,53,68,121,41,44,26,21
tutor,pt.ulisboa.tecnico.socialsoftware.tutor.answer,ExternalQuizSolvedEvent,31,0,0,0,10,0,5,0,5,0
tutor,pt.ulisboa.tecnico.socialsoftware.tutor.answer,AnswerController,92,7,0,0,15,2,8,2,8,2
tutor,pt.ulisboa.tecnico.socialsoftware.tutor.impexp,ImportExportController,48,7,0,0,13,2,2,2,2,2
tutor,pt.ulisboa.tecnico.socialsoftware.tutor.impexp,ImpExpService,314,3,4,0,64,1,10,1,8,1
tutor,pt.ulisboa.tecnico.socialsoftware.tutor.questionsubmission.dto,UserQuestionSubmissionInfoDto,38,142,5,7,8,35,8,15,4,13
tutor,pt.ulisboa.tecnico.socialsoftware.tutor.questionsubmission.dto,ReviewDto,0,103,0,2,0,28,0,19,0,18
tutor,pt.ulisboa.tecnico.socialsoftware.tutor.questionsubmission.dto,QuestionSubmissionDto,23,93,1,1,4,25,5,15,4,15
tutor,pt.ulisboa.tecnico.socialsoftware.tutor.user.dto,ExternalUserDto,77,101,0,0,25,34,9,17,9,17
tutor,pt.ulisboa.tecnico.socialsoftware.tutor.demoutils,DemoUtils,22,3,0,0,8,1,1,1,1,1
tutor,pt.ulisboa.tecnico.socialsoftware.tutor.questionsubmission,QuestionSubmissionController,85,3,2,0,19,1,12,1,11,1
tutor,pt.ulisboa.tecnico.socialsoftware.tutor.questionsubmission,QuestionSubmissionService,82,331,3,21,12,72,10,29,8,19
tutor,pt.ulisboa.tecnico.socialsoftware.tutor.questionsubmission,QuestionSubmissionApplicationalService,84,9,4,0,24,3,5,2,3,2
tutor,pt.ulisboa.tecnico.socialsoftware.tutor.discussion.api,DiscussionController,56,3,0,0,10,1,8,1,8,1
tutor,pt.ulisboa.tecnico.socialsoftware.tutor.config,EventBusConfig,0,7,0,0,0,2,0,2,0,2
tutor,pt.ulisboa.tecnico.socialsoftware.tutor.config,TutorModuleConfiguration,0,3,0,0,0,1,0,1,0,1
tutor,pt.ulisboa.tecnico.socialsoftware.tutor.config,EventSubscribeBeanPostProcessor,6,51,1,5,2,8,1,5,0,3
tutor,pt.ulisboa.tecnico.socialsoftware.tutor.question,QuestionService,307,169,13,3,56,31,25,14,18,13
tutor,pt.ulisboa.tecnico.socialsoftware.tutor.question,TopicService,153,82,2,2,22,17,13,6,12,5
tutor,pt.ulisboa.tecnico.socialsoftware.tutor.discussion.dto,DiscussionDto,56,99,2,4,17,29,13,11,11,10
tutor,pt.ulisboa.tecnico.socialsoftware.tutor.discussion.dto,ReplyDto,57,69,1,1,18,23,12,9,11,9
tutor,pt.ulisboa.tecnico.socialsoftware.tutor.answer.dto,MultipleChoiceStatementAnswerDetailsDto,19,41,3,1,3,14,5,6,3,6
tutor,pt.ulisboa.tecnico.socialsoftware.tutor.answer.dto,QuizAnswerDto,53,48,0,0,19,13,13,2,13,2
tutor,pt.ulisboa.tecnico.socialsoftware.tutor.answer.dto,CodeFillInCorrectAnswerDto,20,0,0,0,9,0,3,0,3,0
tutor,pt.ulisboa.tecnico.socialsoftware.tutor.answer.dto,StatementCreationDto,6,17,0,0,1,7,1,5,1,5
tutor,pt.ulisboa.tecnico.socialsoftware.tutor.answer.dto,CodeOrderSlotStatementAnswerDetailsDto,38,0,0,0,16,0,7,0,7,0
tutor,pt.ulisboa.tecnico.socialsoftware.tutor.answer.dto,CodeOrderAnswerDto,35,8,2,0,8,3,4,1,3,1
tutor,pt.ulisboa.tecnico.socialsoftware.tutor.answer.dto,StatementOptionDto,31,11,0,0,11,4,6,1,6,1
tutor,pt.ulisboa.tecnico.socialsoftware.tutor.answer.dto,StatementAnswerDto,33,89,1,3,4,32,4,18,3,17
tutor,pt.ulisboa.tecnico.socialsoftware.tutor.answer.dto,CodeFillInStatementAnswerDetailsDto,79,0,6,0,19,0,12,0,9,0
tutor,pt.ulisboa.tecnico.socialsoftware.tutor.answer.dto,StatementQuizDto,69,157,4,6,20,35,15,15,12,13
tutor,pt.ulisboa.tecnico.socialsoftware.tutor.answer.dto,CodeOrderAnswerSlotDto,63,0,0,0,23,0,10,0,10,0
tutor,pt.ulisboa.tecnico.socialsoftware.tutor.answer.dto,CodeFillInOptionStatementAnswerDto,40,0,0,0,16,0,8,0,8,0
tutor,pt.ulisboa.tecnico.socialsoftware.tutor.answer.dto,CodeOrderStatementAnswerDetailsDto,86,0,6,0,22,0,12,0,9,0
tutor,pt.ulisboa.tecnico.socialsoftware.tutor.answer.dto,CorrectAnswerDetailsDto,0,3,0,0,0,1,0,1,0,1
tutor,pt.ulisboa.tecnico.socialsoftware.tutor.answer.dto,StatementAnswerDetailsDto,0,3,0,0,0,1,0,1,0,1
tutor,pt.ulisboa.tecnico.socialsoftware.tutor.answer.dto,StatementFillInSpotsDto,37,0,0,0,13,0,6,0,6,0
tutor,pt.ulisboa.tecnico.socialsoftware.tutor.answer.dto,MultipleChoiceStatementQuestionDetailsDto,11,13,0,0,4,5,3,1,3,1
tutor,pt.ulisboa.tecnico.socialsoftware.tutor.answer.dto,CodeFillInAnswerDto,28,8,2,0,7,3,4,1,3,1
tutor,pt.ulisboa.tecnico.socialsoftware.tutor.answer.dto,CodeOrderStatementQuestionDetailsDto,40,0,0,0,12,0,6,0,6,0
tutor,pt.ulisboa.tecnico.socialsoftware.tutor.answer.dto,CodeOrderCorrectAnswerDto,27,0,0,0,10,0,3,0,3,0
tutor,pt.ulisboa.tecnico.socialsoftware.tutor.answer.dto,SolvedQuizDto,31,39,0,0,10,11,6,3,6,3
tutor,pt.ulisboa.tecnico.socialsoftware.tutor.answer.dto,CodeFillInStatementQuestionDetailsDto,50,0,0,0,15,0,8,0,8,0
tutor,pt.ulisboa.tecnico.socialsoftware.tutor.answer.dto,StatementQuestionDto,63,34,3,3,21,11,12,4,10,3
tutor,pt.ulisboa.tecnico.socialsoftware.tutor.answer.dto,CodeFillInSpotCorrectAnswerDto,32,0,0,0,10,0,5,0,5,0
tutor,pt.ulisboa.tecnico.socialsoftware.tutor.answer.dto,MultipleChoiceCorrectAnswerDto,8,10,0,0,3,4,2,2,2,2
tutor,pt.ulisboa.tecnico.socialsoftware.tutor.answer.dto,QuestionAnswerDto,22,19,1,1,9,5,6,1,5,1
tutor,pt.ulisboa.tecnico.socialsoftware.tutor.answer.dto,QuizAnswersDto,29,0,0,0,11,0,7,0,7,0
tutor,pt.ulisboa.tecnico.socialsoftware.tutor.answer.dto,AnswerDetailsDto,0,3,0,0,0,1,0,1,0,1
tutor,pt.ulisboa.tecnico.socialsoftware.tutor.answer.dto,StatementQuestionDetailsDto,0,3,0,0,0,1,0,1,0,1
tutor,pt.ulisboa.tecnico.socialsoftware.tutor.answer.dto,CodeOrderSlotStatementQuestionDetailsDto,25,0,0,0,10,0,5,0,5,0
tutor,pt.ulisboa.tecnico.socialsoftware.tutor.answer.dto,CorrectAnswerDto,14,18,0,0,5,6,3,3,3,3
tutor,pt.ulisboa.tecnico.socialsoftware.tutor.answer.dto,MultipleChoiceAnswerDto,18,3,2,0,7,2,4,1,3,1
tutor,pt.ulisboa.tecnico.socialsoftware.tutor.auth.domain,AuthExternalUser,0,103,0,6,0,31,0,15,0,12
tutor,pt.ulisboa.tecnico.socialsoftware.tutor.auth.domain,AuthTecnicoUser,0,18,0,0,0,7,0,5,0,5
tutor,pt.ulisboa.tecnico.socialsoftware.tutor.auth.domain,AuthDemoUser,2,16,0,0,1,4,1,3,1,3
tutor,pt.ulisboa.tecnico.socialsoftware.tutor.auth.domain,AuthUser.Type,0,34,0,0,0,1,0,1,0,1
tutor,pt.ulisboa.tecnico.socialsoftware.tutor.auth.domain,AuthUser,23,160,2,16,10,41,9,27,7,19
tutor,pt.ulisboa.tecnico.socialsoftware.tutor.execution.domain,CourseExecution,130,460,12,40,18,111,21,56,12,39
tutor,pt.ulisboa.tecnico.socialsoftware.tutor.execution.domain,Assessment,51,119,2,2,11,35,8,17,6,17
tutor,pt.ulisboa.tecnico.socialsoftware.tutor.execution.domain,Assessment.Status,0,34,0,0,0,2,0,1,0,1
tutor,pt.ulisboa.tecnico.socialsoftware.tutor.execution.domain,TopicConjunction,53,123,10,6,8,25,9,17,3,15
tutor,pt.ulisboa.tecnico.socialsoftware.tutor.discussion.domain,Discussion,74,187,6,16,19,54,14,26,8,21
tutor,pt.ulisboa.tecnico.socialsoftware.tutor.discussion.domain,Reply,30,110,0,10,8,34,4,20,4,15
tutor,pt.ulisboa.tecnico.socialsoftware.tutor,TutorTestApplication,5,3,0,0,2,1,1,1,1,1
tutor,pt.ulisboa.tecnico.socialsoftware.tutor.quiz,QuizService,905,189,41,3,168,36,58,11,37,10
tutor,pt.ulisboa.tecnico.socialsoftware.tutor.quiz,QuizController,69,7,0,0,16,2,9,2,9,2
tutor,pt.ulisboa.tecnico.socialsoftware.tutor.execution.api,CourseExecutionController,190,3,10,0,42,1,16,1,11,1
tutor,pt.ulisboa.tecnico.socialsoftware.tutor.execution.api,AssessmentController,39,6,0,0,9,3,7,1,7,1
tutor,pt.ulisboa.tecnico.socialsoftware.tutor.impexp.domain,UsersXmlExport,2,251,8,16,0,56,8,11,0,7
tutor,pt.ulisboa.tecnico.socialsoftware.tutor.impexp.domain,TopicsXmlExport,0,130,0,4,0,31,0,9,0,7
tutor,pt.ulisboa.tecnico.socialsoftware.tutor.impexp.domain,TopicsXmlImport,33,171,1,5,7,41,2,8,1,6
tutor,pt.ulisboa.tecnico.socialsoftware.tutor.impexp.domain,QuizzesXmlExport,13,233,5,7,2,48,5,9,0,8
tutor,pt.ulisboa.tecnico.socialsoftware.tutor.impexp.domain,LatexQuizExportVisitor,0,47,0,2,0,10,0,5,0,4
tutor,pt.ulisboa.tecnico.socialsoftware.tutor.impexp.domain,CSVQuizExportVisitor,623,0,22,0,108,0,30,0,19,0
tutor,pt.ulisboa.tecnico.socialsoftware.tutor.impexp.domain,UsersXmlImport,31,316,9,21,9,82,9,14,0,8
tutor,pt.ulisboa.tecnico.socialsoftware.tutor.impexp.domain,Visitor,24,0,0,0,24,0,24,0,24,0
tutor,pt.ulisboa.tecnico.socialsoftware.tutor.impexp.domain,XMLQuestionExportVisitor,0,382,3,5,0,86,3,14,0,13
tutor,pt.ulisboa.tecnico.socialsoftware.tutor.impexp.domain,AnswersXmlExportVisitor,0,431,4,16,0,86,4,16,0,10
tutor,pt.ulisboa.tecnico.socialsoftware.tutor.impexp.domain,LatexVisitor,1,333,1,5,0,81,1,19,0,17
tutor,pt.ulisboa.tecnico.socialsoftware.tutor.impexp.domain,LatexQuestionExportVisitor,0,24,0,2,0,7,0,4,0,3
tutor,pt.ulisboa.tecnico.socialsoftware.tutor.impexp.domain,QuestionsXmlImport,40,431,4,16,8,105,5,15,1,8
tutor,pt.ulisboa.tecnico.socialsoftware.tutor.impexp.domain,TarGZip,121,0,6,0,30,0,6,0,3,0
tutor,pt.ulisboa.tecnico.socialsoftware.tutor.impexp.domain,QuizzesXmlImport,60,321,8,12,8,82,12,8,4,6
tutor,pt.ulisboa.tecnico.socialsoftware.tutor.impexp.domain,AnswersXmlImport,288,409,16,16,61,92,23,21,11,16
tutor,pt.ulisboa.tecnico.socialsoftware.tutor.execution,AssessmentService,155,227,2,4,25,45,16,14,15,12
tutor,pt.ulisboa.tecnico.socialsoftware.tutor.execution,CourseExecutionService,192,363,16,10,30,79,22,24,13,20
tutor,pt.ulisboa.tecnico.socialsoftware.tutor.user,UserService,140,476,11,31,21,103,20,33,12,20
tutor,pt.ulisboa.tecnico.socialsoftware.tutor.user,UserController,22,3,0,0,4,1,3,1,3,1
tutor,pt.ulisboa.tecnico.socialsoftware.tutor.user,UserApplicationalService,1,116,1,5,0,22,1,11,0,9
tutor,pt.ulisboa.tecnico.socialsoftware.tutor.user.domain,User,232,1066,17,65,46,235,34,102,19,73
tutor,pt.ulisboa.tecnico.socialsoftware.tutor.user.domain,User.Role,0,44,0,0,0,1,0,1,0,1
tutor,pt.ulisboa.tecnico.socialsoftware.tutor.question.domain,Option,35,104,4,4,8,34,7,14,3,14
tutor,pt.ulisboa.tecnico.socialsoftware.tutor.question.domain,Question,108,608,12,38,15,142,15,67,6,51
tutor,pt.ulisboa.tecnico.socialsoftware.tutor.question.domain,Updator,3,0,0,0,3,0,3,0,3,0
tutor,pt.ulisboa.tecnico.socialsoftware.tutor.question.domain,CodeOrderSlot,11,81,0,0,5,28,3,13,3,13
tutor,pt.ulisboa.tecnico.socialsoftware.tutor.question.domain,Course,19,153,1,11,4,38,3,22,2,17
tutor,pt.ulisboa.tecnico.socialsoftware.tutor.question.domain,CodeFillInOption,11,88,0,0,5,30,2,14,2,14
tutor,pt.ulisboa.tecnico.socialsoftware.tutor.question.domain,Topic,69,131,8,2,15,34,11,14,6,14
tutor,pt.ulisboa.tecnico.socialsoftware.tutor.question.domain,CodeOrderQuestion,167,177,6,14,33,49,20,19,16,13
tutor,pt.ulisboa.tecnico.socialsoftware.tutor.question.domain,Question.Status,0,44,0,0,0,2,0,1,0,1
tutor,pt.ulisboa.tecnico.socialsoftware.tutor.question.domain,CodeFillInQuestion,168,145,8,8,36,45,16,17,11,14
tutor,pt.ulisboa.tecnico.socialsoftware.tutor.question.domain,Image,22,62,2,2,6,22,5,10,3,10
tutor,pt.ulisboa.tecnico.socialsoftware.tutor.question.domain,MultipleChoiceQuestion,74,208,5,11,14,58,10,25,7,20
tutor,pt.ulisboa.tecnico.socialsoftware.tutor.question.domain,QuestionDetails,8,19,0,0,3,9,1,5,1,5
tutor,pt.ulisboa.tecnico.socialsoftware.tutor.question.domain,CodeFillInSpot,28,144,2,8,9,38,4,15,3,11
tutor,pt.ulisboa.tecnico.socialsoftware.tutor.questionsubmission.domain,QuestionSubmission.Status,0,44,0,0,0,2,0,1,0,1
tutor,pt.ulisboa.tecnico.socialsoftware.tutor.questionsubmission.domain,QuestionSubmission,24,152,1,7,4,51,2,24,1,19
tutor,pt.ulisboa.tecnico.socialsoftware.tutor.questionsubmission.domain,Review.Type,0,54,0,0,0,2,0,1,0,1
tutor,pt.ulisboa.tecnico.socialsoftware.tutor.questionsubmission.domain,Review,27,99,2,8,5,32,4,17,2,14
tutor,pt.ulisboa.tecnico.socialsoftware.tutor.auth.dto,AuthDto,11,12,0,0,5,5,3,2,3,2
tutor,pt.ulisboa.tecnico.socialsoftware.tutor.auth.dto,AuthUserDto,40,165,2,6,18,35,13,12,11,10
tutor,pt.ulisboa.tecnico.socialsoftware.tutor.quiz.dto,QuizQuestionDto,16,14,0,0,5,5,4,2,4,2
tutor,pt.ulisboa.tecnico.socialsoftware.tutor.quiz.domain,Quiz,138,539,16,42,23,145,17,62,6,44
tutor,pt.ulisboa.tecnico.socialsoftware.tutor.quiz.domain,QuizQuestion,11,90,1,1,2,32,2,14,1,14
tutor,pt.ulisboa.tecnico.socialsoftware.tutor.auth,FenixEduInterface,232,0,16,0,52,0,18,0,10,0
tutor,pt.ulisboa.tecnico.socialsoftware.tutor.auth,JwtConfigurer,18,0,0,0,6,0,2,0,2,0
tutor,pt.ulisboa.tecnico.socialsoftware.tutor.auth,AuthConfiguration,0,7,0,0,0,2,0,2,0,2
tutor,pt.ulisboa.tecnico.socialsoftware.tutor.auth,AuthUserService,2,438,4,30,0,89,4,34,0,21
tutor,pt.ulisboa.tecnico.socialsoftware.tutor.auth,AuthController,45,3,0,0,9,1,5,1,5,1
tutor,pt.ulisboa.tecnico.socialsoftware.tutor.auth,JwtTokenProvider,72,67,10,2,13,23,9,5,4,4
tutor,pt.ulisboa.tecnico.socialsoftware.tutor.auth,JwtTokenFilter,56,0,2,0,20,0,3,0,2,0
tutor,pt.ulisboa.tecnico.socialsoftware.tutor.question.api,QuestionController,186,10,12,0,36,4,17,2,11,2
tutor,pt.ulisboa.tecnico.socialsoftware.tutor.question.api,TopicController,32,7,0,0,7,2,5,2,5,2
tutor,pt.ulisboa.tecnico.socialsoftware.tutor.api,MonolithService,58,3,0,0,12,1,9,1,9,1
tutor,pt.ulisboa.tecnico.socialsoftware.tutor.answer.domain,CodeOrderAnswerSlot,17,43,0,0,5,18,4,8,4,8
tutor,pt.ulisboa.tecnico.socialsoftware.tutor.answer.domain,CodeFillInAnswer,143,52,13,3,31,13,17,7,9,7
tutor,pt.ulisboa.tecnico.socialsoftware.tutor.answer.domain,CodeOrderAnswerItem,30,3,0,0,11,2,2,1,2,1
tutor,pt.ulisboa.tecnico.socialsoftware.tutor.answer.domain,CodeOrderSlotAnswerItem,28,0,0,0,11,0,6,0,6,0
tutor,pt.ulisboa.tecnico.socialsoftware.tutor.answer.domain,QuestionAnswer,24,159,10,14,3,54,8,27,1,22
tutor,pt.ulisboa.tecnico.socialsoftware.tutor.answer.domain,CodeFillInAnswerItem,21,3,0,0,7,2,2,1,2,1
tutor,pt.ulisboa.tecnico.socialsoftware.tutor.answer.domain,CodeOrderAnswer,115,42,9,3,23,12,12,6,6,6
tutor,pt.ulisboa.tecnico.socialsoftware.tutor.answer.domain,MultipleChoiceAnswer,40,87,10,6,5,29,12,11,4,11
tutor,pt.ulisboa.tecnico.socialsoftware.tutor.answer.domain,QuizAnswerItem.new TypeReference() {...},0,6,0,0,0,1,0,1,0,1
tutor,pt.ulisboa.tecnico.socialsoftware.tutor.answer.domain,MultipleChoiceAnswerItem,33,3,2,0,7,2,5,1,4,1
tutor,pt.ulisboa.tecnico.socialsoftware.tutor.answer.domain,QuizAnswerItem,32,57,0,0,14,17,5,8,5,8
tutor,pt.ulisboa.tecnico.socialsoftware.tutor.answer.domain,AnswerDetails,0,19,0,0,0,9,0,5,0,5
tutor,pt.ulisboa.tecnico.socialsoftware.tutor.answer.domain,QuestionAnswerItem,74,3,0,0,29,2,15,1,15,1
tutor,pt.ulisboa.tecnico.socialsoftware.tutor.answer.domain,QuizAnswer,89,191,10,18,20,51,16,26,8,20
tutor,pt.ulisboa.tecnico.socialsoftware.tutor.discussion,DiscussionApplicationalService,133,9,4,0,31,3,7,2,5,2
tutor,pt.ulisboa.tecnico.socialsoftware.tutor.discussion,DiscussionService,113,128,0,0,15,25,14,8,14,8
tutor,pt.ulisboa.tecnico.socialsoftware.tutor.execution.dto,AssessmentDto,27,70,0,0,6,23,4,11,4,11
tutor,pt.ulisboa.tecnico.socialsoftware.tutor.execution.dto,TopicConjunctionDto,6,46,0,0,1,12,1,6,1,6
