<?xml version="1.0" encoding="UTF-8"?>
<testsuite xmlns:xsi="http://www.w3.org/2001/XMLSchema-instance" xsi:noNamespaceSchemaLocation="https://maven.apache.org/surefire/maven-surefire-plugin/xsd/surefire-test-report-3.0.xsd" version="3.0" name="pt.ulisboa.tecnico.socialsoftware.tutor.quiz.service.CreateQuizTest" time="2.017" tests="19" errors="0" skipped="0" failures="0">
  <properties>
[...]
</properties>
  <testcase name="valid arguments: quizType=#quizType | title=#title | availableDate=#availableDate | conclusionDate=#conclusionDate | resultsDate=#resultsDate(Object,Object,Object,Object,Object)" classname="pt.ulisboa.tecnico.socialsoftware.tutor.quiz.service.CreateQuizTest" time="0.04">
    <system-out><![CDATA[
  .   ____          _            __ _ _
 /\\ / ___'_ __ _ _(_)_ __  __ _ \ \ \ \
( ( )\___ | '_ | '_| | '_ \/ _` | \ \ \ \
 \\/  ___)| |_)| | | | | || (_| |  ) ) ) )
  '  |____| .__|_| |_|_| |_\__, | / / / /
 =========|_|==============|___/=/_/_/_/
 :: Spring Boot ::                (v2.4.3)

2021-03-18 00:28:45.885  INFO 23484 --- [           main] p.u.t.s.t.quiz.service.CreateQuizTest    : Starting CreateQuizTest using Java 11.0.8 on DESKTOP-JF with PID 23484 (started by jhmff in C:\Users\jhmff\Desktop\IST\MEIC\2ano\2Semestre\Tutor\backend\tutor)
2021-03-18 00:28:45.885  INFO 23484 --- [           main] p.u.t.s.t.quiz.service.CreateQuizTest    : The following profiles are active: @activatedProperties@
2021-03-18 00:28:46.198  INFO 23484 --- [           main] .s.d.r.c.RepositoryConfigurationDelegate : Bootstrapping Spring Data JPA repositories in DEFAULT mode.
2021-03-18 00:28:46.344  INFO 23484 --- [           main] .s.d.r.c.RepositoryConfigurationDelegate : Finished Spring Data repository scanning in 144 ms. Found 22 JPA repository interfaces.
2021-03-18 00:28:46.355  INFO 23484 --- [           main] beddedDataSourceBeanFactoryPostProcessor : Replacing 'dataSource' DataSource bean with embedded version
2021-03-18 00:28:46.395  INFO 23484 --- [           main] trationDelegate$BeanPostProcessorChecker : Bean 'eventBusConfig' of type [pt.ulisboa.tecnico.socialsoftware.tutor.config.EventBusConfig$$EnhancerBySpringCGLIB$$f358fb58] is not eligible for getting processed by all BeanPostProcessors (for example: not eligible for auto-proxying)
2021-03-18 00:28:46.416  INFO 23484 --- [           main] trationDelegate$BeanPostProcessorChecker : Bean 'eventBus' of type [com.google.common.eventbus.EventBus] is not eligible for getting processed by all BeanPostProcessors (for example: not eligible for auto-proxying)
2021-03-18 00:28:46.422  INFO 23484 --- [           main] o.s.j.d.e.EmbeddedDatabaseFactory        : Starting embedded database: url='jdbc:h2:mem:d8e4f454-fa4e-4a2b-ada9-016e63590d93;DB_CLOSE_DELAY=-1;DB_CLOSE_ON_EXIT=false', username='sa'
2021-03-18 00:28:46.527  INFO 23484 --- [           main] o.hibernate.jpa.internal.util.LogHelper  : HHH000204: Processing PersistenceUnitInfo [name: default]
2021-03-18 00:28:46.542  INFO 23484 --- [           main] org.hibernate.dialect.Dialect            : HHH000400: Using dialect: org.hibernate.dialect.H2Dialect
Hibernate: create table answer_details (answer_details_type varchar(32) not null default 'multiple_choice' not null, id integer generated by default as identity, question_answer_id integer not null, option_id integer, primary key (id))
Hibernate: create table assessments (id integer generated by default as identity, sequence integer, status varchar(255), title varchar(255) not null, course_execution_id integer not null, primary key (id))
Hibernate: create table auth_users (auth_type varchar(31) not null, id integer generated by default as identity, email varchar(255), last_access timestamp, password varchar(255), username varchar(255), active boolean default false, confirmation_token varchar(255), token_generation_date timestamp, enrolled_courses_acronyms TEXT, user_id integer, primary key (id))
Hibernate: create table code_fill_in_options (id integer generated by default as identity, content TEXT not null, correct boolean default false not null, sequence integer not null, code_fill_in_id integer, primary key (id))
Hibernate: create table code_fill_in_options_question_answers (code_fill_in_options_id integer not null, question_answers_id integer not null, primary key (code_fill_in_options_id, question_answers_id))
Hibernate: create table code_fill_in_spot (id integer generated by default as identity, sequence integer not null, question_details_id integer, primary key (id))
Hibernate: create table code_order_slot (id integer generated by default as identity, content TEXT, correct_order integer, sequence integer not null, question_details_id integer, primary key (id))
Hibernate: create table code_fill_in_answer_item_option_ids (code_fill_in_answer_item_id integer not null, option_ids integer)
Hibernate: create table code_order_answer_item_ordered_slots (code_order_answer_item_id integer not null, assigned_order integer, slot_id integer)
Hibernate: create table code_order_answer_slot (id integer generated by default as identity, assigned_order integer, code_order_answer_id integer not null, code_order_slot_id integer not null, primary key (id))
Hibernate: create table course_executions (id integer generated by default as identity, academic_term varchar(255), acronym varchar(255), end_date timestamp, status varchar(255), type varchar(255), course_id integer not null, primary key (id))
Hibernate: create table courses (id integer generated by default as identity, name varchar(255) not null, type varchar(255), primary key (id))
Hibernate: create table discussions (id integer generated by default as identity, closed boolean default false, date timestamp, message text, course_execution_id integer not null, question_id integer not null, question_answer_id integer not null, user_id integer not null, primary key (id))
Hibernate: create table images (id integer generated by default as identity, url varchar(255) not null, width integer, question_id integer, primary key (id))
Hibernate: create table options (id integer generated by default as identity, content TEXT not null, correct boolean default false not null, sequence integer not null, question_details_id integer not null, primary key (id))
Hibernate: create table question_answer_items (question_answer_type varchar(32) not null default 'multiple_choice' not null, id integer generated by default as identity, answer_date timestamp, quiz_id integer, quiz_question_id integer, time_taken integer, time_to_submission integer, username varchar(255), option_id integer, primary key (id))
Hibernate: create table question_answers (id integer generated by default as identity, sequence integer, time_taken integer, quiz_answer_id integer not null, quiz_question_id integer not null, primary key (id))
Hibernate: create table question_details (question_type varchar(32) not null default 'multiple_choice' not null, id integer generated by default as identity, code TEXT, language integer, question_id integer, primary key (id))
Hibernate: create table question_submissions (id integer generated by default as identity, status varchar(255), student_read boolean default true not null, teacher_read boolean default true not null, course_execution_id integer, question_id integer, submitter_id integer, primary key (id))
Hibernate: create table questions (id integer generated by default as identity, content TEXT, creation_date timestamp, key integer, number_of_answers integer default 0, number_of_correct integer default 0, status varchar(255), title varchar(255) not null, course_id integer not null, primary key (id))
Hibernate: create table quiz_answers (id integer generated by default as identity, answer_date timestamp, completed boolean not null, creation_date timestamp, used_in_statistics boolean default false, quiz_id integer not null, user_id integer not null, primary key (id))
Hibernate: create table quiz_questions (id integer generated by default as identity, sequence integer, question_id integer not null, quiz_id integer not null, primary key (id))
Hibernate: create table quiz_answer_item (id integer generated by default as identity, answer_date timestamp, answers clob, quiz_answer_id integer, quiz_id integer, primary key (id))
Hibernate: create table quizzes (id integer generated by default as identity, available_date timestamp, conclusion_date timestamp, creation_date timestamp, key integer, one_way boolean default false, qr_code_only boolean default false, results_date timestamp, scramble boolean default false, series integer, title varchar(255) not null, type varchar(255), version varchar(255), course_execution_id integer not null, primary key (id))
Hibernate: create table replies (id integer generated by default as identity, date timestamp, is_public boolean default false, message text, discussion_id integer not null, user_id integer not null, primary key (id))
Hibernate: create table reviews (id integer generated by default as identity, comment TEXT not null, creation_date timestamp, type varchar(255), question_submission_id integer, user_id integer, primary key (id))
Hibernate: create table topic_conjunctions (id integer generated by default as identity, assessment_id integer not null, primary key (id))
Hibernate: create table topics (id integer generated by default as identity, name varchar(255) not null, course_id integer not null, primary key (id))
Hibernate: create table topics_questions (topics_id integer not null, questions_id integer not null, primary key (topics_id, questions_id))
Hibernate: create table topics_topic_conjunctions (topics_id integer not null, topic_conjunctions_id integer not null)
Hibernate: create table users (id integer generated by default as identity, admin boolean default false, creation_date timestamp, key integer, name varchar(255), number_of_correct_in_class_answers integer, number_of_correct_student_answers integer, number_of_correct_teacher_answers integer, number_of_in_class_answers integer, number_of_in_class_quizzes integer, number_of_student_answers integer, number_of_student_quizzes integer, number_of_teacher_answers integer, number_of_teacher_quizzes integer, role varchar(255), primary key (id))
Hibernate: create table users_course_executions (users_id integer not null, course_executions_id integer not null, primary key (users_id, course_executions_id))
Hibernate: alter table answer_details drop constraint if exists UK_ngo3s0f06jd83whwfy2y9s1rl
Hibernate: alter table answer_details add constraint UK_ngo3s0f06jd83whwfy2y9s1rl unique (question_answer_id)
Hibernate: create index auth_users_indx_0 on auth_users (username)
Hibernate: alter table auth_users drop constraint if exists UK_f9wqm8ya8k2x456jqotu3ihla
Hibernate: alter table auth_users add constraint UK_f9wqm8ya8k2x456jqotu3ihla unique (username)
Hibernate: alter table code_fill_in_spot drop constraint if exists UKq5w3k7aw7x9y7myhmp686lly5
Hibernate: alter table code_fill_in_spot add constraint UKq5w3k7aw7x9y7myhmp686lly5 unique (question_details_id, sequence)
Hibernate: alter table discussions drop constraint if exists UK_trlfswmstqs22xs9s8xj0iey4
Hibernate: alter table discussions add constraint UK_trlfswmstqs22xs9s8xj0iey4 unique (question_answer_id)
Hibernate: create index question_answer_items_indx_0 on question_answer_items (quiz_id)
Hibernate: create index question_answers_indx_0 on question_answers (quiz_question_id)
Hibernate: create index quiz_answers_indx_0 on quiz_answers (user_id)
Hibernate: create index quiz_answers_indx_1 on quiz_answers (quiz_id)
Hibernate: create index quiz_answers_indx_2 on quiz_answers (user_id, quiz_id)
Hibernate: create index quiz_answers_indx_3 on quiz_answers (quiz_id, user_id)
Hibernate: alter table quiz_answers drop constraint if exists UKfh0s032dop7wtyy55rjhedidv
Hibernate: alter table quiz_answers add constraint UKfh0s032dop7wtyy55rjhedidv unique (quiz_id, user_id)
Hibernate: create index quizzes_indx_0 on quizzes (course_execution_id)
Hibernate: create index topic_conjunctions_indx_0 on topic_conjunctions (assessment_id)
Hibernate: alter table users drop constraint if exists UK_2o0g48ff3u7ql7g3adqjb5ix4
Hibernate: alter table users add constraint UK_2o0g48ff3u7ql7g3adqjb5ix4 unique (key)
Hibernate: alter table answer_details add constraint FKjs7xvm2mm65ov3axubj7ipaee foreign key (question_answer_id) references question_answers
Hibernate: alter table answer_details add constraint FK58i179vrdh43q7q6hux2jgry2 foreign key (option_id) references options
Hibernate: alter table assessments add constraint FK9l06agsr3c75fewmve7t2tc43 foreign key (course_execution_id) references course_executions
Hibernate: alter table auth_users add constraint FKrpvvat76cqj7gfiyhoso7skyq foreign key (user_id) references users
Hibernate: alter table code_fill_in_options add constraint FKnowhxe38yx428bgd3gkksxd0o foreign key (code_fill_in_id) references code_fill_in_spot
Hibernate: alter table code_fill_in_options_question_answers add constraint FK8mqmt9p4c5kgi0e3648xt1icu foreign key (question_answers_id) references answer_details
Hibernate: alter table code_fill_in_options_question_answers add constraint FKe1a8vsqu11epk42nucd962f2y foreign key (code_fill_in_options_id) references code_fill_in_options
Hibernate: alter table code_fill_in_spot add constraint FKfsmogvpjssv7a58aylcne8ott foreign key (question_details_id) references question_details
Hibernate: alter table code_order_slot add constraint FKg3q3re0fd39t9sqqcr8h0hk14 foreign key (question_details_id) references question_details
Hibernate: alter table code_fill_in_answer_item_option_ids add constraint FKeb06eyuonl4j23xiu675c6h4c foreign key (code_fill_in_answer_item_id) references question_answer_items
Hibernate: alter table code_order_answer_item_ordered_slots add constraint FKn7wg3ru2csb71gjfeds6mvgef foreign key (code_order_answer_item_id) references question_answer_items
Hibernate: alter table code_order_answer_slot add constraint FKsr8gp7lo9rne1iy2jgp8hdfff foreign key (code_order_answer_id) references answer_details
Hibernate: alter table code_order_answer_slot add constraint FKsqoy100tn0amw0degeccyf8nd foreign key (code_order_slot_id) references code_order_slot
Hibernate: alter table course_executions add constraint FKimcvi45c7kssp8vygn0diid7u foreign key (course_id) references courses
Hibernate: alter table discussions add constraint FKs694t28awnmhc7s3flce59h88 foreign key (course_execution_id) references course_executions
Hibernate: alter table discussions add constraint FK4smmncofiwesyfmqrd8xfb63u foreign key (question_id) references questions
Hibernate: alter table discussions add constraint FKgo6ea3dr1c555wmowepvfvys5 foreign key (question_answer_id) references question_answers
Hibernate: alter table discussions add constraint FK9poj0fwjbqjit2n9dt6bhe5f7 foreign key (user_id) references users
Hibernate: alter table images add constraint FK37qs4lwbc8u9pmjhtuxp0d264 foreign key (question_id) references questions
Hibernate: alter table options add constraint FK99cstl7dsrj6q9gb2r52iigsw foreign key (question_details_id) references question_details
Hibernate: alter table question_answers add constraint FKamgy9t1s8asrsl00l5p8lold4 foreign key (quiz_answer_id) references quiz_answers
Hibernate: alter table question_answers add constraint FKjy80p5uktr31ehg8d5v53nfq2 foreign key (quiz_question_id) references quiz_questions
Hibernate: alter table question_details add constraint FKp450m4lxfc5bjdek0glon56j1 foreign key (question_id) references questions
Hibernate: alter table question_submissions add constraint FKcam0sbhwyxy8btwmcmg9cjjrv foreign key (course_execution_id) references course_executions
Hibernate: alter table question_submissions add constraint FK2pxbyfmlfhrnlcgk5n21u7387 foreign key (question_id) references questions
Hibernate: alter table question_submissions add constraint FK73bi9gmijg7xl7q5ajx7dgkn1 foreign key (submitter_id) references users
Hibernate: alter table questions add constraint FK6y78pbrt5dxp12ljsa8r1ey82 foreign key (course_id) references courses
Hibernate: alter table quiz_answers add constraint FK8m696ke2wtle7jrw9fp3ey2yt foreign key (quiz_id) references quizzes
Hibernate: alter table quiz_answers add constraint FKcqyj36ibcadfva2rc6psle7u1 foreign key (user_id) references users
Hibernate: alter table quiz_questions add constraint FKev41c723fx659v28pjycox15o foreign key (question_id) references questions
Hibernate: alter table quiz_questions add constraint FKanfmgf6ksbdnv7ojb0pfve54q foreign key (quiz_id) references quizzes
Hibernate: alter table quizzes add constraint FKtjubpqjuw7b2yw4jp7kwstp3l foreign key (course_execution_id) references course_executions
Hibernate: alter table replies add constraint FKjssw5shs8tpciwe5yuct3365x foreign key (discussion_id) references discussions
Hibernate: alter table replies add constraint FKn60t7po8l0rllye52xx25q4xx foreign key (user_id) references users
Hibernate: alter table reviews add constraint FKd538goj636vy1d5lbiaf9n5y0 foreign key (question_submission_id) references question_submissions
Hibernate: alter table reviews add constraint FKcgy7qjc1r99dp117y9en6lxye foreign key (user_id) references users
Hibernate: alter table topic_conjunctions add constraint FK1bei0hi20ym6b018f9yr59gya foreign key (assessment_id) references assessments
Hibernate: alter table topics add constraint FKhn8u5k2hlwgftn6xkk7i2vh1o foreign key (course_id) references courses
Hibernate: alter table topics_questions add constraint FK4lsm9y4c8dmvp5b2g5no87om7 foreign key (questions_id) references questions
Hibernate: alter table topics_questions add constraint FKpv4eapx6jhsr3fnqygajogkyc foreign key (topics_id) references topics
Hibernate: alter table topics_topic_conjunctions add constraint FKh080rtpwj6cuvoi3wq4avmmw0 foreign key (topic_conjunctions_id) references topic_conjunctions
Hibernate: alter table topics_topic_conjunctions add constraint FK2p0k3pivqm6btx62cmftv3ktq foreign key (topics_id) references topics
Hibernate: alter table users_course_executions add constraint FK3nlrx7690x6hfu93fi69gskqg foreign key (course_executions_id) references course_executions
Hibernate: alter table users_course_executions add constraint FKbio7lec4k721ccqaoqecbr9ko foreign key (users_id) references users
2021-03-18 00:28:46.735  INFO 23484 --- [           main] o.h.e.t.j.p.i.JtaPlatformInitiator       : HHH000490: Using JtaPlatform implementation: [org.hibernate.engine.transaction.jta.platform.internal.NoJtaPlatform]
2021-03-18 00:28:46.735  INFO 23484 --- [           main] j.LocalContainerEntityManagerFactoryBean : Initialized JPA EntityManagerFactory for persistence unit 'default'
2021-03-18 00:28:47.606  INFO 23484 --- [           main] p.u.t.s.t.quiz.service.CreateQuizTest    : Started CreateQuizTest in 1.766 seconds (JVM running for 149.17)
2021-03-18 00:28:47.608  INFO 23484 --- [           main] j.LocalContainerEntityManagerFactoryBean : Closing JPA EntityManagerFactory for persistence unit 'default'
2021-03-18 00:28:47.621  INFO 23484 --- [           main] o.s.t.c.transaction.TransactionContext   : Began transaction (1) for test context [DefaultTestContext@1bff7395 testClass = CreateQuizTest, testInstance = pt.ulisboa.tecnico.socialsoftware.tutor.quiz.service.CreateQuizTest@44ff0b80, testMethod = $spock_feature_1_0@CreateQuizTest, testException = [null], mergedContextConfiguration = [MergedContextConfiguration@dcb0098 testClass = CreateQuizTest, locations = '{}', classes = '{class pt.ulisboa.tecnico.socialsoftware.tutor.TutorTestApplication, class pt.ulisboa.tecnico.socialsoftware.tutor.quiz.service.CreateQuizTest$LocalBeanConfiguration}', contextInitializerClasses = '[]', activeProfiles = '{}', propertySourceLocations = '{}', propertySourceProperties = '{org.springframework.boot.test.autoconfigure.orm.jpa.DataJpaTestContextBootstrapper=true}', contextCustomizers = set[[ImportsContextCustomizer@13b97cfb key = [org.springframework.boot.autoconfigure.cache.CacheAutoConfiguration, org.springframework.boot.autoconfigure.data.jpa.JpaRepositoriesAutoConfiguration, org.springframework.boot.autoconfigure.flyway.FlywayAutoConfiguration, org.springframework.boot.autoconfigure.jdbc.DataSourceAutoConfiguration, org.springframework.boot.autoconfigure.jdbc.DataSourceTransactionManagerAutoConfiguration, org.springframework.boot.autoconfigure.jdbc.JdbcTemplateAutoConfiguration, org.springframework.boot.autoconfigure.liquibase.LiquibaseAutoConfiguration, org.springframework.boot.autoconfigure.orm.jpa.HibernateJpaAutoConfiguration, org.springframework.boot.autoconfigure.transaction.TransactionAutoConfiguration, org.springframework.boot.test.autoconfigure.jdbc.TestDatabaseAutoConfiguration, org.springframework.boot.test.autoconfigure.orm.jpa.TestEntityManagerAutoConfiguration]], org.springframework.boot.test.context.filter.ExcludeFilterContextCustomizer@1f949ab9, org.springframework.boot.test.json.DuplicateJsonObjectContextCustomizerFactory$DuplicateJsonObjectContextCustomizer@7f426ddd, org.springframework.boot.test.mock.mockito.MockitoContextCustomizer@0, org.springframework.boot.test.autoconfigure.OverrideAutoConfigurationContextCustomizerFactory$DisableAutoConfigurationContextCustomizer@27df5806, org.springframework.boot.test.autoconfigure.actuate.metrics.MetricsExportContextCustomizerFactory$DisableMetricExportContextCustomizer@641ed324, org.springframework.boot.test.autoconfigure.filter.TypeExcludeFiltersContextCustomizer@351584c0, org.springframework.boot.test.autoconfigure.properties.PropertyMappingContextCustomizer@bff5ac1c, org.springframework.boot.test.autoconfigure.web.servlet.WebDriverContextCustomizerFactory$Customizer@5dfd31f4, org.spockframework.spring.mock.SpockContextCustomizer@0, org.springframework.boot.test.context.SpringBootTestArgs@1, org.springframework.boot.test.context.SpringBootTestWebEnvironment@0], contextLoader = 'org.springframework.boot.test.context.SpringBootContextLoader', parent = [null]], attributes = map['org.springframework.test.context.event.ApplicationEventsTestExecutionListener.recordApplicationEvents' -> false]]; transaction manager [org.springframework.orm.jpa.JpaTransactionManager@7e07f0e0]; rollback [true]
Hibernate: insert into courses (id, name, type) values (null, ?, ?)
Hibernate: call identity()
Hibernate: insert into course_executions (id, academic_term, acronym, course_id, end_date, status, type) values (null, ?, ?, ?, ?, ?, ?)
Hibernate: call identity()
Hibernate: insert into questions (id, content, course_id, creation_date, key, number_of_answers, number_of_correct, status, title) values (null, ?, ?, ?, ?, ?, ?, ?, ?)
Hibernate: call identity()
Hibernate: insert into question_details (id, question_id, question_type) values (null, ?, 'multiple_choice')
Hibernate: call identity()
Hibernate: insert into quizzes (id, available_date, conclusion_date, course_execution_id, creation_date, key, one_way, qr_code_only, results_date, scramble, series, title, type, version) values (null, ?, ?, ?, ?, ?, ?, ?, ?, ?, ?, ?, ?, ?)
Hibernate: call identity()
Hibernate: insert into quiz_questions (id, question_id, quiz_id, sequence) values (null, ?, ?, ?)
Hibernate: call identity()
Hibernate: select count(*) as col_0_0_ from quizzes quiz0_
Hibernate: select quiz0_.id as id1_23_, quiz0_.available_date as availabl2_23_, quiz0_.conclusion_date as conclusi3_23_, quiz0_.course_execution_id as course_14_23_, quiz0_.creation_date as creation4_23_, quiz0_.key as key5_23_, quiz0_.one_way as one_way6_23_, quiz0_.qr_code_only as qr_code_7_23_, quiz0_.results_date as results_8_23_, quiz0_.scramble as scramble9_23_, quiz0_.series as series10_23_, quiz0_.title as title11_23_, quiz0_.type as type12_23_, quiz0_.version as version13_23_ from quizzes quiz0_
2021-03-18 00:28:47.660  INFO 23484 --- [           main] o.s.t.c.transaction.TransactionContext   : Rolled back transaction for test: [DefaultTestContext@1bff7395 testClass = CreateQuizTest, testInstance = pt.ulisboa.tecnico.socialsoftware.tutor.quiz.service.CreateQuizTest@44ff0b80, testMethod = $spock_feature_1_0@CreateQuizTest, testException = [null], mergedContextConfiguration = [MergedContextConfiguration@dcb0098 testClass = CreateQuizTest, locations = '{}', classes = '{class pt.ulisboa.tecnico.socialsoftware.tutor.TutorTestApplication, class pt.ulisboa.tecnico.socialsoftware.tutor.quiz.service.CreateQuizTest$LocalBeanConfiguration}', contextInitializerClasses = '[]', activeProfiles = '{}', propertySourceLocations = '{}', propertySourceProperties = '{org.springframework.boot.test.autoconfigure.orm.jpa.DataJpaTestContextBootstrapper=true}', contextCustomizers = set[[ImportsContextCustomizer@13b97cfb key = [org.springframework.boot.autoconfigure.cache.CacheAutoConfiguration, org.springframework.boot.autoconfigure.data.jpa.JpaRepositoriesAutoConfiguration, org.springframework.boot.autoconfigure.flyway.FlywayAutoConfiguration, org.springframework.boot.autoconfigure.jdbc.DataSourceAutoConfiguration, org.springframework.boot.autoconfigure.jdbc.DataSourceTransactionManagerAutoConfiguration, org.springframework.boot.autoconfigure.jdbc.JdbcTemplateAutoConfiguration, org.springframework.boot.autoconfigure.liquibase.LiquibaseAutoConfiguration, org.springframework.boot.autoconfigure.orm.jpa.HibernateJpaAutoConfiguration, org.springframework.boot.autoconfigure.transaction.TransactionAutoConfiguration, org.springframework.boot.test.autoconfigure.jdbc.TestDatabaseAutoConfiguration, org.springframework.boot.test.autoconfigure.orm.jpa.TestEntityManagerAutoConfiguration]], org.springframework.boot.test.context.filter.ExcludeFilterContextCustomizer@1f949ab9, org.springframework.boot.test.json.DuplicateJsonObjectContextCustomizerFactory$DuplicateJsonObjectContextCustomizer@7f426ddd, org.springframework.boot.test.mock.mockito.MockitoContextCustomizer@0, org.springframework.boot.test.autoconfigure.OverrideAutoConfigurationContextCustomizerFactory$DisableAutoConfigurationContextCustomizer@27df5806, org.springframework.boot.test.autoconfigure.actuate.metrics.MetricsExportContextCustomizerFactory$DisableMetricExportContextCustomizer@641ed324, org.springframework.boot.test.autoconfigure.filter.TypeExcludeFiltersContextCustomizer@351584c0, org.springframework.boot.test.autoconfigure.properties.PropertyMappingContextCustomizer@bff5ac1c, org.springframework.boot.test.autoconfigure.web.servlet.WebDriverContextCustomizerFactory$Customizer@5dfd31f4, org.spockframework.spring.mock.SpockContextCustomizer@0, org.springframework.boot.test.context.SpringBootTestArgs@1, org.springframework.boot.test.context.SpringBootTestWebEnvironment@0], contextLoader = 'org.springframework.boot.test.context.SpringBootContextLoader', parent = [null]], attributes = map['org.spockframework.spring.SpringMockTestExecutionListener.MOCKED_BEANS_LIST' -> list[Mock for type 'Mailer' named 'Mailer'], 'org.springframework.test.context.event.ApplicationEventsTestExecutionListener.recordApplicationEvents' -> false]]
]]></system-out>
  </testcase>
  <testcase name="valid arguments: quizType=#quizType | title=#title | availableDate=#availableDate | conclusionDate=#conclusionDate | resultsDate=#resultsDate(Object,Object,Object,Object,Object)" classname="pt.ulisboa.tecnico.socialsoftware.tutor.quiz.service.CreateQuizTest" time="0.009">
    <system-out><![CDATA[2021-03-18 00:28:47.662  INFO 23484 --- [           main] o.s.t.c.transaction.TransactionContext   : Began transaction (1) for test context [DefaultTestContext@1bff7395 testClass = CreateQuizTest, testInstance = pt.ulisboa.tecnico.socialsoftware.tutor.quiz.service.CreateQuizTest@682f48f6, testMethod = $spock_feature_1_0@CreateQuizTest, testException = [null], mergedContextConfiguration = [MergedContextConfiguration@dcb0098 testClass = CreateQuizTest, locations = '{}', classes = '{class pt.ulisboa.tecnico.socialsoftware.tutor.TutorTestApplication, class pt.ulisboa.tecnico.socialsoftware.tutor.quiz.service.CreateQuizTest$LocalBeanConfiguration}', contextInitializerClasses = '[]', activeProfiles = '{}', propertySourceLocations = '{}', propertySourceProperties = '{org.springframework.boot.test.autoconfigure.orm.jpa.DataJpaTestContextBootstrapper=true}', contextCustomizers = set[[ImportsContextCustomizer@13b97cfb key = [org.springframework.boot.autoconfigure.cache.CacheAutoConfiguration, org.springframework.boot.autoconfigure.data.jpa.JpaRepositoriesAutoConfiguration, org.springframework.boot.autoconfigure.flyway.FlywayAutoConfiguration, org.springframework.boot.autoconfigure.jdbc.DataSourceAutoConfiguration, org.springframework.boot.autoconfigure.jdbc.DataSourceTransactionManagerAutoConfiguration, org.springframework.boot.autoconfigure.jdbc.JdbcTemplateAutoConfiguration, org.springframework.boot.autoconfigure.liquibase.LiquibaseAutoConfiguration, org.springframework.boot.autoconfigure.orm.jpa.HibernateJpaAutoConfiguration, org.springframework.boot.autoconfigure.transaction.TransactionAutoConfiguration, org.springframework.boot.test.autoconfigure.jdbc.TestDatabaseAutoConfiguration, org.springframework.boot.test.autoconfigure.orm.jpa.TestEntityManagerAutoConfiguration]], org.springframework.boot.test.context.filter.ExcludeFilterContextCustomizer@1f949ab9, org.springframework.boot.test.json.DuplicateJsonObjectContextCustomizerFactory$DuplicateJsonObjectContextCustomizer@7f426ddd, org.springframework.boot.test.mock.mockito.MockitoContextCustomizer@0, org.springframework.boot.test.autoconfigure.OverrideAutoConfigurationContextCustomizerFactory$DisableAutoConfigurationContextCustomizer@27df5806, org.springframework.boot.test.autoconfigure.actuate.metrics.MetricsExportContextCustomizerFactory$DisableMetricExportContextCustomizer@641ed324, org.springframework.boot.test.autoconfigure.filter.TypeExcludeFiltersContextCustomizer@351584c0, org.springframework.boot.test.autoconfigure.properties.PropertyMappingContextCustomizer@bff5ac1c, org.springframework.boot.test.autoconfigure.web.servlet.WebDriverContextCustomizerFactory$Customizer@5dfd31f4, org.spockframework.spring.mock.SpockContextCustomizer@0, org.springframework.boot.test.context.SpringBootTestArgs@1, org.springframework.boot.test.context.SpringBootTestWebEnvironment@0], contextLoader = 'org.springframework.boot.test.context.SpringBootContextLoader', parent = [null]], attributes = map['org.spockframework.spring.SpringMockTestExecutionListener.MOCKED_BEANS_LIST' -> list[Mock for type 'Mailer' named 'Mailer'], 'org.springframework.test.context.event.ApplicationEventsTestExecutionListener.recordApplicationEvents' -> false]]; transaction manager [org.springframework.orm.jpa.JpaTransactionManager@7e07f0e0]; rollback [true]
Hibernate: insert into courses (id, name, type) values (null, ?, ?)
Hibernate: call identity()
Hibernate: insert into course_executions (id, academic_term, acronym, course_id, end_date, status, type) values (null, ?, ?, ?, ?, ?, ?)
Hibernate: call identity()
Hibernate: insert into questions (id, content, course_id, creation_date, key, number_of_answers, number_of_correct, status, title) values (null, ?, ?, ?, ?, ?, ?, ?, ?)
Hibernate: call identity()
Hibernate: insert into question_details (id, question_id, question_type) values (null, ?, 'multiple_choice')
Hibernate: call identity()
Hibernate: insert into quizzes (id, available_date, conclusion_date, course_execution_id, creation_date, key, one_way, qr_code_only, results_date, scramble, series, title, type, version) values (null, ?, ?, ?, ?, ?, ?, ?, ?, ?, ?, ?, ?, ?)
Hibernate: call identity()
Hibernate: insert into quiz_questions (id, question_id, quiz_id, sequence) values (null, ?, ?, ?)
Hibernate: call identity()
Hibernate: select count(*) as col_0_0_ from quizzes quiz0_
Hibernate: select quiz0_.id as id1_23_, quiz0_.available_date as availabl2_23_, quiz0_.conclusion_date as conclusi3_23_, quiz0_.course_execution_id as course_14_23_, quiz0_.creation_date as creation4_23_, quiz0_.key as key5_23_, quiz0_.one_way as one_way6_23_, quiz0_.qr_code_only as qr_code_7_23_, quiz0_.results_date as results_8_23_, quiz0_.scramble as scramble9_23_, quiz0_.series as series10_23_, quiz0_.title as title11_23_, quiz0_.type as type12_23_, quiz0_.version as version13_23_ from quizzes quiz0_
2021-03-18 00:28:47.670  INFO 23484 --- [           main] o.s.t.c.transaction.TransactionContext   : Rolled back transaction for test: [DefaultTestContext@1bff7395 testClass = CreateQuizTest, testInstance = pt.ulisboa.tecnico.socialsoftware.tutor.quiz.service.CreateQuizTest@682f48f6, testMethod = $spock_feature_1_0@CreateQuizTest, testException = [null], mergedContextConfiguration = [MergedContextConfiguration@dcb0098 testClass = CreateQuizTest, locations = '{}', classes = '{class pt.ulisboa.tecnico.socialsoftware.tutor.TutorTestApplication, class pt.ulisboa.tecnico.socialsoftware.tutor.quiz.service.CreateQuizTest$LocalBeanConfiguration}', contextInitializerClasses = '[]', activeProfiles = '{}', propertySourceLocations = '{}', propertySourceProperties = '{org.springframework.boot.test.autoconfigure.orm.jpa.DataJpaTestContextBootstrapper=true}', contextCustomizers = set[[ImportsContextCustomizer@13b97cfb key = [org.springframework.boot.autoconfigure.cache.CacheAutoConfiguration, org.springframework.boot.autoconfigure.data.jpa.JpaRepositoriesAutoConfiguration, org.springframework.boot.autoconfigure.flyway.FlywayAutoConfiguration, org.springframework.boot.autoconfigure.jdbc.DataSourceAutoConfiguration, org.springframework.boot.autoconfigure.jdbc.DataSourceTransactionManagerAutoConfiguration, org.springframework.boot.autoconfigure.jdbc.JdbcTemplateAutoConfiguration, org.springframework.boot.autoconfigure.liquibase.LiquibaseAutoConfiguration, org.springframework.boot.autoconfigure.orm.jpa.HibernateJpaAutoConfiguration, org.springframework.boot.autoconfigure.transaction.TransactionAutoConfiguration, org.springframework.boot.test.autoconfigure.jdbc.TestDatabaseAutoConfiguration, org.springframework.boot.test.autoconfigure.orm.jpa.TestEntityManagerAutoConfiguration]], org.springframework.boot.test.context.filter.ExcludeFilterContextCustomizer@1f949ab9, org.springframework.boot.test.json.DuplicateJsonObjectContextCustomizerFactory$DuplicateJsonObjectContextCustomizer@7f426ddd, org.springframework.boot.test.mock.mockito.MockitoContextCustomizer@0, org.springframework.boot.test.autoconfigure.OverrideAutoConfigurationContextCustomizerFactory$DisableAutoConfigurationContextCustomizer@27df5806, org.springframework.boot.test.autoconfigure.actuate.metrics.MetricsExportContextCustomizerFactory$DisableMetricExportContextCustomizer@641ed324, org.springframework.boot.test.autoconfigure.filter.TypeExcludeFiltersContextCustomizer@351584c0, org.springframework.boot.test.autoconfigure.properties.PropertyMappingContextCustomizer@bff5ac1c, org.springframework.boot.test.autoconfigure.web.servlet.WebDriverContextCustomizerFactory$Customizer@5dfd31f4, org.spockframework.spring.mock.SpockContextCustomizer@0, org.springframework.boot.test.context.SpringBootTestArgs@1, org.springframework.boot.test.context.SpringBootTestWebEnvironment@0], contextLoader = 'org.springframework.boot.test.context.SpringBootContextLoader', parent = [null]], attributes = map['org.spockframework.spring.SpringMockTestExecutionListener.MOCKED_BEANS_LIST' -> list[Mock for type 'Mailer' named 'Mailer'], 'org.springframework.test.context.event.ApplicationEventsTestExecutionListener.recordApplicationEvents' -> false]]
]]></system-out>
  </testcase>
  <testcase name="valid arguments: quizType=#quizType | title=#title | availableDate=#availableDate | conclusionDate=#conclusionDate | resultsDate=#resultsDate(Object,Object,Object,Object,Object)" classname="pt.ulisboa.tecnico.socialsoftware.tutor.quiz.service.CreateQuizTest" time="0.014">
    <system-out><![CDATA[2021-03-18 00:28:47.672  INFO 23484 --- [           main] o.s.t.c.transaction.TransactionContext   : Began transaction (1) for test context [DefaultTestContext@1bff7395 testClass = CreateQuizTest, testInstance = pt.ulisboa.tecnico.socialsoftware.tutor.quiz.service.CreateQuizTest@3cb2b0bf, testMethod = $spock_feature_1_0@CreateQuizTest, testException = [null], mergedContextConfiguration = [MergedContextConfiguration@dcb0098 testClass = CreateQuizTest, locations = '{}', classes = '{class pt.ulisboa.tecnico.socialsoftware.tutor.TutorTestApplication, class pt.ulisboa.tecnico.socialsoftware.tutor.quiz.service.CreateQuizTest$LocalBeanConfiguration}', contextInitializerClasses = '[]', activeProfiles = '{}', propertySourceLocations = '{}', propertySourceProperties = '{org.springframework.boot.test.autoconfigure.orm.jpa.DataJpaTestContextBootstrapper=true}', contextCustomizers = set[[ImportsContextCustomizer@13b97cfb key = [org.springframework.boot.autoconfigure.cache.CacheAutoConfiguration, org.springframework.boot.autoconfigure.data.jpa.JpaRepositoriesAutoConfiguration, org.springframework.boot.autoconfigure.flyway.FlywayAutoConfiguration, org.springframework.boot.autoconfigure.jdbc.DataSourceAutoConfiguration, org.springframework.boot.autoconfigure.jdbc.DataSourceTransactionManagerAutoConfiguration, org.springframework.boot.autoconfigure.jdbc.JdbcTemplateAutoConfiguration, org.springframework.boot.autoconfigure.liquibase.LiquibaseAutoConfiguration, org.springframework.boot.autoconfigure.orm.jpa.HibernateJpaAutoConfiguration, org.springframework.boot.autoconfigure.transaction.TransactionAutoConfiguration, org.springframework.boot.test.autoconfigure.jdbc.TestDatabaseAutoConfiguration, org.springframework.boot.test.autoconfigure.orm.jpa.TestEntityManagerAutoConfiguration]], org.springframework.boot.test.context.filter.ExcludeFilterContextCustomizer@1f949ab9, org.springframework.boot.test.json.DuplicateJsonObjectContextCustomizerFactory$DuplicateJsonObjectContextCustomizer@7f426ddd, org.springframework.boot.test.mock.mockito.MockitoContextCustomizer@0, org.springframework.boot.test.autoconfigure.OverrideAutoConfigurationContextCustomizerFactory$DisableAutoConfigurationContextCustomizer@27df5806, org.springframework.boot.test.autoconfigure.actuate.metrics.MetricsExportContextCustomizerFactory$DisableMetricExportContextCustomizer@641ed324, org.springframework.boot.test.autoconfigure.filter.TypeExcludeFiltersContextCustomizer@351584c0, org.springframework.boot.test.autoconfigure.properties.PropertyMappingContextCustomizer@bff5ac1c, org.springframework.boot.test.autoconfigure.web.servlet.WebDriverContextCustomizerFactory$Customizer@5dfd31f4, org.spockframework.spring.mock.SpockContextCustomizer@0, org.springframework.boot.test.context.SpringBootTestArgs@1, org.springframework.boot.test.context.SpringBootTestWebEnvironment@0], contextLoader = 'org.springframework.boot.test.context.SpringBootContextLoader', parent = [null]], attributes = map['org.spockframework.spring.SpringMockTestExecutionListener.MOCKED_BEANS_LIST' -> list[Mock for type 'Mailer' named 'Mailer'], 'org.springframework.test.context.event.ApplicationEventsTestExecutionListener.recordApplicationEvents' -> false]]; transaction manager [org.springframework.orm.jpa.JpaTransactionManager@7e07f0e0]; rollback [true]
Hibernate: insert into courses (id, name, type) values (null, ?, ?)
Hibernate: call identity()
Hibernate: insert into course_executions (id, academic_term, acronym, course_id, end_date, status, type) values (null, ?, ?, ?, ?, ?, ?)
Hibernate: call identity()
Hibernate: insert into questions (id, content, course_id, creation_date, key, number_of_answers, number_of_correct, status, title) values (null, ?, ?, ?, ?, ?, ?, ?, ?)
Hibernate: call identity()
Hibernate: insert into question_details (id, question_id, question_type) values (null, ?, 'multiple_choice')
Hibernate: call identity()
Hibernate: insert into quizzes (id, available_date, conclusion_date, course_execution_id, creation_date, key, one_way, qr_code_only, results_date, scramble, series, title, type, version) values (null, ?, ?, ?, ?, ?, ?, ?, ?, ?, ?, ?, ?, ?)
Hibernate: call identity()
Hibernate: insert into quiz_questions (id, question_id, quiz_id, sequence) values (null, ?, ?, ?)
Hibernate: call identity()
Hibernate: select count(*) as col_0_0_ from quizzes quiz0_
Hibernate: select quiz0_.id as id1_23_, quiz0_.available_date as availabl2_23_, quiz0_.conclusion_date as conclusi3_23_, quiz0_.course_execution_id as course_14_23_, quiz0_.creation_date as creation4_23_, quiz0_.key as key5_23_, quiz0_.one_way as one_way6_23_, quiz0_.qr_code_only as qr_code_7_23_, quiz0_.results_date as results_8_23_, quiz0_.scramble as scramble9_23_, quiz0_.series as series10_23_, quiz0_.title as title11_23_, quiz0_.type as type12_23_, quiz0_.version as version13_23_ from quizzes quiz0_
2021-03-18 00:28:47.684  INFO 23484 --- [           main] o.s.t.c.transaction.TransactionContext   : Rolled back transaction for test: [DefaultTestContext@1bff7395 testClass = CreateQuizTest, testInstance = pt.ulisboa.tecnico.socialsoftware.tutor.quiz.service.CreateQuizTest@3cb2b0bf, testMethod = $spock_feature_1_0@CreateQuizTest, testException = [null], mergedContextConfiguration = [MergedContextConfiguration@dcb0098 testClass = CreateQuizTest, locations = '{}', classes = '{class pt.ulisboa.tecnico.socialsoftware.tutor.TutorTestApplication, class pt.ulisboa.tecnico.socialsoftware.tutor.quiz.service.CreateQuizTest$LocalBeanConfiguration}', contextInitializerClasses = '[]', activeProfiles = '{}', propertySourceLocations = '{}', propertySourceProperties = '{org.springframework.boot.test.autoconfigure.orm.jpa.DataJpaTestContextBootstrapper=true}', contextCustomizers = set[[ImportsContextCustomizer@13b97cfb key = [org.springframework.boot.autoconfigure.cache.CacheAutoConfiguration, org.springframework.boot.autoconfigure.data.jpa.JpaRepositoriesAutoConfiguration, org.springframework.boot.autoconfigure.flyway.FlywayAutoConfiguration, org.springframework.boot.autoconfigure.jdbc.DataSourceAutoConfiguration, org.springframework.boot.autoconfigure.jdbc.DataSourceTransactionManagerAutoConfiguration, org.springframework.boot.autoconfigure.jdbc.JdbcTemplateAutoConfiguration, org.springframework.boot.autoconfigure.liquibase.LiquibaseAutoConfiguration, org.springframework.boot.autoconfigure.orm.jpa.HibernateJpaAutoConfiguration, org.springframework.boot.autoconfigure.transaction.TransactionAutoConfiguration, org.springframework.boot.test.autoconfigure.jdbc.TestDatabaseAutoConfiguration, org.springframework.boot.test.autoconfigure.orm.jpa.TestEntityManagerAutoConfiguration]], org.springframework.boot.test.context.filter.ExcludeFilterContextCustomizer@1f949ab9, org.springframework.boot.test.json.DuplicateJsonObjectContextCustomizerFactory$DuplicateJsonObjectContextCustomizer@7f426ddd, org.springframework.boot.test.mock.mockito.MockitoContextCustomizer@0, org.springframework.boot.test.autoconfigure.OverrideAutoConfigurationContextCustomizerFactory$DisableAutoConfigurationContextCustomizer@27df5806, org.springframework.boot.test.autoconfigure.actuate.metrics.MetricsExportContextCustomizerFactory$DisableMetricExportContextCustomizer@641ed324, org.springframework.boot.test.autoconfigure.filter.TypeExcludeFiltersContextCustomizer@351584c0, org.springframework.boot.test.autoconfigure.properties.PropertyMappingContextCustomizer@bff5ac1c, org.springframework.boot.test.autoconfigure.web.servlet.WebDriverContextCustomizerFactory$Customizer@5dfd31f4, org.spockframework.spring.mock.SpockContextCustomizer@0, org.springframework.boot.test.context.SpringBootTestArgs@1, org.springframework.boot.test.context.SpringBootTestWebEnvironment@0], contextLoader = 'org.springframework.boot.test.context.SpringBootContextLoader', parent = [null]], attributes = map['org.spockframework.spring.SpringMockTestExecutionListener.MOCKED_BEANS_LIST' -> list[Mock for type 'Mailer' named 'Mailer'], 'org.springframework.test.context.event.ApplicationEventsTestExecutionListener.recordApplicationEvents' -> false]]
]]></system-out>
  </testcase>
  <testcase name="valid arguments: quizType=#quizType | title=#title | availableDate=#availableDate | conclusionDate=#conclusionDate | resultsDate=#resultsDate(Object,Object,Object,Object,Object)" classname="pt.ulisboa.tecnico.socialsoftware.tutor.quiz.service.CreateQuizTest" time="0.012">
    <system-out><![CDATA[2021-03-18 00:28:47.686  INFO 23484 --- [           main] o.s.t.c.transaction.TransactionContext   : Began transaction (1) for test context [DefaultTestContext@1bff7395 testClass = CreateQuizTest, testInstance = pt.ulisboa.tecnico.socialsoftware.tutor.quiz.service.CreateQuizTest@4bba2d, testMethod = $spock_feature_1_0@CreateQuizTest, testException = [null], mergedContextConfiguration = [MergedContextConfiguration@dcb0098 testClass = CreateQuizTest, locations = '{}', classes = '{class pt.ulisboa.tecnico.socialsoftware.tutor.TutorTestApplication, class pt.ulisboa.tecnico.socialsoftware.tutor.quiz.service.CreateQuizTest$LocalBeanConfiguration}', contextInitializerClasses = '[]', activeProfiles = '{}', propertySourceLocations = '{}', propertySourceProperties = '{org.springframework.boot.test.autoconfigure.orm.jpa.DataJpaTestContextBootstrapper=true}', contextCustomizers = set[[ImportsContextCustomizer@13b97cfb key = [org.springframework.boot.autoconfigure.cache.CacheAutoConfiguration, org.springframework.boot.autoconfigure.data.jpa.JpaRepositoriesAutoConfiguration, org.springframework.boot.autoconfigure.flyway.FlywayAutoConfiguration, org.springframework.boot.autoconfigure.jdbc.DataSourceAutoConfiguration, org.springframework.boot.autoconfigure.jdbc.DataSourceTransactionManagerAutoConfiguration, org.springframework.boot.autoconfigure.jdbc.JdbcTemplateAutoConfiguration, org.springframework.boot.autoconfigure.liquibase.LiquibaseAutoConfiguration, org.springframework.boot.autoconfigure.orm.jpa.HibernateJpaAutoConfiguration, org.springframework.boot.autoconfigure.transaction.TransactionAutoConfiguration, org.springframework.boot.test.autoconfigure.jdbc.TestDatabaseAutoConfiguration, org.springframework.boot.test.autoconfigure.orm.jpa.TestEntityManagerAutoConfiguration]], org.springframework.boot.test.context.filter.ExcludeFilterContextCustomizer@1f949ab9, org.springframework.boot.test.json.DuplicateJsonObjectContextCustomizerFactory$DuplicateJsonObjectContextCustomizer@7f426ddd, org.springframework.boot.test.mock.mockito.MockitoContextCustomizer@0, org.springframework.boot.test.autoconfigure.OverrideAutoConfigurationContextCustomizerFactory$DisableAutoConfigurationContextCustomizer@27df5806, org.springframework.boot.test.autoconfigure.actuate.metrics.MetricsExportContextCustomizerFactory$DisableMetricExportContextCustomizer@641ed324, org.springframework.boot.test.autoconfigure.filter.TypeExcludeFiltersContextCustomizer@351584c0, org.springframework.boot.test.autoconfigure.properties.PropertyMappingContextCustomizer@bff5ac1c, org.springframework.boot.test.autoconfigure.web.servlet.WebDriverContextCustomizerFactory$Customizer@5dfd31f4, org.spockframework.spring.mock.SpockContextCustomizer@0, org.springframework.boot.test.context.SpringBootTestArgs@1, org.springframework.boot.test.context.SpringBootTestWebEnvironment@0], contextLoader = 'org.springframework.boot.test.context.SpringBootContextLoader', parent = [null]], attributes = map['org.spockframework.spring.SpringMockTestExecutionListener.MOCKED_BEANS_LIST' -> list[Mock for type 'Mailer' named 'Mailer'], 'org.springframework.test.context.event.ApplicationEventsTestExecutionListener.recordApplicationEvents' -> false]]; transaction manager [org.springframework.orm.jpa.JpaTransactionManager@7e07f0e0]; rollback [true]
Hibernate: insert into courses (id, name, type) values (null, ?, ?)
Hibernate: call identity()
Hibernate: insert into course_executions (id, academic_term, acronym, course_id, end_date, status, type) values (null, ?, ?, ?, ?, ?, ?)
Hibernate: call identity()
Hibernate: insert into questions (id, content, course_id, creation_date, key, number_of_answers, number_of_correct, status, title) values (null, ?, ?, ?, ?, ?, ?, ?, ?)
Hibernate: call identity()
Hibernate: insert into question_details (id, question_id, question_type) values (null, ?, 'multiple_choice')
Hibernate: call identity()
Hibernate: insert into quizzes (id, available_date, conclusion_date, course_execution_id, creation_date, key, one_way, qr_code_only, results_date, scramble, series, title, type, version) values (null, ?, ?, ?, ?, ?, ?, ?, ?, ?, ?, ?, ?, ?)
Hibernate: call identity()
Hibernate: insert into quiz_questions (id, question_id, quiz_id, sequence) values (null, ?, ?, ?)
Hibernate: call identity()
Hibernate: select count(*) as col_0_0_ from quizzes quiz0_
Hibernate: select quiz0_.id as id1_23_, quiz0_.available_date as availabl2_23_, quiz0_.conclusion_date as conclusi3_23_, quiz0_.course_execution_id as course_14_23_, quiz0_.creation_date as creation4_23_, quiz0_.key as key5_23_, quiz0_.one_way as one_way6_23_, quiz0_.qr_code_only as qr_code_7_23_, quiz0_.results_date as results_8_23_, quiz0_.scramble as scramble9_23_, quiz0_.series as series10_23_, quiz0_.title as title11_23_, quiz0_.type as type12_23_, quiz0_.version as version13_23_ from quizzes quiz0_
2021-03-18 00:28:47.696  INFO 23484 --- [           main] o.s.t.c.transaction.TransactionContext   : Rolled back transaction for test: [DefaultTestContext@1bff7395 testClass = CreateQuizTest, testInstance = pt.ulisboa.tecnico.socialsoftware.tutor.quiz.service.CreateQuizTest@4bba2d, testMethod = $spock_feature_1_0@CreateQuizTest, testException = [null], mergedContextConfiguration = [MergedContextConfiguration@dcb0098 testClass = CreateQuizTest, locations = '{}', classes = '{class pt.ulisboa.tecnico.socialsoftware.tutor.TutorTestApplication, class pt.ulisboa.tecnico.socialsoftware.tutor.quiz.service.CreateQuizTest$LocalBeanConfiguration}', contextInitializerClasses = '[]', activeProfiles = '{}', propertySourceLocations = '{}', propertySourceProperties = '{org.springframework.boot.test.autoconfigure.orm.jpa.DataJpaTestContextBootstrapper=true}', contextCustomizers = set[[ImportsContextCustomizer@13b97cfb key = [org.springframework.boot.autoconfigure.cache.CacheAutoConfiguration, org.springframework.boot.autoconfigure.data.jpa.JpaRepositoriesAutoConfiguration, org.springframework.boot.autoconfigure.flyway.FlywayAutoConfiguration, org.springframework.boot.autoconfigure.jdbc.DataSourceAutoConfiguration, org.springframework.boot.autoconfigure.jdbc.DataSourceTransactionManagerAutoConfiguration, org.springframework.boot.autoconfigure.jdbc.JdbcTemplateAutoConfiguration, org.springframework.boot.autoconfigure.liquibase.LiquibaseAutoConfiguration, org.springframework.boot.autoconfigure.orm.jpa.HibernateJpaAutoConfiguration, org.springframework.boot.autoconfigure.transaction.TransactionAutoConfiguration, org.springframework.boot.test.autoconfigure.jdbc.TestDatabaseAutoConfiguration, org.springframework.boot.test.autoconfigure.orm.jpa.TestEntityManagerAutoConfiguration]], org.springframework.boot.test.context.filter.ExcludeFilterContextCustomizer@1f949ab9, org.springframework.boot.test.json.DuplicateJsonObjectContextCustomizerFactory$DuplicateJsonObjectContextCustomizer@7f426ddd, org.springframework.boot.test.mock.mockito.MockitoContextCustomizer@0, org.springframework.boot.test.autoconfigure.OverrideAutoConfigurationContextCustomizerFactory$DisableAutoConfigurationContextCustomizer@27df5806, org.springframework.boot.test.autoconfigure.actuate.metrics.MetricsExportContextCustomizerFactory$DisableMetricExportContextCustomizer@641ed324, org.springframework.boot.test.autoconfigure.filter.TypeExcludeFiltersContextCustomizer@351584c0, org.springframework.boot.test.autoconfigure.properties.PropertyMappingContextCustomizer@bff5ac1c, org.springframework.boot.test.autoconfigure.web.servlet.WebDriverContextCustomizerFactory$Customizer@5dfd31f4, org.spockframework.spring.mock.SpockContextCustomizer@0, org.springframework.boot.test.context.SpringBootTestArgs@1, org.springframework.boot.test.context.SpringBootTestWebEnvironment@0], contextLoader = 'org.springframework.boot.test.context.SpringBootContextLoader', parent = [null]], attributes = map['org.spockframework.spring.SpringMockTestExecutionListener.MOCKED_BEANS_LIST' -> list[Mock for type 'Mailer' named 'Mailer'], 'org.springframework.test.context.event.ApplicationEventsTestExecutionListener.recordApplicationEvents' -> false]]
]]></system-out>
  </testcase>
  <testcase name="valid arguments: quizType=#quizType | title=#title | availableDate=#availableDate | conclusionDate=#conclusionDate | resultsDate=#resultsDate(Object,Object,Object,Object,Object)" classname="pt.ulisboa.tecnico.socialsoftware.tutor.quiz.service.CreateQuizTest" time="0.013">
    <system-out><![CDATA[2021-03-18 00:28:47.698  INFO 23484 --- [           main] o.s.t.c.transaction.TransactionContext   : Began transaction (1) for test context [DefaultTestContext@1bff7395 testClass = CreateQuizTest, testInstance = pt.ulisboa.tecnico.socialsoftware.tutor.quiz.service.CreateQuizTest@4ddbd10f, testMethod = $spock_feature_1_0@CreateQuizTest, testException = [null], mergedContextConfiguration = [MergedContextConfiguration@dcb0098 testClass = CreateQuizTest, locations = '{}', classes = '{class pt.ulisboa.tecnico.socialsoftware.tutor.TutorTestApplication, class pt.ulisboa.tecnico.socialsoftware.tutor.quiz.service.CreateQuizTest$LocalBeanConfiguration}', contextInitializerClasses = '[]', activeProfiles = '{}', propertySourceLocations = '{}', propertySourceProperties = '{org.springframework.boot.test.autoconfigure.orm.jpa.DataJpaTestContextBootstrapper=true}', contextCustomizers = set[[ImportsContextCustomizer@13b97cfb key = [org.springframework.boot.autoconfigure.cache.CacheAutoConfiguration, org.springframework.boot.autoconfigure.data.jpa.JpaRepositoriesAutoConfiguration, org.springframework.boot.autoconfigure.flyway.FlywayAutoConfiguration, org.springframework.boot.autoconfigure.jdbc.DataSourceAutoConfiguration, org.springframework.boot.autoconfigure.jdbc.DataSourceTransactionManagerAutoConfiguration, org.springframework.boot.autoconfigure.jdbc.JdbcTemplateAutoConfiguration, org.springframework.boot.autoconfigure.liquibase.LiquibaseAutoConfiguration, org.springframework.boot.autoconfigure.orm.jpa.HibernateJpaAutoConfiguration, org.springframework.boot.autoconfigure.transaction.TransactionAutoConfiguration, org.springframework.boot.test.autoconfigure.jdbc.TestDatabaseAutoConfiguration, org.springframework.boot.test.autoconfigure.orm.jpa.TestEntityManagerAutoConfiguration]], org.springframework.boot.test.context.filter.ExcludeFilterContextCustomizer@1f949ab9, org.springframework.boot.test.json.DuplicateJsonObjectContextCustomizerFactory$DuplicateJsonObjectContextCustomizer@7f426ddd, org.springframework.boot.test.mock.mockito.MockitoContextCustomizer@0, org.springframework.boot.test.autoconfigure.OverrideAutoConfigurationContextCustomizerFactory$DisableAutoConfigurationContextCustomizer@27df5806, org.springframework.boot.test.autoconfigure.actuate.metrics.MetricsExportContextCustomizerFactory$DisableMetricExportContextCustomizer@641ed324, org.springframework.boot.test.autoconfigure.filter.TypeExcludeFiltersContextCustomizer@351584c0, org.springframework.boot.test.autoconfigure.properties.PropertyMappingContextCustomizer@bff5ac1c, org.springframework.boot.test.autoconfigure.web.servlet.WebDriverContextCustomizerFactory$Customizer@5dfd31f4, org.spockframework.spring.mock.SpockContextCustomizer@0, org.springframework.boot.test.context.SpringBootTestArgs@1, org.springframework.boot.test.context.SpringBootTestWebEnvironment@0], contextLoader = 'org.springframework.boot.test.context.SpringBootContextLoader', parent = [null]], attributes = map['org.spockframework.spring.SpringMockTestExecutionListener.MOCKED_BEANS_LIST' -> list[Mock for type 'Mailer' named 'Mailer'], 'org.springframework.test.context.event.ApplicationEventsTestExecutionListener.recordApplicationEvents' -> false]]; transaction manager [org.springframework.orm.jpa.JpaTransactionManager@7e07f0e0]; rollback [true]
Hibernate: insert into courses (id, name, type) values (null, ?, ?)
Hibernate: call identity()
Hibernate: insert into course_executions (id, academic_term, acronym, course_id, end_date, status, type) values (null, ?, ?, ?, ?, ?, ?)
Hibernate: call identity()
Hibernate: insert into questions (id, content, course_id, creation_date, key, number_of_answers, number_of_correct, status, title) values (null, ?, ?, ?, ?, ?, ?, ?, ?)
Hibernate: call identity()
Hibernate: insert into question_details (id, question_id, question_type) values (null, ?, 'multiple_choice')
Hibernate: call identity()
Hibernate: insert into quizzes (id, available_date, conclusion_date, course_execution_id, creation_date, key, one_way, qr_code_only, results_date, scramble, series, title, type, version) values (null, ?, ?, ?, ?, ?, ?, ?, ?, ?, ?, ?, ?, ?)
Hibernate: call identity()
Hibernate: insert into quiz_questions (id, question_id, quiz_id, sequence) values (null, ?, ?, ?)
Hibernate: call identity()
Hibernate: select count(*) as col_0_0_ from quizzes quiz0_
Hibernate: select quiz0_.id as id1_23_, quiz0_.available_date as availabl2_23_, quiz0_.conclusion_date as conclusi3_23_, quiz0_.course_execution_id as course_14_23_, quiz0_.creation_date as creation4_23_, quiz0_.key as key5_23_, quiz0_.one_way as one_way6_23_, quiz0_.qr_code_only as qr_code_7_23_, quiz0_.results_date as results_8_23_, quiz0_.scramble as scramble9_23_, quiz0_.series as series10_23_, quiz0_.title as title11_23_, quiz0_.type as type12_23_, quiz0_.version as version13_23_ from quizzes quiz0_
2021-03-18 00:28:47.710  INFO 23484 --- [           main] o.s.t.c.transaction.TransactionContext   : Rolled back transaction for test: [DefaultTestContext@1bff7395 testClass = CreateQuizTest, testInstance = pt.ulisboa.tecnico.socialsoftware.tutor.quiz.service.CreateQuizTest@4ddbd10f, testMethod = $spock_feature_1_0@CreateQuizTest, testException = [null], mergedContextConfiguration = [MergedContextConfiguration@dcb0098 testClass = CreateQuizTest, locations = '{}', classes = '{class pt.ulisboa.tecnico.socialsoftware.tutor.TutorTestApplication, class pt.ulisboa.tecnico.socialsoftware.tutor.quiz.service.CreateQuizTest$LocalBeanConfiguration}', contextInitializerClasses = '[]', activeProfiles = '{}', propertySourceLocations = '{}', propertySourceProperties = '{org.springframework.boot.test.autoconfigure.orm.jpa.DataJpaTestContextBootstrapper=true}', contextCustomizers = set[[ImportsContextCustomizer@13b97cfb key = [org.springframework.boot.autoconfigure.cache.CacheAutoConfiguration, org.springframework.boot.autoconfigure.data.jpa.JpaRepositoriesAutoConfiguration, org.springframework.boot.autoconfigure.flyway.FlywayAutoConfiguration, org.springframework.boot.autoconfigure.jdbc.DataSourceAutoConfiguration, org.springframework.boot.autoconfigure.jdbc.DataSourceTransactionManagerAutoConfiguration, org.springframework.boot.autoconfigure.jdbc.JdbcTemplateAutoConfiguration, org.springframework.boot.autoconfigure.liquibase.LiquibaseAutoConfiguration, org.springframework.boot.autoconfigure.orm.jpa.HibernateJpaAutoConfiguration, org.springframework.boot.autoconfigure.transaction.TransactionAutoConfiguration, org.springframework.boot.test.autoconfigure.jdbc.TestDatabaseAutoConfiguration, org.springframework.boot.test.autoconfigure.orm.jpa.TestEntityManagerAutoConfiguration]], org.springframework.boot.test.context.filter.ExcludeFilterContextCustomizer@1f949ab9, org.springframework.boot.test.json.DuplicateJsonObjectContextCustomizerFactory$DuplicateJsonObjectContextCustomizer@7f426ddd, org.springframework.boot.test.mock.mockito.MockitoContextCustomizer@0, org.springframework.boot.test.autoconfigure.OverrideAutoConfigurationContextCustomizerFactory$DisableAutoConfigurationContextCustomizer@27df5806, org.springframework.boot.test.autoconfigure.actuate.metrics.MetricsExportContextCustomizerFactory$DisableMetricExportContextCustomizer@641ed324, org.springframework.boot.test.autoconfigure.filter.TypeExcludeFiltersContextCustomizer@351584c0, org.springframework.boot.test.autoconfigure.properties.PropertyMappingContextCustomizer@bff5ac1c, org.springframework.boot.test.autoconfigure.web.servlet.WebDriverContextCustomizerFactory$Customizer@5dfd31f4, org.spockframework.spring.mock.SpockContextCustomizer@0, org.springframework.boot.test.context.SpringBootTestArgs@1, org.springframework.boot.test.context.SpringBootTestWebEnvironment@0], contextLoader = 'org.springframework.boot.test.context.SpringBootContextLoader', parent = [null]], attributes = map['org.spockframework.spring.SpringMockTestExecutionListener.MOCKED_BEANS_LIST' -> list[Mock for type 'Mailer' named 'Mailer'], 'org.springframework.test.context.event.ApplicationEventsTestExecutionListener.recordApplicationEvents' -> false]]
]]></system-out>
  </testcase>
  <testcase name="valid arguments: quizType=#quizType | title=#title | availableDate=#availableDate | conclusionDate=#conclusionDate | resultsDate=#resultsDate(Object,Object,Object,Object,Object)" classname="pt.ulisboa.tecnico.socialsoftware.tutor.quiz.service.CreateQuizTest" time="0.012">
    <system-out><![CDATA[2021-03-18 00:28:47.713  INFO 23484 --- [           main] o.s.t.c.transaction.TransactionContext   : Began transaction (1) for test context [DefaultTestContext@1bff7395 testClass = CreateQuizTest, testInstance = pt.ulisboa.tecnico.socialsoftware.tutor.quiz.service.CreateQuizTest@4606d1ab, testMethod = $spock_feature_1_0@CreateQuizTest, testException = [null], mergedContextConfiguration = [MergedContextConfiguration@dcb0098 testClass = CreateQuizTest, locations = '{}', classes = '{class pt.ulisboa.tecnico.socialsoftware.tutor.TutorTestApplication, class pt.ulisboa.tecnico.socialsoftware.tutor.quiz.service.CreateQuizTest$LocalBeanConfiguration}', contextInitializerClasses = '[]', activeProfiles = '{}', propertySourceLocations = '{}', propertySourceProperties = '{org.springframework.boot.test.autoconfigure.orm.jpa.DataJpaTestContextBootstrapper=true}', contextCustomizers = set[[ImportsContextCustomizer@13b97cfb key = [org.springframework.boot.autoconfigure.cache.CacheAutoConfiguration, org.springframework.boot.autoconfigure.data.jpa.JpaRepositoriesAutoConfiguration, org.springframework.boot.autoconfigure.flyway.FlywayAutoConfiguration, org.springframework.boot.autoconfigure.jdbc.DataSourceAutoConfiguration, org.springframework.boot.autoconfigure.jdbc.DataSourceTransactionManagerAutoConfiguration, org.springframework.boot.autoconfigure.jdbc.JdbcTemplateAutoConfiguration, org.springframework.boot.autoconfigure.liquibase.LiquibaseAutoConfiguration, org.springframework.boot.autoconfigure.orm.jpa.HibernateJpaAutoConfiguration, org.springframework.boot.autoconfigure.transaction.TransactionAutoConfiguration, org.springframework.boot.test.autoconfigure.jdbc.TestDatabaseAutoConfiguration, org.springframework.boot.test.autoconfigure.orm.jpa.TestEntityManagerAutoConfiguration]], org.springframework.boot.test.context.filter.ExcludeFilterContextCustomizer@1f949ab9, org.springframework.boot.test.json.DuplicateJsonObjectContextCustomizerFactory$DuplicateJsonObjectContextCustomizer@7f426ddd, org.springframework.boot.test.mock.mockito.MockitoContextCustomizer@0, org.springframework.boot.test.autoconfigure.OverrideAutoConfigurationContextCustomizerFactory$DisableAutoConfigurationContextCustomizer@27df5806, org.springframework.boot.test.autoconfigure.actuate.metrics.MetricsExportContextCustomizerFactory$DisableMetricExportContextCustomizer@641ed324, org.springframework.boot.test.autoconfigure.filter.TypeExcludeFiltersContextCustomizer@351584c0, org.springframework.boot.test.autoconfigure.properties.PropertyMappingContextCustomizer@bff5ac1c, org.springframework.boot.test.autoconfigure.web.servlet.WebDriverContextCustomizerFactory$Customizer@5dfd31f4, org.spockframework.spring.mock.SpockContextCustomizer@0, org.springframework.boot.test.context.SpringBootTestArgs@1, org.springframework.boot.test.context.SpringBootTestWebEnvironment@0], contextLoader = 'org.springframework.boot.test.context.SpringBootContextLoader', parent = [null]], attributes = map['org.spockframework.spring.SpringMockTestExecutionListener.MOCKED_BEANS_LIST' -> list[Mock for type 'Mailer' named 'Mailer'], 'org.springframework.test.context.event.ApplicationEventsTestExecutionListener.recordApplicationEvents' -> false]]; transaction manager [org.springframework.orm.jpa.JpaTransactionManager@7e07f0e0]; rollback [true]
Hibernate: insert into courses (id, name, type) values (null, ?, ?)
Hibernate: call identity()
Hibernate: insert into course_executions (id, academic_term, acronym, course_id, end_date, status, type) values (null, ?, ?, ?, ?, ?, ?)
Hibernate: call identity()
Hibernate: insert into questions (id, content, course_id, creation_date, key, number_of_answers, number_of_correct, status, title) values (null, ?, ?, ?, ?, ?, ?, ?, ?)
Hibernate: call identity()
Hibernate: insert into question_details (id, question_id, question_type) values (null, ?, 'multiple_choice')
Hibernate: call identity()
Hibernate: insert into quizzes (id, available_date, conclusion_date, course_execution_id, creation_date, key, one_way, qr_code_only, results_date, scramble, series, title, type, version) values (null, ?, ?, ?, ?, ?, ?, ?, ?, ?, ?, ?, ?, ?)
Hibernate: call identity()
Hibernate: insert into quiz_questions (id, question_id, quiz_id, sequence) values (null, ?, ?, ?)
Hibernate: call identity()
Hibernate: select count(*) as col_0_0_ from quizzes quiz0_
Hibernate: select quiz0_.id as id1_23_, quiz0_.available_date as availabl2_23_, quiz0_.conclusion_date as conclusi3_23_, quiz0_.course_execution_id as course_14_23_, quiz0_.creation_date as creation4_23_, quiz0_.key as key5_23_, quiz0_.one_way as one_way6_23_, quiz0_.qr_code_only as qr_code_7_23_, quiz0_.results_date as results_8_23_, quiz0_.scramble as scramble9_23_, quiz0_.series as series10_23_, quiz0_.title as title11_23_, quiz0_.type as type12_23_, quiz0_.version as version13_23_ from quizzes quiz0_
2021-03-18 00:28:47.724  INFO 23484 --- [           main] o.s.t.c.transaction.TransactionContext   : Rolled back transaction for test: [DefaultTestContext@1bff7395 testClass = CreateQuizTest, testInstance = pt.ulisboa.tecnico.socialsoftware.tutor.quiz.service.CreateQuizTest@4606d1ab, testMethod = $spock_feature_1_0@CreateQuizTest, testException = [null], mergedContextConfiguration = [MergedContextConfiguration@dcb0098 testClass = CreateQuizTest, locations = '{}', classes = '{class pt.ulisboa.tecnico.socialsoftware.tutor.TutorTestApplication, class pt.ulisboa.tecnico.socialsoftware.tutor.quiz.service.CreateQuizTest$LocalBeanConfiguration}', contextInitializerClasses = '[]', activeProfiles = '{}', propertySourceLocations = '{}', propertySourceProperties = '{org.springframework.boot.test.autoconfigure.orm.jpa.DataJpaTestContextBootstrapper=true}', contextCustomizers = set[[ImportsContextCustomizer@13b97cfb key = [org.springframework.boot.autoconfigure.cache.CacheAutoConfiguration, org.springframework.boot.autoconfigure.data.jpa.JpaRepositoriesAutoConfiguration, org.springframework.boot.autoconfigure.flyway.FlywayAutoConfiguration, org.springframework.boot.autoconfigure.jdbc.DataSourceAutoConfiguration, org.springframework.boot.autoconfigure.jdbc.DataSourceTransactionManagerAutoConfiguration, org.springframework.boot.autoconfigure.jdbc.JdbcTemplateAutoConfiguration, org.springframework.boot.autoconfigure.liquibase.LiquibaseAutoConfiguration, org.springframework.boot.autoconfigure.orm.jpa.HibernateJpaAutoConfiguration, org.springframework.boot.autoconfigure.transaction.TransactionAutoConfiguration, org.springframework.boot.test.autoconfigure.jdbc.TestDatabaseAutoConfiguration, org.springframework.boot.test.autoconfigure.orm.jpa.TestEntityManagerAutoConfiguration]], org.springframework.boot.test.context.filter.ExcludeFilterContextCustomizer@1f949ab9, org.springframework.boot.test.json.DuplicateJsonObjectContextCustomizerFactory$DuplicateJsonObjectContextCustomizer@7f426ddd, org.springframework.boot.test.mock.mockito.MockitoContextCustomizer@0, org.springframework.boot.test.autoconfigure.OverrideAutoConfigurationContextCustomizerFactory$DisableAutoConfigurationContextCustomizer@27df5806, org.springframework.boot.test.autoconfigure.actuate.metrics.MetricsExportContextCustomizerFactory$DisableMetricExportContextCustomizer@641ed324, org.springframework.boot.test.autoconfigure.filter.TypeExcludeFiltersContextCustomizer@351584c0, org.springframework.boot.test.autoconfigure.properties.PropertyMappingContextCustomizer@bff5ac1c, org.springframework.boot.test.autoconfigure.web.servlet.WebDriverContextCustomizerFactory$Customizer@5dfd31f4, org.spockframework.spring.mock.SpockContextCustomizer@0, org.springframework.boot.test.context.SpringBootTestArgs@1, org.springframework.boot.test.context.SpringBootTestWebEnvironment@0], contextLoader = 'org.springframework.boot.test.context.SpringBootContextLoader', parent = [null]], attributes = map['org.spockframework.spring.SpringMockTestExecutionListener.MOCKED_BEANS_LIST' -> list[Mock for type 'Mailer' named 'Mailer'], 'org.springframework.test.context.event.ApplicationEventsTestExecutionListener.recordApplicationEvents' -> false]]
]]></system-out>
  </testcase>
  <testcase name="valid arguments: quizType=#quizType | title=#title | availableDate=#availableDate | conclusionDate=#conclusionDate | resultsDate=#resultsDate(Object,Object,Object,Object,Object)" classname="pt.ulisboa.tecnico.socialsoftware.tutor.quiz.service.CreateQuizTest" time="1.889"/>
  <testcase name="invalid arguments: quizType=#quizType | title=#title | availableDate=#availableDate | conclusionDate=#conclusionDate | resultsDate=#resultsDate || errorMessage=#errorMessage (Object,Object,Object,Object,Object,Object)" classname="pt.ulisboa.tecnico.socialsoftware.tutor.quiz.service.CreateQuizTest" time="0.014">
    <system-out><![CDATA[2021-03-18 00:28:47.728  INFO 23484 --- [           main] o.s.t.c.transaction.TransactionContext   : Began transaction (1) for test context [DefaultTestContext@1bff7395 testClass = CreateQuizTest, testInstance = pt.ulisboa.tecnico.socialsoftware.tutor.quiz.service.CreateQuizTest@37130b50, testMethod = $spock_feature_1_1@CreateQuizTest, testException = [null], mergedContextConfiguration = [MergedContextConfiguration@dcb0098 testClass = CreateQuizTest, locations = '{}', classes = '{class pt.ulisboa.tecnico.socialsoftware.tutor.TutorTestApplication, class pt.ulisboa.tecnico.socialsoftware.tutor.quiz.service.CreateQuizTest$LocalBeanConfiguration}', contextInitializerClasses = '[]', activeProfiles = '{}', propertySourceLocations = '{}', propertySourceProperties = '{org.springframework.boot.test.autoconfigure.orm.jpa.DataJpaTestContextBootstrapper=true}', contextCustomizers = set[[ImportsContextCustomizer@13b97cfb key = [org.springframework.boot.autoconfigure.cache.CacheAutoConfiguration, org.springframework.boot.autoconfigure.data.jpa.JpaRepositoriesAutoConfiguration, org.springframework.boot.autoconfigure.flyway.FlywayAutoConfiguration, org.springframework.boot.autoconfigure.jdbc.DataSourceAutoConfiguration, org.springframework.boot.autoconfigure.jdbc.DataSourceTransactionManagerAutoConfiguration, org.springframework.boot.autoconfigure.jdbc.JdbcTemplateAutoConfiguration, org.springframework.boot.autoconfigure.liquibase.LiquibaseAutoConfiguration, org.springframework.boot.autoconfigure.orm.jpa.HibernateJpaAutoConfiguration, org.springframework.boot.autoconfigure.transaction.TransactionAutoConfiguration, org.springframework.boot.test.autoconfigure.jdbc.TestDatabaseAutoConfiguration, org.springframework.boot.test.autoconfigure.orm.jpa.TestEntityManagerAutoConfiguration]], org.springframework.boot.test.context.filter.ExcludeFilterContextCustomizer@1f949ab9, org.springframework.boot.test.json.DuplicateJsonObjectContextCustomizerFactory$DuplicateJsonObjectContextCustomizer@7f426ddd, org.springframework.boot.test.mock.mockito.MockitoContextCustomizer@0, org.springframework.boot.test.autoconfigure.OverrideAutoConfigurationContextCustomizerFactory$DisableAutoConfigurationContextCustomizer@27df5806, org.springframework.boot.test.autoconfigure.actuate.metrics.MetricsExportContextCustomizerFactory$DisableMetricExportContextCustomizer@641ed324, org.springframework.boot.test.autoconfigure.filter.TypeExcludeFiltersContextCustomizer@351584c0, org.springframework.boot.test.autoconfigure.properties.PropertyMappingContextCustomizer@bff5ac1c, org.springframework.boot.test.autoconfigure.web.servlet.WebDriverContextCustomizerFactory$Customizer@5dfd31f4, org.spockframework.spring.mock.SpockContextCustomizer@0, org.springframework.boot.test.context.SpringBootTestArgs@1, org.springframework.boot.test.context.SpringBootTestWebEnvironment@0], contextLoader = 'org.springframework.boot.test.context.SpringBootContextLoader', parent = [null]], attributes = map['org.spockframework.spring.SpringMockTestExecutionListener.MOCKED_BEANS_LIST' -> list[Mock for type 'Mailer' named 'Mailer'], 'org.springframework.test.context.event.ApplicationEventsTestExecutionListener.recordApplicationEvents' -> false]]; transaction manager [org.springframework.orm.jpa.JpaTransactionManager@7e07f0e0]; rollback [true]
Hibernate: insert into courses (id, name, type) values (null, ?, ?)
Hibernate: call identity()
Hibernate: insert into course_executions (id, academic_term, acronym, course_id, end_date, status, type) values (null, ?, ?, ?, ?, ?, ?)
Hibernate: call identity()
Hibernate: insert into questions (id, content, course_id, creation_date, key, number_of_answers, number_of_correct, status, title) values (null, ?, ?, ?, ?, ?, ?, ?, ?)
Hibernate: call identity()
Hibernate: insert into question_details (id, question_id, question_type) values (null, ?, 'multiple_choice')
Hibernate: call identity()
2021-03-18 00:28:47.736 ERROR 23484 --- [           main] p.u.t.s.exceptions.TutorException        : Invalid type for quiz
Hibernate: select count(*) as col_0_0_ from quizzes quiz0_
2021-03-18 00:28:47.740  INFO 23484 --- [           main] o.s.t.c.transaction.TransactionContext   : Rolled back transaction for test: [DefaultTestContext@1bff7395 testClass = CreateQuizTest, testInstance = pt.ulisboa.tecnico.socialsoftware.tutor.quiz.service.CreateQuizTest@37130b50, testMethod = $spock_feature_1_1@CreateQuizTest, testException = [null], mergedContextConfiguration = [MergedContextConfiguration@dcb0098 testClass = CreateQuizTest, locations = '{}', classes = '{class pt.ulisboa.tecnico.socialsoftware.tutor.TutorTestApplication, class pt.ulisboa.tecnico.socialsoftware.tutor.quiz.service.CreateQuizTest$LocalBeanConfiguration}', contextInitializerClasses = '[]', activeProfiles = '{}', propertySourceLocations = '{}', propertySourceProperties = '{org.springframework.boot.test.autoconfigure.orm.jpa.DataJpaTestContextBootstrapper=true}', contextCustomizers = set[[ImportsContextCustomizer@13b97cfb key = [org.springframework.boot.autoconfigure.cache.CacheAutoConfiguration, org.springframework.boot.autoconfigure.data.jpa.JpaRepositoriesAutoConfiguration, org.springframework.boot.autoconfigure.flyway.FlywayAutoConfiguration, org.springframework.boot.autoconfigure.jdbc.DataSourceAutoConfiguration, org.springframework.boot.autoconfigure.jdbc.DataSourceTransactionManagerAutoConfiguration, org.springframework.boot.autoconfigure.jdbc.JdbcTemplateAutoConfiguration, org.springframework.boot.autoconfigure.liquibase.LiquibaseAutoConfiguration, org.springframework.boot.autoconfigure.orm.jpa.HibernateJpaAutoConfiguration, org.springframework.boot.autoconfigure.transaction.TransactionAutoConfiguration, org.springframework.boot.test.autoconfigure.jdbc.TestDatabaseAutoConfiguration, org.springframework.boot.test.autoconfigure.orm.jpa.TestEntityManagerAutoConfiguration]], org.springframework.boot.test.context.filter.ExcludeFilterContextCustomizer@1f949ab9, org.springframework.boot.test.json.DuplicateJsonObjectContextCustomizerFactory$DuplicateJsonObjectContextCustomizer@7f426ddd, org.springframework.boot.test.mock.mockito.MockitoContextCustomizer@0, org.springframework.boot.test.autoconfigure.OverrideAutoConfigurationContextCustomizerFactory$DisableAutoConfigurationContextCustomizer@27df5806, org.springframework.boot.test.autoconfigure.actuate.metrics.MetricsExportContextCustomizerFactory$DisableMetricExportContextCustomizer@641ed324, org.springframework.boot.test.autoconfigure.filter.TypeExcludeFiltersContextCustomizer@351584c0, org.springframework.boot.test.autoconfigure.properties.PropertyMappingContextCustomizer@bff5ac1c, org.springframework.boot.test.autoconfigure.web.servlet.WebDriverContextCustomizerFactory$Customizer@5dfd31f4, org.spockframework.spring.mock.SpockContextCustomizer@0, org.springframework.boot.test.context.SpringBootTestArgs@1, org.springframework.boot.test.context.SpringBootTestWebEnvironment@0], contextLoader = 'org.springframework.boot.test.context.SpringBootContextLoader', parent = [null]], attributes = map['org.spockframework.spring.SpringMockTestExecutionListener.MOCKED_BEANS_LIST' -> list[Mock for type 'Mailer' named 'Mailer'], 'org.springframework.test.context.event.ApplicationEventsTestExecutionListener.recordApplicationEvents' -> false]]
]]></system-out>
  </testcase>
  <testcase name="invalid arguments: quizType=#quizType | title=#title | availableDate=#availableDate | conclusionDate=#conclusionDate | resultsDate=#resultsDate || errorMessage=#errorMessage (Object,Object,Object,Object,Object,Object)" classname="pt.ulisboa.tecnico.socialsoftware.tutor.quiz.service.CreateQuizTest" time="0.013">
    <system-out><![CDATA[2021-03-18 00:28:47.743  INFO 23484 --- [           main] o.s.t.c.transaction.TransactionContext   : Began transaction (1) for test context [DefaultTestContext@1bff7395 testClass = CreateQuizTest, testInstance = pt.ulisboa.tecnico.socialsoftware.tutor.quiz.service.CreateQuizTest@27a3e19d, testMethod = $spock_feature_1_1@CreateQuizTest, testException = [null], mergedContextConfiguration = [MergedContextConfiguration@dcb0098 testClass = CreateQuizTest, locations = '{}', classes = '{class pt.ulisboa.tecnico.socialsoftware.tutor.TutorTestApplication, class pt.ulisboa.tecnico.socialsoftware.tutor.quiz.service.CreateQuizTest$LocalBeanConfiguration}', contextInitializerClasses = '[]', activeProfiles = '{}', propertySourceLocations = '{}', propertySourceProperties = '{org.springframework.boot.test.autoconfigure.orm.jpa.DataJpaTestContextBootstrapper=true}', contextCustomizers = set[[ImportsContextCustomizer@13b97cfb key = [org.springframework.boot.autoconfigure.cache.CacheAutoConfiguration, org.springframework.boot.autoconfigure.data.jpa.JpaRepositoriesAutoConfiguration, org.springframework.boot.autoconfigure.flyway.FlywayAutoConfiguration, org.springframework.boot.autoconfigure.jdbc.DataSourceAutoConfiguration, org.springframework.boot.autoconfigure.jdbc.DataSourceTransactionManagerAutoConfiguration, org.springframework.boot.autoconfigure.jdbc.JdbcTemplateAutoConfiguration, org.springframework.boot.autoconfigure.liquibase.LiquibaseAutoConfiguration, org.springframework.boot.autoconfigure.orm.jpa.HibernateJpaAutoConfiguration, org.springframework.boot.autoconfigure.transaction.TransactionAutoConfiguration, org.springframework.boot.test.autoconfigure.jdbc.TestDatabaseAutoConfiguration, org.springframework.boot.test.autoconfigure.orm.jpa.TestEntityManagerAutoConfiguration]], org.springframework.boot.test.context.filter.ExcludeFilterContextCustomizer@1f949ab9, org.springframework.boot.test.json.DuplicateJsonObjectContextCustomizerFactory$DuplicateJsonObjectContextCustomizer@7f426ddd, org.springframework.boot.test.mock.mockito.MockitoContextCustomizer@0, org.springframework.boot.test.autoconfigure.OverrideAutoConfigurationContextCustomizerFactory$DisableAutoConfigurationContextCustomizer@27df5806, org.springframework.boot.test.autoconfigure.actuate.metrics.MetricsExportContextCustomizerFactory$DisableMetricExportContextCustomizer@641ed324, org.springframework.boot.test.autoconfigure.filter.TypeExcludeFiltersContextCustomizer@351584c0, org.springframework.boot.test.autoconfigure.properties.PropertyMappi
[...]
Hibernate: insert into courses (id, name, type) values (null, ?, ?)
Hibernate: call identity()
Hibernate: insert into course_executions (id, academic_term, acronym, course_id, end_date, status, type) values (null, ?, ?, ?, ?, ?, ?)
Hibernate: call identity()
Hibernate: insert into questions (id, content, course_id, creation_date, key, number_of_answers, number_of_correct, status, title) values (null, ?, ?, ?, ?, ?, ?, ?, ?)
Hibernate: call identity()
Hibernate: insert into question_details (id, question_id, question_type) values (null, ?, 'multiple_choice')
Hibernate: call identity()
2021-03-18 00:28:47.829 ERROR 23484 --- [           main] p.u.t.s.exceptions.TutorException        : Invalid results date for quiz
Hibernate: select count(*) as col_0_0_ from quizzes quiz0_
2021-03-18 00:28:47.832  INFO 23484 --- [           main] o.s.t.c.transaction.TransactionContext   : Rolled back transaction for test: [DefaultTestContext@1bff7395 testClass = CreateQuizTest, testInstance = pt.ulisboa.tecnico.socialsoftware.tutor.quiz.service.CreateQuizTest@3b8ae744, testMethod = $spock_feature_1_1@CreateQuizTest, testException = [null], mergedContextConfiguration = [MergedContextConfiguration@dcb0098 testClass = CreateQuizTest, locations = '{}', classes = '{class pt.ulisboa.tecnico.socialsoftware.tutor.TutorTestApplication, class pt.ulisboa.tecnico.socialsoftware.tutor.quiz.service.CreateQuizTest$LocalBeanConfiguration}', contextInitializerClasses = '[]', activeProfiles = '{}', propertySourceLocations = '{}', propertySourceProperties = '{org.springframework.boot.test.autoconfigure.orm.jpa.DataJpaTestContextBootstrapper=true}', contextCustomizers = set[[ImportsContextCustomizer@13b97cfb key = [org.springframework.boot.autoconfigure.cache.CacheAutoConfiguration, org.springframework.boot.autoconfigure.data.jpa.JpaRepositoriesAutoConfiguration, org.springframework.boot.autoconfigure.flyway.FlywayAutoConfiguration, org.springframework.boot.autoconfigure.jdbc.DataSourceAutoConfiguration, org.springframework.boot.autoconfigure.jdbc.DataSourceTransactionManagerAutoConfiguration, org.springframework.boot.autoconfigure.jdbc.JdbcTemplateAutoConfiguration, org.springframework.boot.autoconfigure.liquibase.LiquibaseAutoConfiguration, org.springframework.boot.autoconfigure.orm.jpa.HibernateJpaAutoConfiguration, org.springframework.boot.autoconfigure.transaction.TransactionAutoConfiguration, org.springframework.boot.test.autoconfigure.jdbc.TestDatabaseAutoConfiguration, org.springframework.boot.test.autoconfigure.orm.jpa.TestEntityManagerAutoConfiguration]], org.springframework.boot.test.context.filter.ExcludeFilterContextCustomizer@1f949ab9, org.springframework.boot.test.json.DuplicateJsonObjectContextCustomizerFactory$DuplicateJsonObjectContextCustomizer@7f426ddd, org.springframework.boot.test.mock.mockito.MockitoContextCustomizer@0, org.springframework.boot.test.autoconfigure.OverrideAutoConfigurationContextCustomizerFactory$DisableAutoConfigurationContextCustomizer@27df5806, org.springframework.boot.test.autoconfigure.actuate.metrics.MetricsExportContextCustomizerFactory$DisableMetricExportContextCustomizer@641ed324, org.springframework.boot.test.autoconfigure.filter.TypeExcludeFiltersContextCustomizer@351584c0, org.springframework.boot.test.autoconfigure.properties.PropertyMappingContextCustomizer@bff5ac1c, org.springframework.boot.test.autoconfigure.web.servlet.WebDriverContextCustomizerFactory$Customizer@5dfd31f4, org.spockframework.spring.mock.SpockContextCustomizer@0, org.springframework.boot.test.context.SpringBootTestArgs@1, org.springframework.boot.test.context.SpringBootTestWebEnvironment@0], contextLoader = 'org.springframework.boot.test.context.SpringBootContextLoader', parent = [null]], attributes = map['org.spockframework.spring.SpringMockTestExecutionListener.MOCKED_BEANS_LIST' -> list[Mock for type 'Mailer' named 'Mailer'], 'org.springframework.test.context.event.ApplicationEventsTestExecutionListener.recordApplicationEvents' -> false]]
]]></system-out>
  </testcase>
  <testcase name="invalid arguments: quizType=#quizType | title=#title | availableDate=#availableDate | conclusionDate=#conclusionDate | resultsDate=#resultsDate || errorMessage=#errorMessage (Object,Object,Object,Object,Object,Object)" classname="pt.ulisboa.tecnico.socialsoftware.tutor.quiz.service.CreateQuizTest" time="0.008">
    <system-out><![CDATA[2021-03-18 00:28:47.834  INFO 23484 --- [           main] o.s.t.c.transaction.TransactionContext   : Began transaction (1) for test context [DefaultTestContext@1bff7395 testClass = CreateQuizTest, testInstance = pt.ulisboa.tecnico.socialsoftware.tutor.quiz.service.CreateQuizTest@24d9af0b, testMethod = $spock_feature_1_1@CreateQuizTest, testException = [null], mergedContextConfiguration = [MergedContextConfiguration@dcb0098 testClass = CreateQuizTest, locations = '{}', classes = '{class pt.ulisboa.tecnico.socialsoftware.tutor.TutorTestApplication, class pt.ulisboa.tecnico.socialsoftware.tutor.quiz.service.CreateQuizTest$LocalBeanConfiguration}', contextInitializerClasses = '[]', activeProfiles = '{}', propertySourceLocations = '{}', propertySourceProperties = '{org.springframework.boot.test.autoconfigure.orm.jpa.DataJpaTestContextBootstrapper=true}', contextCustomizers = set[[ImportsContextCustomizer@13b97cfb key = [org.springframework.boot.autoconfigure.cache.CacheAutoConfiguration, org.springframework.boot.autoconfigure.data.jpa.JpaRepositoriesAutoConfiguration, org.springframework.boot.autoconfigure.flyway.FlywayAutoConfiguration, org.springframework.boot.autoconfigure.jdbc.DataSourceAutoConfiguration, org.springframework.boot.autoconfigure.jdbc.DataSourceTransactionManagerAutoConfiguration, org.springframework.boot.autoconfigure.jdbc.JdbcTemplateAutoConfiguration, org.springframework.boot.autoconfigure.liquibase.LiquibaseAutoConfiguration, org.springframework.boot.autoconfigure.orm.jpa.HibernateJpaAutoConfiguration, org.springframework.boot.autoconfigure.transaction.TransactionAutoConfiguration, org.springframework.boot.test.autoconfigure.jdbc.TestDatabaseAutoConfiguration, org.springframework.boot.test.autoconfigure.orm.jpa.TestEntityManagerAutoConfiguration]], org.springframework.boot.test.context.filter.ExcludeFilterContextCustomizer@1f949ab9, org.springframework.boot.test.json.DuplicateJsonObjectContextCustomizerFactory$DuplicateJsonObjectContextCustomizer@7f426ddd, org.springframework.boot.test.mock.mockito.MockitoContextCustomizer@0, org.springframework.boot.test.autoconfigure.OverrideAutoConfigurationContextCustomizerFactory$DisableAutoConfigurationContextCustomizer@27df5806, org.springframework.boot.test.autoconfigure.actuate.metrics.MetricsExportContextCustomizerFactory$DisableMetricExportContextCustomizer@641ed324, org.springframework.boot.test.autoconfigure.filter.TypeExcludeFiltersContextCustomizer@351584c0, org.springframework.boot.test.autoconfigure.properties.PropertyMappingContextCustomizer@bff5ac1c, org.springframework.boot.test.autoconfigure.web.servlet.WebDriverContextCustomizerFactory$Customizer@5dfd31f4, org.spockframework.spring.mock.SpockContextCustomizer@0, org.springframework.boot.test.context.SpringBootTestArgs@1, org.springframework.boot.test.context.SpringBootTestWebEnvironment@0], contextLoader = 'org.springframework.boot.test.context.SpringBootContextLoader', parent = [null]], attributes = map['org.spockframework.spring.SpringMockTestExecutionListener.MOCKED_BEANS_LIST' -> list[Mock for type 'Mailer' named 'Mailer'], 'org.springframework.test.context.event.ApplicationEventsTestExecutionListener.recordApplicationEvents' -> false]]; transaction manager [org.springframework.orm.jpa.JpaTransactionManager@7e07f0e0]; rollback [true]
Hibernate: insert into courses (id, name, type) values (null, ?, ?)
Hibernate: call identity()
Hibernate: insert into course_executions (id, academic_term, acronym, course_id, end_date, status, type) values (null, ?, ?, ?, ?, ?, ?)
Hibernate: call identity()
Hibernate: insert into questions (id, content, course_id, creation_date, key, number_of_answers, number_of_correct, status, title) values (null, ?, ?, ?, ?, ?, ?, ?, ?)
Hibernate: call identity()
Hibernate: insert into question_details (id, question_id, question_type) values (null, ?, 'multiple_choice')
Hibernate: call identity()
2021-03-18 00:28:47.838 ERROR 23484 --- [           main] p.u.t.s.exceptions.TutorException        : Invalid results date for quiz
Hibernate: select count(*) as col_0_0_ from quizzes quiz0_
2021-03-18 00:28:47.842  INFO 23484 --- [           main] o.s.t.c.transaction.TransactionContext   : Rolled back transaction for test: [DefaultTestContext@1bff7395 testClass = CreateQuizTest, testInstance = pt.ulisboa.tecnico.socialsoftware.tutor.quiz.service.CreateQuizTest@24d9af0b, testMethod = $spock_feature_1_1@CreateQuizTest, testException = [null], mergedContextConfiguration = [MergedContextConfiguration@dcb0098 testClass = CreateQuizTest, locations = '{}', classes = '{class pt.ulisboa.tecnico.socialsoftware.tutor.TutorTestApplication, class pt.ulisboa.tecnico.socialsoftware.tutor.quiz.service.CreateQuizTest$LocalBeanConfiguration}', contextInitializerClasses = '[]', activeProfiles = '{}', propertySourceLocations = '{}', propertySourceProperties = '{org.springframework.boot.test.autoconfigure.orm.jpa.DataJpaTestContextBootstrapper=true}', contextCustomizers = set[[ImportsContextCustomizer@13b97cfb key = [org.springframework.boot.autoconfigure.cache.CacheAutoConfiguration, org.springframework.boot.autoconfigure.data.jpa.JpaRepositoriesAutoConfiguration, org.springframework.boot.autoconfigure.flyway.FlywayAutoConfiguration, org.springframework.boot.autoconfigure.jdbc.DataSourceAutoConfiguration, org.springframework.boot.autoconfigure.jdbc.DataSourceTransactionManagerAutoConfiguration, org.springframework.boot.autoconfigure.jdbc.JdbcTemplateAutoConfiguration, org.springframework.boot.autoconfigure.liquibase.LiquibaseAutoConfiguration, org.springframework.boot.autoconfigure.orm.jpa.HibernateJpaAutoConfiguration, org.springframework.boot.autoconfigure.transaction.TransactionAutoConfiguration, org.springframework.boot.test.autoconfigure.jdbc.TestDatabaseAutoConfiguration, org.springframework.boot.test.autoconfigure.orm.jpa.TestEntityManagerAutoConfiguration]], org.springframework.boot.test.context.filter.ExcludeFilterContextCustomizer@1f949ab9, org.springframework.boot.test.json.DuplicateJsonObjectContextCustomizerFactory$DuplicateJsonObjectContextCustomizer@7f426ddd, org.springframework.boot.test.mock.mockito.MockitoContextCustomizer@0, org.springframework.boot.test.autoconfigure.OverrideAutoConfigurationContextCustomizerFactory$DisableAutoConfigurationContextCustomizer@27df5806, org.springframework.boot.test.autoconfigure.actuate.metrics.MetricsExportContextCustomizerFactory$DisableMetricExportContextCustomizer@641ed324, org.springframework.boot.test.autoconfigure.filter.TypeExcludeFiltersContextCustomizer@351584c0, org.springframework.boot.test.autoconfigure.properties.PropertyMappingContextCustomizer@bff5ac1c, org.springframework.boot.test.autoconfigure.web.servlet.WebDriverContextCustomizerFactory$Customizer@5dfd31f4, org.spockframework.spring.mock.SpockContextCustomizer@0, org.springframework.boot.test.context.SpringBootTestArgs@1, org.springframework.boot.test.context.SpringBootTestWebEnvironment@0], contextLoader = 'org.springframework.boot.test.context.SpringBootContextLoader', parent = [null]], attributes = map['org.spockframework.spring.SpringMockTestExecutionListener.MOCKED_BEANS_LIST' -> list[Mock for type 'Mailer' named 'Mailer'], 'org.springframework.test.context.event.ApplicationEventsTestExecutionListener.recordApplicationEvents' -> false]]
]]></system-out>
  </testcase>
  <testcase name="invalid arguments: quizType=#quizType | title=#title | availableDate=#availableDate | conclusionDate=#conclusionDate | resultsDate=#resultsDate || errorMessage=#errorMessage (Object,Object,Object,Object,Object,Object)" classname="pt.ulisboa.tecnico.socialsoftware.tutor.quiz.service.CreateQuizTest" time="0.118"/>
  <testcase name="create quiz with wrong question sequence" classname="pt.ulisboa.tecnico.socialsoftware.tutor.quiz.service.CreateQuizTest" time="0.009">
    <system-out><![CDATA[2021-03-18 00:28:47.844  INFO 23484 --- [           main] o.s.t.c.transaction.TransactionContext   : Began transaction (1) for test context [DefaultTestContext@1bff7395 testClass = CreateQuizTest, testInstance = pt.ulisboa.tecnico.socialsoftware.tutor.quiz.service.CreateQuizTest@2f3edf45, testMethod = $spock_feature_1_2@CreateQuizTest, testException = [null], mergedContextConfiguration = [MergedContextConfiguration@dcb0098 testClass = CreateQuizTest, locations = '{}', classes = '{class pt.ulisboa.tecnico.socialsoftware.tutor.TutorTestApplication, class pt.ulisboa.tecnico.socialsoftware.tutor.quiz.service.CreateQuizTest$LocalBeanConfiguration}', contextInitializerClasses = '[]', activeProfiles = '{}', propertySourceLocations = '{}', propertySourceProperties = '{org.springframework.boot.test.autoconfigure.orm.jpa.DataJpaTestContextBootstrapper=true}', contextCustomizers = set[[ImportsContextCustomizer@13b97cfb key = [org.springframework.boot.autoconfigure.cache.CacheAutoConfiguration, org.springframework.boot.autoconfigure.data.jpa.JpaRepositoriesAutoConfiguration, org.springframework.boot.autoconfigure.flyway.FlywayAutoConfiguration, org.springframework.boot.autoconfigure.jdbc.DataSourceAutoConfiguration, org.springframework.boot.autoconfigure.jdbc.DataSourceTransactionManagerAutoConfiguration, org.springframework.boot.autoconfigure.jdbc.JdbcTemplateAutoConfiguration, org.springframework.boot.autoconfigure.liquibase.LiquibaseAutoConfiguration, org.springframework.boot.autoconfigure.orm.jpa.HibernateJpaAutoConfiguration, org.springframework.boot.autoconfigure.transaction.TransactionAutoConfiguration, org.springframework.boot.test.autoconfigure.jdbc.TestDatabaseAutoConfiguration, org.springframework.boot.test.autoconfigure.orm.jpa.TestEntityManagerAutoConfiguration]], org.springframework.boot.test.context.filter.ExcludeFilterContextCustomizer@1f949ab9, org.springframework.boot.test.json.DuplicateJsonObjectContextCustomizerFactory$DuplicateJsonObjectContextCustomizer@7f426ddd, org.springframework.boot.test.mock.mockito.MockitoContextCustomizer@0, org.springframework.boot.test.autoconfigure.OverrideAutoConfigurationContextCustomizerFactory$DisableAutoConfigurationContextCustomizer@27df5806, org.springframework.boot.test.autoconfigure.actuate.metrics.MetricsExportContextCustomizerFactory$DisableMetricExportContextCustomizer@641ed324, org.springframework.boot.test.autoconfigure.filter.TypeExcludeFiltersContextCustomizer@351584c0, org.springframework.boot.test.autoconfigure.properties.PropertyMappingContextCustomizer@bff5ac1c, org.springframework.boot.test.autoconfigure.web.servlet.WebDriverContextCustomizerFactory$Customizer@5dfd31f4, org.spockframework.spring.mock.SpockContextCustomizer@0, org.springframework.boot.test.context.SpringBootTestArgs@1, org.springframework.boot.test.context.SpringBootTestWebEnvironment@0], contextLoader = 'org.springframework.boot.test.context.SpringBootContextLoader', parent = [null]], attributes = map['org.spockframework.spring.SpringMockTestExecutionListener.MOCKED_BEANS_LIST' -> list[Mock for type 'Mailer' named 'Mailer'], 'org.springframework.test.context.event.ApplicationEventsTestExecutionListener.recordApplicationEvents' -> false]]; transaction manager [org.springframework.orm.jpa.JpaTransactionManager@7e07f0e0]; rollback [true]
Hibernate: insert into courses (id, name, type) values (null, ?, ?)
Hibernate: call identity()
Hibernate: insert into course_executions (id, academic_term, acronym, course_id, end_date, status, type) values (null, ?, ?, ?, ?, ?, ?)
Hibernate: call identity()
Hibernate: insert into questions (id, content, course_id, creation_date, key, number_of_answers, number_of_correct, status, title) values (null, ?, ?, ?, ?, ?, ?, ?, ?)
Hibernate: call identity()
Hibernate: insert into question_details (id, question_id, question_type) values (null, ?, 'multiple_choice')
Hibernate: call identity()
2021-03-18 00:28:47.848 ERROR 23484 --- [           main] p.u.t.s.exceptions.TutorException        : Invalid question sequence for quiz
Hibernate: select count(*) as col_0_0_ from quizzes quiz0_
2021-03-18 00:28:47.852  INFO 23484 --- [           main] o.s.t.c.transaction.TransactionContext   : Rolled back transaction for test: [DefaultTestContext@1bff7395 testClass = CreateQuizTest, testInstance = pt.ulisboa.tecnico.socialsoftware.tutor.quiz.service.CreateQuizTest@2f3edf45, testMethod = $spock_feature_1_2@CreateQuizTest, testException = [null], mergedContextConfiguration = [MergedContextConfiguration@dcb0098 testClass = CreateQuizTest, locations = '{}', classes = '{class pt.ulisboa.tecnico.socialsoftware.tutor.TutorTestApplication, class pt.ulisboa.tecnico.socialsoftware.tutor.quiz.service.CreateQuizTest$LocalBeanConfiguration}', contextInitializerClasses = '[]', activeProfiles = '{}', propertySourceLocations = '{}', propertySourceProperties = '{org.springframework.boot.test.autoconfigure.orm.jpa.DataJpaTestContextBootstrapper=true}', contextCustomizers = set[[ImportsContextCustomizer@13b97cfb key = [org.springframework.boot.autoconfigure.cache.CacheAutoConfiguration, org.springframework.boot.autoconfigure.data.jpa.JpaRepositoriesAutoConfiguration, org.springframework.boot.autoconfigure.flyway.FlywayAutoConfiguration, org.springframework.boot.autoconfigure.jdbc.DataSourceAutoConfiguration, org.springframework.boot.autoconfigure.jdbc.DataSourceTransactionManagerAutoConfiguration, org.springframework.boot.autoconfigure.jdbc.JdbcTemplateAutoConfiguration, org.springframework.boot.autoconfigure.liquibase.LiquibaseAutoConfiguration, org.springframework.boot.autoconfigure.orm.jpa.HibernateJpaAutoConfiguration, org.springframework.boot.autoconfigure.transaction.TransactionAutoConfiguration, org.springframework.boot.test.autoconfigure.jdbc.TestDatabaseAutoConfiguration, org.springframework.boot.test.autoconfigure.orm.jpa.TestEntityManagerAutoConfiguration]], org.springframework.boot.test.context.filter.ExcludeFilterContextCustomizer@1f949ab9, org.springframework.boot.test.json.DuplicateJsonObjectContextCustomizerFactory$DuplicateJsonObjectContextCustomizer@7f426ddd, org.springframework.boot.test.mock.mockito.MockitoContextCustomizer@0, org.springframework.boot.test.autoconfigure.OverrideAutoConfigurationContextCustomizerFactory$DisableAutoConfigurationContextCustomizer@27df5806, org.springframework.boot.test.autoconfigure.actuate.metrics.MetricsExportContextCustomizerFactory$DisableMetricExportContextCustomizer@641ed324, org.springframework.boot.test.autoconfigure.filter.TypeExcludeFiltersContextCustomizer@351584c0, org.springframework.boot.test.autoconfigure.properties.PropertyMappingContextCustomizer@bff5ac1c, org.springframework.boot.test.autoconfigure.web.servlet.WebDriverContextCustomizerFactory$Customizer@5dfd31f4, org.spockframework.spring.mock.SpockContextCustomizer@0, org.springframework.boot.test.context.SpringBootTestArgs@1, org.springframework.boot.test.context.SpringBootTestWebEnvironment@0], contextLoader = 'org.springframework.boot.test.context.SpringBootContextLoader', parent = [null]], attributes = map['org.spockframework.spring.SpringMockTestExecutionListener.MOCKED_BEANS_LIST' -> list[Mock for type 'Mailer' named 'Mailer'], 'org.springframework.test.context.event.ApplicationEventsTestExecutionListener.recordApplicationEvents' -> false]]
]]></system-out>
  </testcase>
</testsuite>