<?xml version="1.0" encoding="UTF-8"?>
<testsuite xmlns:xsi="http://www.w3.org/2001/XMLSchema-instance" xsi:noNamespaceSchemaLocation="https://maven.apache.org/surefire/maven-surefire-plugin/xsd/surefire-test-report-3.0.xsd" version="3.0" name="pt.ulisboa.tecnico.socialsoftware.tournament.tournament.service.CancelTournamentTest" time="13.664" tests="4" errors="0" skipped="0" failures="0">
  <properties>
[...]
</properties>
  <testcase name="user that created tournament cancels it" classname="pt.ulisboa.tecnico.socialsoftware.tournament.tournament.service.CancelTournamentTest" time="1.089">
    <system-out><![CDATA[00:29:33.912 [main] DEBUG org.springframework.test.annotation.ProfileValueUtils - Retrieved @ProfileValueSourceConfiguration [null] for test class [pt.ulisboa.tecnico.socialsoftware.tournament.tournament.service.CancelTournamentTest]
00:29:33.928 [main] DEBUG org.springframework.test.annotation.ProfileValueUtils - Retrieved ProfileValueSource type [class org.springframework.test.annotation.SystemProfileValueSource] for class [pt.ulisboa.tecnico.socialsoftware.tournament.tournament.service.CancelTournamentTest]
00:29:33.929 [main] DEBUG org.springframework.test.annotation.ProfileValueUtils - Retrieved @ProfileValueSourceConfiguration [null] for test class [pt.ulisboa.tecnico.socialsoftware.tournament.tournament.service.CancelTournamentTest]
00:29:33.929 [main] DEBUG org.springframework.test.annotation.ProfileValueUtils - Retrieved ProfileValueSource type [class org.springframework.test.annotation.SystemProfileValueSource] for class [pt.ulisboa.tecnico.socialsoftware.tournament.tournament.service.CancelTournamentTest]
00:29:33.938 [main] DEBUG org.springframework.test.annotation.ProfileValueUtils - Retrieved @ProfileValueSourceConfiguration [null] for test class [pt.ulisboa.tecnico.socialsoftware.tournament.tournament.service.CancelTournamentTest]
00:29:33.938 [main] DEBUG org.springframework.test.annotation.ProfileValueUtils - Retrieved ProfileValueSource type [class org.springframework.test.annotation.SystemProfileValueSource] for class [pt.ulisboa.tecnico.socialsoftware.tournament.tournament.service.CancelTournamentTest]
00:29:33.939 [main] DEBUG org.springframework.test.annotation.ProfileValueUtils - Retrieved @ProfileValueSourceConfiguration [null] for test class [pt.ulisboa.tecnico.socialsoftware.tournament.tournament.service.CancelTournamentTest]
00:29:33.939 [main] DEBUG org.springframework.test.annotation.ProfileValueUtils - Retrieved ProfileValueSource type [class org.springframework.test.annotation.SystemProfileValueSource] for class [pt.ulisboa.tecnico.socialsoftware.tournament.tournament.service.CancelTournamentTest]
00:29:33.940 [main] DEBUG org.springframework.test.annotation.ProfileValueUtils - Retrieved @ProfileValueSourceConfiguration [null] for test class [pt.ulisboa.tecnico.socialsoftware.tournament.tournament.service.CancelTournamentTest]
00:29:33.940 [main] DEBUG org.springframework.test.annotation.ProfileValueUtils - Retrieved ProfileValueSource type [class org.springframework.test.annotation.SystemProfileValueSource] for class [pt.ulisboa.tecnico.socialsoftware.tournament.tournament.service.CancelTournamentTest]
00:29:33.957 [main] DEBUG org.springframework.test.context.BootstrapUtils - Instantiating CacheAwareContextLoaderDelegate from class [org.springframework.test.context.cache.DefaultCacheAwareContextLoaderDelegate]
00:29:33.994 [main] DEBUG org.springframework.test.context.BootstrapUtils - Instantiating BootstrapContext using constructor [public org.springframework.test.context.support.DefaultBootstrapContext(java.lang.Class,org.springframework.test.context.CacheAwareContextLoaderDelegate)]
00:29:34.026 [main] DEBUG org.springframework.test.context.BootstrapUtils - Instantiating TestContextBootstrapper for test class [pt.ulisboa.tecnico.socialsoftware.tournament.tournament.service.CancelTournamentTest] from class [org.springframework.boot.test.autoconfigure.orm.jpa.DataJpaTestContextBootstrapper]
00:29:34.072 [main] INFO org.springframework.boot.test.autoconfigure.orm.jpa.DataJpaTestContextBootstrapper - Neither @ContextConfiguration nor @ContextHierarchy found for test class [pt.ulisboa.tecnico.socialsoftware.tournament.tournament.service.CancelTournamentTest], using SpringBootContextLoader
00:29:34.115 [main] DEBUG org.springframework.test.context.support.AbstractContextLoader - Did not detect default resource location for test class [pt.ulisboa.tecnico.socialsoftware.tournament.tournament.service.CancelTournamentTest]: class path resource [pt/ulisboa/tecnico/socialsoftware/tournament/tournament/service/CancelTournamentTest-context.xml] does not exist
00:29:34.117 [main] DEBUG org.springframework.test.context.support.AbstractContextLoader - Did not detect default resource location for test class [pt.ulisboa.tecnico.socialsoftware.tournament.tournament.service.CancelTournamentTest]: class path resource [pt/ulisboa/tecnico/socialsoftware/tournament/tournament/service/CancelTournamentTestContext.groovy] does not exist
00:29:34.118 [main] INFO org.springframework.test.context.support.AbstractContextLoader - Could not detect default resource locations for test class [pt.ulisboa.tecnico.socialsoftware.tournament.tournament.service.CancelTournamentTest]: no resource found for suffixes {-context.xml, Context.groovy}.
00:29:34.538 [main] DEBUG org.springframework.test.context.support.ActiveProfilesUtils - Could not find an 'annotation declaring class' for annotation type [org.springframework.test.context.ActiveProfiles] and class [pt.ulisboa.tecnico.socialsoftware.tournament.tournament.service.CancelTournamentTest]
00:29:34.944 [main] DEBUG org.springframework.context.annotation.ClassPathScanningCandidateComponentProvider - Identified candidate component class: file [C:\Users\jhmff\Desktop\IST\MEIC\2ano\2Semestre\Tutor\backend\tournament\target\classes\pt\ulisboa\tecnico\socialsoftware\tournament\TournamentTestApplication.class]
00:29:34.946 [main] INFO org.springframework.boot.test.context.SpringBootTestContextBootstrapper - Found @SpringBootConfiguration pt.ulisboa.tecnico.socialsoftware.tournament.TournamentTestApplication for test class pt.ulisboa.tecnico.socialsoftware.tournament.tournament.service.CancelTournamentTest
00:29:34.957 [main] DEBUG org.springframework.boot.test.autoconfigure.orm.jpa.DataJpaTestContextBootstrapper - @TestExecutionListeners is not present for class [pt.ulisboa.tecnico.socialsoftware.tournament.tournament.service.CancelTournamentTest]: using defaults.
00:29:34.957 [main] INFO org.springframework.boot.test.autoconfigure.orm.jpa.DataJpaTestContextBootstrapper - Loaded default TestExecutionListener class names from location [META-INF/spring.factories]: [org.springframework.boot.test.mock.mockito.MockitoTestExecutionListener, org.springframework.boot.test.mock.mockito.ResetMocksTestExecutionListener, org.springframework.boot.test.autoconfigure.restdocs.RestDocsTestExecutionListener, org.springframework.boot.test.autoconfigure.web.client.MockRestServiceServerResetTestExecutionListener, org.springframework.boot.test.autoconfigure.web.servlet.MockMvcPrintOnlyOnFailureTestExecutionListener, org.springframework.boot.test.autoconfigure.web.servlet.WebDriverTestExecutionListener, org.springframework.boot.test.autoconfigure.webservices.client.MockWebServiceServerTestExecutionListener, org.springframework.test.context.web.ServletTestExecutionListener, org.springframework.test.context.support.DirtiesContextBeforeModesTestExecutionListener, org.springframework.test.context.event.ApplicationEventsTestExecutionListener, org.springframework.test.context.support.DependencyInjectionTestExecutionListener, org.springframework.test.context.support.DirtiesContextTestExecutionListener, org.springframework.test.context.transaction.TransactionalTestExecutionListener, org.springframework.test.context.jdbc.SqlScriptsTestExecutionListener, org.springframework.test.context.event.EventPublishingTestExecutionListener, org.springframework.security.test.context.support.WithSecurityContextTestExecutionListener, org.springframework.security.test.context.support.ReactorContextTestExecutionListener, org.spockframework.spring.SpringMockTestExecutionListener]
00:29:35.058 [main] INFO org.springframework.boot.test.autoconfigure.orm.jpa.DataJpaTestContextBootstrapper - Using TestExecutionListeners: [org.springframework.test.context.web.ServletTestExecutionListener@7323c38c, org.springframework.test.context.support.DirtiesContextBeforeModesTestExecutionListener@2c02a007, org.springframework.test.context.event.ApplicationEventsTestExecutionListener@63a72cc6, org.springframework.boot.test.mock.mockito.MockitoTestExecutionListener@61bd0845, org.springframework.boot.test.autoconfigure.SpringBootDependencyInjectionTestExecutionListener@cef885d, org.springframework.test.context.support.DirtiesContextTestExecutionListener@35d4035f, org.springframework.test.context.transaction.TransactionalTestExecutionListener@6f4fc83f, org.springframework.test.context.jdbc.SqlScriptsTestExecutionListener@66b90ab3, org.springframework.test.context.event.EventPublishingTestExecutionListener@16e4db59, org.springframework.security.test.context.support.WithSecurityContextTestExecutionListener@33fec21, org.springframework.security.test.context.support.ReactorContextTestExecutionListener@12a0d249, org.springframework.boot.test.mock.mockito.ResetMocksTestExecutionListener@3c62be3c, org.springframework.boot.test.autoconfigure.restdocs.RestDocsTestExecutionListener@c6c84fa, org.springframework.boot.test.autoconfigure.web.client.MockRestServiceServerResetTestExecutionListener@70ce2fb2, org.springframework.boot.test.autoconfigure.web.servlet.MockMvcPrintOnlyOnFailureTestExecutionListener@64688978, org.springframework.boot.test.autoconfigure.web.servlet.WebDriverTestExecutionListener@4d525897, org.springframework.boot.test.autoconfigure.webservices.client.MockWebServiceServerTestExecutionListener@25f14e93, org.spockframework.spring.SpringMockTestExecutionListener@24435620]
00:29:35.104 [main] DEBUG org.springframework.test.annotation.ProfileValueUtils - Retrieved @ProfileValueSourceConfiguration [null] for test class [pt.ulisboa.tecnico.socialsoftware.tournament.tournament.service.CreateTournamentTest]
00:29:35.104 [main] DEBUG org.springframework.test.annotation.ProfileValueUtils - Retrieved ProfileValueSource type [class org.springframework.test.annotation.SystemProfileValueSource] for class [pt.ulisboa.tecnico.socialsoftware.tournament.tournament.service.CreateTournamentTest]
00:29:35.105 [main] DEBUG org.springframework.test.annotation.ProfileValueUtils - Retrieved @ProfileValueSourceConfiguration [null] for test class [pt.ulisboa.tecnico.socialsoftware.tournament.tournament.service.CreateTournamentTest]
00:29:35.105 [main] DEBUG org.springframework.test.annotation.ProfileValueUtils - Retrieved ProfileValueSource type [class org.springframework.test.annotation.SystemProfileValueSource] for class [pt.ulisboa.tecnico.socialsoftware.tournament.tournament.service.CreateTournamentTest]
00:29:35.105 [main] DEBUG org.springframework.test.annotation.ProfileValueUtils - Retrieved @ProfileValueSourceConfiguration [null] for test class [pt.ulisboa.tecnico.socialsoftware.tournament.tournament.service.CreateTournamentTest]
00:29:35.106 [main] DEBUG org.springframework.test.annotation.ProfileValueUtils - Retrieved ProfileValueSource type [class org.springframework.test.annotation.SystemProfileValueSource] for class [pt.ulisboa.tecnico.socialsoftware.tournament.tournament.service.CreateTournamentTest]
00:29:35.106 [main] DEBUG org.springframework.test.annotation.ProfileValueUtils - Retrieved @ProfileValueSourceConfiguration [null] for test class [pt.ulisboa.tecnico.socialsoftware.tournament.tournament.service.CreateTournamentTest]
00:29:35.106 [main] DEBUG org.springframework.test.annotation.ProfileValueUtils - Retrieved ProfileValueSource type [class org.springframework.test.annotation.SystemProfileValueSource] for class [pt.ulisboa.tecnico.socialsoftware.tournament.tournament.service.CreateTournamentTest]
00:29:35.106 [main] DEBUG org.springframework.test.annotation.ProfileValueUtils - Retrieved @ProfileValueSourceConfiguration [null] for test class [pt.ulisboa.tecnico.socialsoftware.tournament.tournament.service.CreateTournamentTest]
00:29:35.106 [main] DEBUG org.springframework.test.annotation.ProfileValueUtils - Retrieved ProfileValueSource type [class org.springframework.test.annotation.SystemProfileValueSource] for class [pt.ulisboa.tecnico.socialsoftware.tournament.tournament.service.CreateTournamentTest]
00:29:35.107 [main] DEBUG org.springframework.test.context.BootstrapUtils - Instantiating CacheAwareContextLoaderDelegate from class [org.springframework.test.context.cache.DefaultCacheAwareContextLoaderDelegate]
00:29:35.107 [main] DEBUG org.springframework.test.context.BootstrapUtils - Instantiating BootstrapContext using constructor [public org.springframework.test.context.support.DefaultBootstrapContext(java.lang.Class,org.springframework.test.context.CacheAwareContextLoaderDelegate)]
00:29:35.109 [main] DEBUG org.springframework.test.context.BootstrapUtils - Instantiating TestContextBootstrapper for test class [pt.ulisboa.tecnico.socialsoftware.tournament.tournament.service.CreateTournamentTest] from class [org.springframework.boot.test.autoconfigure.orm.jpa.DataJpaTestContextBootstrapper]
00:29:35.111 [main] INFO org.springframework.boot.test.autoconfigure.orm.jpa.DataJpaTestContextBootstrapper - Neither @ContextConfiguration nor @ContextHierarchy found for test class [pt.ulisboa.tecnico.socialsoftware.tournament.tournament.service.CreateTournamentTest], using SpringBootContextLoader
00:29:35.113 [main] DEBUG org.springframework.test.context.support.AbstractContextLoader - Did not detect default resource location for test class [pt.ulisboa.tecnico.socialsoftware.tournament.tournament.service.CreateTournamentTest]: class path resource [pt/ulisboa/tecnico/socialsoftware/tournament/tournament/service/CreateTournamentTest-context.xml] does not exist
00:29:35.115 [main] DEBUG org.springframework.test.context.support.AbstractContextLoader - Did not detect default resource location for test class [pt.ulisboa.tecnico.socialsoftware.tournament.tournament.service.CreateTournamentTest]: class path resource [pt/ulisboa/tecnico/socialsoftware/tournament/tournament/service/CreateTournamentTestContext.groovy] does not exist
00:29:35.115 [main] INFO org.springframework.test.context.support.AbstractContextLoader - Could not detect default resource locations for test class [pt.ulisboa.tecnico.socialsoftware.tournament.tournament.service.CreateTournamentTest]: no resource found for suffixes {-context.xml, Context.groovy}.
00:29:35.133 [main] DEBUG org.springframework.test.context.support.ActiveProfilesUtils - Could not find an 'annotation declaring class' for annotation type [org.springframework.test.context.ActiveProfiles] and class [pt.ulisboa.tecnico.socialsoftware.tournament.tournament.service.CreateTournamentTest]
00:29:35.135 [main] INFO org.springframework.boot.test.context.SpringBootTestContextBootstrapper - Found @SpringBootConfiguration pt.ulisboa.tecnico.socialsoftware.tournament.TournamentTestApplication for test class pt.ulisboa.tecnico.socialsoftware.tournament.tournament.service.CreateTournamentTest
00:29:35.138 [main] DEBUG org.springframework.boot.test.autoconfigure.orm.jpa.DataJpaTestContextBootstrapper - @TestExecutionListeners is not present for class [pt.ulisboa.tecnico.socialsoftware.tournament.tournament.service.CreateTournamentTest]: using defaults.
00:29:35.138 [main] INFO org.springframework.boot.test.autoconfigure.orm.jpa.DataJpaTestContextBootstrapper - Loaded default TestExecutionListener class names from location [META-INF/spring.factories]: [org.springframework.boot.test.mock.mockito.MockitoTestExecutionListener, org.springframework.boot.test.mock.mockito.ResetMocksTestExecutionListener, org.springframework.boot.test.autoconfigure.restdocs.RestDocsTestExecutionListener, org.springframework.boot.test.autoconfigure.web.client.MockRestServiceServerResetTestExecutionListener, org.springframework.boot.test.autoconfigure.web.servlet.MockMvcPrintOnlyOnFailureTestExecutionListener, org.springframework.boot.test.autoconfigure.web.servlet.WebDriverTestExecutionListener, org.springframework.boot.test.autoconfigure.webservices.client.MockWebServiceServerTestExecutionListener, org.springframework.test.context.web.ServletTestExecutionListener, org.springframework.test.context.support.DirtiesContextBeforeModesTestExecutionListener, org.springframework.test.context.event.ApplicationEventsTestExecutionListener, org.springframework.test.context.support.DependencyInjectionTestExecutionListener, org.springframework.test.context.support.DirtiesContextTestExecutionListener, org.springframework.test.context.transaction.TransactionalTestExecutionListener, org.springframework.test.context.jdbc.SqlScriptsTestExecutionListener, org.springframework.test.context.event.EventPublishingTestExecutionListener, org.springframework.security.test.context.support.WithSecurityContextTestExecutionListener, org.springframework.security.test.context.support.ReactorContextTestExecutionListener, org.spockframework.spring.SpringMockTestExecutionListener]
00:29:35.141 [main] INFO org.springframework.boot.test.autoconfigure.orm.jpa.DataJpaTestContextBootstrapper - Using TestExecutionListeners: [org.springframework.test.context.web.ServletTestExecutionListener@1c459c28, org.springframework.test.context.support.DirtiesContextBeforeModesTestExecutionListener@6ffdbeef, org.springframework.test.context.event.ApplicationEventsTestExecutionListener@4a3509b0, org.springframework.boot.test.mock.mockito.MockitoTestExecutionListener@3d7314b3, org.springframework.boot.test.autoconfigure.SpringBootDependencyInjectionTestExecutionListener@d677be9, org.springframework.test.context.support.DirtiesContextTestExecutionListener@fefb66c, org.springframework.test.context.transaction.TransactionalTestExecutionListener@6d7556a8, org.springframework.test.context.jdbc.SqlScriptsTestExecutionListener@48860139, org.springframework.test.context.event.EventPublishingTestExecutionListener@7e0883f3, org.springframework.security.test.context.support.WithSecurityContextTestExecutionListener@ca60688, org.springframework.security.test.context.support.ReactorContextTestExecutionListener@4ba1c1a2, org.springframework.boot.test.mock.mockito.ResetMocksTestExecutionListener@33568e26, org.springframework.boot.test.autoconfigure.restdocs.RestDocsTestExecutionListener@97b84a4, org.springframework.boot.test.autoconfigure.web.client.MockRestServiceServerResetTestExecutionListener@35555145, org.springframework.boot.test.autoconfigure.web.servlet.MockMvcPrintOnlyOnFailureTestExecutionListener@70bc3a9c, org.springframework.boot.test.autoconfigure.web.servlet.WebDriverTestExecutionListener@771cbd13, org.springframework.boot.test.autoconfigure.webservices.client.MockWebServiceServerTestExecutionListener@229749f0, org.spockframework.spring.SpringMockTestExecutionListener@3d57fb9e]
00:29:35.165 [main] DEBUG org.springframework.test.annotation.ProfileValueUtils - Retrieved @ProfileValueSourceConfiguration [null] for test class [pt.ulisboa.tecnico.socialsoftware.tournament.tournament.service.GetClosedTournamentsTest]
00:29:35.165 [main] DEBUG org.springframework.test.annotation.ProfileValueUtils - Retrieved ProfileValueSource type [class org.springframework.test.annotation.SystemProfileValueSource] for class [pt.ulisboa.tecnico.socialsoftware.tournament.tournament.service.GetClosedTournamentsTest]
00:29:35.165 [main] DEBUG org.springframework.test.annotation.ProfileValueUtils - Retrieved @ProfileValueSourceConfiguration [null] for test class [pt.ulisboa.tecnico.socialsoftware.tournament.tournament.service.GetClosedTournamentsTest]
00:29:35.165 [main] DEBUG org.springframework.test.annotation.ProfileValueUtils - Retrieved ProfileValueSource type [class org.springframework.test.annotation.SystemProfileValueSource] for class [pt.ulisboa.tecnico.socialsoftware.tournament.tournament.service.GetClosedTournamentsTest]
00:29:35.166 [main] DEBUG org.springframework.test.annotation.ProfileValueUtils - Retrieved @ProfileValueSourceConfiguration [null] for test class [pt.ulisboa.tecnico.socialsoftware.tournament.tournament.service.GetClosedTournamentsTest]
00:29:35.166 [main] DEBUG org.springframework.test.annotation.ProfileValueUtils - Retrieved ProfileValueSource type [class org.springframework.test.annotation.SystemProfileValueSource] for class [pt.ulisboa.tecnico.socialsoftware.tournament.tournament.service.GetClosedTournamentsTest]
00:29:35.166 [main] DEBUG org.springframework.test.annotation.ProfileValueUtils - Retrieved @ProfileValueSourceConfiguration [null] for test class [pt.ulisboa.tecnico.socialsoftware.tournament.tournament.service.GetClosedTournamentsTest]
00:29:35.167 [main] DEBUG org.springframework.test.annotation.ProfileValueUtils - Retrieved ProfileValueSource type [class org.springframework.test.annotation.SystemProfileValueSource] for class [pt.ulisboa.tecnico.socialsoftware.tournament.tournament.service.GetClosedTournamentsTest]
00:29:35.167 [main] DEBUG org.springframework.test.annotation.ProfileValueUtils - Retrieved @ProfileValueSourceConfiguration [null] for test class [pt.ulisboa.tecnico.socialsoftware.tournament.tournament.service.GetClosedTournamentsTest]
00:29:35.168 [main] DEBUG org.springframework.test.annotation.ProfileValueUtils - Retrieved ProfileValueSource type [class org.springframework.test.annotation.SystemProfileValueSource] for class [pt.ulisboa.tecnico.socialsoftware.tournament.tournament.service.GetClosedTournamentsTest]
00:29:35.168 [main] DEBUG org.springframework.test.annotation.ProfileValueUtils - Retrieved @ProfileValueSourceConfiguration [null] for test class [pt.ulisboa.tecnico.socialsoftware.tournament.tournament.service.GetClosedTournamentsTest]
00:29:35.169 [main] DEBUG org.springframework.test.annotation.ProfileValueUtils - Retrieved ProfileValueSource type [class org.springframework.test.annotation.SystemProfileValueSource] for class [pt.ulisboa.tecnico.socialsoftware.tournament.tournament.service.GetClosedTournamentsTest]
00:29:35.169 [main] DEBUG org.springframework.test.annotation.ProfileValueUtils - Retrieved @ProfileValueSourceConfiguration [null] for test class [pt.ulisboa.tecnico.socialsoftware.tournament.tournament.service.GetClosedTournamentsTest]
00:29:35.170 [main] DEBUG org.springframework.test.annotation.ProfileValueUtils - Retrieved ProfileValueSource type [class org.springframework.test.annotation.SystemProfileValueSource] for class [pt.ulisboa.tecnico.socialsoftware.tournament.tournament.service.GetClosedTournamentsTest]
00:29:35.170 [main] DEBUG org.springframework.test.context.BootstrapUtils - Instantiating CacheAwareContextLoaderDelegate from class [org.springframework.test.context.cache.DefaultCacheAwareContextLoaderDelegate]
00:29:35.170 [main] DEBUG org.springframework.test.context.BootstrapUtils - Instantiating BootstrapContext using constructor [public org.springframework.test.context.support.DefaultBootstrapContext(java.lang.Class,org.springframework.test.context.CacheAwareContextLoaderDelegate)]
00:29:35.172 [main] DEBUG org.springframework.test.context.BootstrapUtils - Instantiating TestContextBootstrapper for test class [pt.ulisboa.tecnico.socialsoftware.tournament.tournament.service.GetClosedTournamentsTest] from class [org.springframework.boot.test.autoconfigure.orm.jpa.DataJpaTestContextBootstrapper]
00:29:35.174 [main] INFO org.springframework.boot.test.autoconfigure.orm.jpa.DataJpaTestContextBootstrapper - Neither @ContextConfiguration nor @ContextHierarchy found for test class [pt.ulisboa.tecnico.socialsoftware.tournament.tournament.service.GetClosedTournamentsTest], using SpringBootContextLoader
00:29:35.178 [main] DEBUG org.springframework.test.context.support.AbstractContextLoader - Did not detect default resource location for test class [pt.ulisboa.tecnico.socialsoftware.tournament.tournament.service.GetClosedTournamentsTest]: class path resource [pt/ulisboa/tecnico/socialsoftware/tournament/tournament/service/GetClosedTournamentsTest-context.xml] does not exist
00:29:35.181 [main] DEBUG org.springframework.test.context.support.AbstractContextLoader - Did not detect default resource location for test class [pt.ulisboa.tecnico.socialsoftware.tournament.tournament.service.GetClosedTournamentsTest]: class path resource [pt/ulisboa/tecnico/socialsoftware/tournament/tournament/service/GetClosedTournamentsTestContext.groovy] does not exist
00:29:35.181 [main] INFO org.springframework.test.context.support.AbstractContextLoader - Could not detect default resource locations for test class [pt.ulisboa.tecnico.socialsoftware.tournament.tournament.service.GetClosedTournamentsTest]: no resource found for suffixes {-context.xml, Context.groovy}.
00:29:35.199 [main] DEBUG org.springframework.test.context.support.ActiveProfilesUtils - Could not find an 'annotation declaring class' for annotation type [org.springframework.test.context.ActiveProfiles] and class [pt.ulisboa.tecnico.socialsoftware.tournament.tournament.service.GetClosedTournamentsTest]
00:29:35.200 [main] INFO org.springframework.boot.test.context.SpringBootTestContextBootstrapper - Found @SpringBootConfiguration pt.ulisboa.tecnico.socialsoftware.tournament.TournamentTestApplication for test class pt.ulisboa.tecnico.socialsoftware.tournament.tournament.service.GetClosedTournamentsTest
00:29:35.206 [main] DEBUG org.springframework.boot.test.autoconfigure.orm.jpa.DataJpaTestContextBootstrapper - @TestExecutionListeners is not present for class [pt.ulisboa.tecnico.socialsoftware.tournament.tournament.service.GetClosedTournamentsTest]: using defaults.
00:29:35.206 [main] INFO org.springframework.boot.test.autoconfigure.orm.jpa.DataJpaTestContextBootstrapper - Loaded default TestExecutionListener class names from location [META-INF/spring.factories]: [org.springframework.boot.test.mock.mockito.MockitoTestExecutionListener, org.springframework.boot.test.mock.mockito.ResetMocksTestExecutionListener, org.springframework.boot.test.autoconfigure.restdocs.RestDocsTestExecutionListener, org.springframework.boot.test.autoconfigure.web.client.MockRestServiceServerResetTestExecutionListener, org.springframework.boot.test.autoconfigure.web.servlet.MockMvcPrintOnlyOnFailureTestExecutionListener, org.springframework.boot.test.autoconfigure.web.servlet.WebDriverTestExecutionListener, org.springframework.boot.test.autoconfigure.webservices.client.MockWebServiceServerTestExecutionListener, org.springframework.test.context.web.ServletTestExecutionListener, org.springframework.test.context.support.DirtiesContextBeforeModesTestExecutionListener, org.springframework.test.context.event.ApplicationEventsTestExecutionListener, org.springframework.test.context.support.DependencyInjectionTestExecutionListener, org.springframework.test.context.support.DirtiesContextTestExecutionListener, org.springframework.test.context.transaction.TransactionalTestExecutionListener, org.springframework.test.context.jdbc.SqlScriptsTestExecutionListener, org.springframework.test.context.event.EventPublishingTestExecutionListener, org.springframework.security.test.context.support.WithSecurityContextTestExecutionListener, org.springframework.security.test.context.support.ReactorContextTestExecutionListener, org.spockframework.spring.SpringMockTestExecutionListener]
00:29:35.211 [main] INFO org.springframework.boot.test.autoconfigure.orm.jpa.DataJpaTestContextBootstrapper - Using TestExecutionListeners: [org.springframework.test.context.web.ServletTestExecutionListener@5ac646b3, org.springframework.test.context.support.DirtiesContextBeforeModesTestExecutionListener@24b38e8f, org.springframework.test.context.event.ApplicationEventsTestExecutionListener@5cf072ea, org.springframework.boot.test.mock.mockito.MockitoTestExecutionListener@1edac3b4, org.springframework.boot.test.autoconfigure.SpringBootDependencyInjectionTestExecutionListener@7641ed02, org.springframework.test.context.support.DirtiesContextTestExecutionListener@4ebed2b3, org.springframework.test.context.transaction.TransactionalTestExecutionListener@11069eac, org.springframework.test.context.jdbc.SqlScriptsTestExecutionListener@5909285b, org.springframework.test.context.event.EventPublishingTestExecutionListener@2059f785, org.springframework.security.test.context.support.WithSecurityContextTestExecutionListener@18ca9277, org.springframework.security.test.context.support.ReactorContextTestExecutionListener@3d9c8c3c, org.springframework.boot.test.mock.mockito.ResetMocksTestExecutionListener@2dc73024, org.springframework.boot.test.autoconfigure.restdocs.RestDocsTestExecutionListener@42cd0fc6, org.springframework.boot.test.autoconfigure.web.client.MockRestServiceServerResetTestExecutionListener@e5864c2, org.springframework.boot.test.autoconfigure.web.servlet.MockMvcPrintOnlyOnFailureTestExecutionListener@577cf459, org.springframework.boot.test.autoconfigure.web.servlet.WebDriverTestExecutionListener@432eb882, org.springframework.boot.test.autoconfigure.webservices.client.MockWebServiceServerTestExecutionListener@69372c1e, org.spockframework.spring.SpringMockTestExecutionListener@24842b8e]
00:29:35.229 [main] DEBUG org.springframework.test.annotation.ProfileValueUtils - Retrieved @ProfileValueSourceConfiguration [null] for test class [pt.ulisboa.tecnico.socialsoftware.tournament.tournament.service.GetOpenTournamentsTest]
00:29:35.230 [main] DEBUG org.springframework.test.annotation.ProfileValueUtils - Retrieved ProfileValueSource type [class org.springframework.test.annotation.SystemProfileValueSource] for class [pt.ulisboa.tecnico.socialsoftware.tournament.tournament.service.GetOpenTournamentsTest]
00:29:35.230 [main] DEBUG org.springframework.test.annotation.ProfileValueUtils - Retrieved @ProfileValueSourceConfiguration [null] for test class [pt.ulisboa.tecnico.socialsoftware.tournament.tournament.service.GetOpenTournamentsTest]
00:29:35.230 [main] DEBUG org.springframework.test.annotation.ProfileValueUtils - Retrieved ProfileValueSource type [class org.springframework.test.annotation.SystemProfileValueSource] for class [pt.ulisboa.tecnico.socialsoftware.tournament.tournament.service.GetOpenTournamentsTest]
00:29:35.230 [main] DEBUG org.springframework.test.annotation.ProfileValueUtils - Retrieved @ProfileValueSourceConfiguration [null] for test class [pt.ulisboa.tecnico.socialsoftware.tournament.tournament.service.GetOpenTournamentsTest]
00:29:35.231 [main] DEBUG org.springframework.test.annotation.ProfileValueUtils - Retrieved ProfileValueSource type [class org.springframework.test.annotation.SystemProfileValueSource] for class [pt.ulisboa.tecnico.socialsoftware.tournament.tournament.service.GetOpenTournamentsTest]
00:29:35.231 [main] DEBUG org.springframework.test.annotation.ProfileValueUtils - Retrieved @ProfileValueSourceConfiguration [null] for test class [pt.ulisboa.tecnico.socialsoftware.tournament.tournament.service.GetOpenTournamentsTest]
00:29:35.231 [main] DEBUG org.springframework.test.annotation.ProfileValueUtils - Retrieved ProfileValueSource type [class org.springframework.test.annotation.SystemProfileValueSource] for class [pt.ulisboa.tecnico.socialsoftware.tournament.tournament.service.GetOpenTournamentsTest]
00:29:35.232 [main] DEBUG org.springframework.test.annotation.ProfileValueUtils - Retrieved @ProfileValueSourceConfiguration [null] for test class [pt.ulisboa.tecnico.socialsoftware.tournament.tournament.service.GetOpenTournamentsTest]
00:29:35.232 [main] DEBUG org.springframework.test.annotation.ProfileValueUtils - Retrieved ProfileValueSource type [class org.springframework.test.annotation.SystemProfileValueSource] for class [pt.ulisboa.tecnico.socialsoftware.tournament.tournament.service.GetOpenTournamentsTest]
00:29:35.233 [main] DEBUG org.springframework.test.annotation.ProfileValueUtils - Retrieved @ProfileValueSourceConfiguration [null] for test class [pt.ulisboa.tecnico.socialsoftware.tournament.tournament.service.GetOpenTournamentsTest]
00:29:35.233 [main] DEBUG org.springframework.test.annotation.ProfileValueUtils - Retrieved ProfileValueSource type [class org.springframework.test.annotation.SystemProfileValueSource] for class [pt.ulisboa.tecnico.socialsoftware.tournament.tournament.service.GetOpenTournamentsTest]
00:29:35.234 [main] DEBUG org.springframework.test.annotation.ProfileValueUtils - Retrieved @ProfileValueSourceConfiguration [null] for test class [pt.ulisboa.tecnico.socialsoftware.tournament.tournament.service.GetOpenTournamentsTest]
00:29:35.234 [main] DEBUG org.springframework.test.annotation.ProfileValueUtils - Retrieved ProfileValueSource type [class org.springframework.test.annotation.SystemProfileValueSource] for class [pt.ulisboa.tecnico.socialsoftware.tournament.tournament.service.GetOpenTournamentsTest]
00:29:35.235 [main] DEBUG org.springframework.test.context.BootstrapUtils - Instantiating CacheAwareContextLoaderDelegate from class [org.springframework.test.context.cache.DefaultCacheAwareContextLoaderDelegate]
00:29:35.235 [main] DEBUG org.springframework.test.context.BootstrapUtils - Instantiating BootstrapContext using constructor [public org.springframework.test.context.support.DefaultBootstrapContext(java.lang.Class,org.springframework.test.context.CacheAwareContextLoaderDelegate)]
00:29:35.238 [main] DEBUG org.springframework.test.context.BootstrapUtils - Instantiating TestContextBootstrapper for test class [pt.ulisboa.tecnico.socialsoftware.tournament.tournament.service.GetOpenTournamentsTest] from class [org.springframework.boot.test.autoconfigure.orm.jpa.DataJpaTestContextBootstrapper]
00:29:35.239 [main] INFO org.springframework.boot.test.autoconfigure.orm.jpa.DataJpaTestContextBootstrapper - Neither @ContextConfiguration nor @ContextHierarchy found for test class [pt.ulisboa.tecnico.socialsoftware.tournament.tournament.service.GetOpenTournamentsTest], using SpringBootContextLoader
00:29:35.242 [main] DEBUG org.springframework.test.context.support.AbstractContextLoader - Did not detect default resource location for test class [pt.ulisboa.tecnico.socialsoftware.tournament.tournament.service.GetOpenTournamentsTest]: class path resource [pt/ulisboa/tecnico/socialsoftware/tournament/tournament/service/GetOpenTournamentsTest-context.xml] does not exist
00:29:35.243 [main] DEBUG org.springframework.test.context.support.AbstractContextLoader - Did not detect default resource location for test class [pt.ulisboa.tecnico.socialsoftware.tournament.tournament.service.GetOpenTournamentsTest]: class path resource [pt/ulisboa/tecnico/socialsoftware/tournament/tournament/service/GetOpenTournamentsTestContext.groovy] does not exist
00:29:35.244 [main] INFO org.springframework.test.context.support.AbstractContextLoader - Could not detect default resource locations for test class [pt.ulisboa.tecnico.socialsoftware.tournament.tournament.service.GetOpenTournamentsTest]: no resource found for suffixes {-context.xml, Context.groovy}.
00:29:35.258 [main] DEBUG org.springframework.test.context.support.ActiveProfilesUtils - Could not find an 'annotation declaring class' for annotation type [org.springframework.test.context.ActiveProfiles] and class [pt.ulisboa.tecnico.socialsoftware.tournament.tournament.service.GetOpenTournamentsTest]
00:29:35.260 [main] INFO org.springframework.boot.test.context.SpringBootTestContextBootstrapper - Found @SpringBootConfiguration pt.ulisboa.tecnico.socialsoftware.tournament.TournamentTestApplication for test class pt.ulisboa.tecnico.socialsoftware.tournament.tournament.service.GetOpenTournamentsTest
00:29:35.266 [main] DEBUG org.springframework.boot.test.autoconfigure.orm.jpa.DataJpaTestContextBootstrapper - @TestExecutionListeners is not present for class [pt.ulisboa.tecnico.socialsoftware.tournament.tournament.service.GetOpenTournamentsTest]: using defaults.
00:29:35.267 [main] INFO org.springframework.boot.test.autoconfigure.orm.jpa.DataJpaTestContextBootstrapper - Loaded default TestExecutionListener class names from location [META-INF/spring.factories]: [org.springframework.boot.test.mock.mockito.MockitoTestExecutionListener, org.springframework.boot.test.mock.mockito.ResetMocksTestExecutionListener, org.springframework.boot.test.autoconfigure.restdocs.RestDocsTestExecutionListener, org.springframework.boot.test.autoconfigure.web.client.MockRestServiceServerResetTestExecutionListener, org.springframework.boot.test.autoconfigure.web.servlet.MockMvcPrintOnlyOnFailureTestExecutionListener, org.springframework.boot.test.autoconfigure.web.servlet.WebDriverTestExecutionListener, org.springframework.boot.test.autoconfigure.webservices.client.MockWebServiceServerTestExecutionListener, org.springframework.test.context.web.ServletTestExecutionListener, org.springframework.test.context.support.DirtiesContextBeforeModesTestExecutionListener, org.springframework.test.context.event.ApplicationEventsTestExecutionListener, org.springframework.test.context.support.DependencyInjectionTestExecutionListener, org.springframework.test.context.support.DirtiesContextTestExecutionListener, org.springframework.test.context.transaction.TransactionalTestExecutionListener, org.springframework.test.context.jdbc.SqlScriptsTestExecutionListener, org.springframework.test.context.event.EventPublishingTestExecutionListener, org.springframework.security.test.context.support.WithSecurityContextTestExecutionListener, org.springframework.security.test.context.support.ReactorContextTestExecutionListener, org.spockframework.spring.SpringMockTestExecutionListener]
00:29:35.271 [main] INFO org.springframework.boot.test.autoconfigure.orm.jpa.DataJpaTestContextBootstrapper - Using TestExecutionListeners: [org.springframework.test.context.web.ServletTestExecutionListener@7d80e1b3, org.springframework.test.context.support.DirtiesContextBeforeModesTestExecutionListener@1b732dd, org.springframework.test.context.event.ApplicationEventsTestExecutionListener@3458dab6, org.springframework.boot.test.mock.mockito.MockitoTestExecutionListener@23d060c2, org.springframework.boot.test.autoconfigure.SpringBootDependencyInjectionTestExecutionListener@59278072, org.springframework.test.context.support.DirtiesContextTestExecutionListener@61be6051, org.springframework.test.context.transaction.TransactionalTestExecutionListener@13c18bba, org.springframework.test.context.jdbc.SqlScriptsTestExecutionListener@33373f70, org.springframework.test.context.event.EventPublishingTestExecutionListener@56f61d74, org.springframework.security.test.context.support.WithSecurityContextTestExecutionListener@44d84313, org.springframework.security.test.context.support.ReactorContextTestExecutionListener@5bdb9c69, org.springframework.boot.test.mock.mockito.ResetMocksTestExecutionListener@511de4dd, org.springframework.boot.test.autoconfigure.restdocs.RestDocsTestExecutionListener@37e64e37, org.springframework.boot.test.autoconfigure.web.client.MockRestServiceServerResetTestExecutionListener@31204303, org.springframework.boot.test.autoconfigure.web.servlet.MockMvcPrintOnlyOnFailureTestExecutionListener@369fb99a, org.springframework.boot.test.autoconfigure.web.servlet.WebDriverTestExecutionListener@81a8898, org.springframework.boot.test.autoconfigure.webservices.client.MockWebServiceServerTestExecutionListener@d08f85a, org.spockframework.spring.SpringMockTestExecutionListener@3e839aa3]
00:29:35.292 [main] DEBUG org.springframework.test.annotation.ProfileValueUtils - Retrieved @ProfileValueSourceConfiguration [null] for test class [pt.ulisboa.tecnico.socialsoftware.tournament.tournament.service.GetTournamentsTest]
00:29:35.292 [main] DEBUG org.springframework.test.annotation.ProfileValueUtils - Retrieved ProfileValueSource type [class org.springframework.test.annotation.SystemProfileValueSource] for class [pt.ulisboa.tecnico.socialsoftware.tournament.tournament.service.GetTournamentsTest]
00:29:35.292 [main] DEBUG org.springframework.test.annotation.ProfileValueUtils - Retrieved @ProfileValueSourceConfiguration [null] for test class [pt.ulisboa.tecnico.socialsoftware.tournament.tournament.service.GetTournamentsTest]
00:29:35.292 [main] DEBUG org.springframework.test.annotation.ProfileValueUtils - Retrieved ProfileValueSource type [class org.springframework.test.annotation.SystemProfileValueSource] for class [pt.ulisboa.tecnico.socialsoftware.tournament.tournament.service.GetTournamentsTest]
00:29:35.293 [main] DEBUG org.springframework.test.annotation.ProfileValueUtils - Retrieved @ProfileValueSourceConfiguration [null] for test class [pt.ulisboa.tecnico.socialsoftware.tournament.tournament.service.GetTournamentsTest]
00:29:35.293 [main] DEBUG org.springframework.test.annotation.ProfileValueUtils - Retrieved ProfileValueSource type [class org.springframework.test.annotation.SystemProfileValueSource] for class [pt.ulisboa.tecnico.socialsoftware.tournament.tournament.service.GetTournamentsTest]
00:29:35.294 [main] DEBUG org.springframework.test.annotation.ProfileValueUtils - Retrieved @ProfileValueSourceConfiguration [null] for test class [pt.ulisboa.tecnico.socialsoftware.tournament.tournament.service.GetTournamentsTest]
00:29:35.294 [main] DEBUG org.springframework.test.annotation.ProfileValueUtils - Retrieved ProfileValueSource type [class org.springframework.test.annotation.SystemProfileValueSource] for class [pt.ulisboa.tecnico.socialsoftware.tournament.tournament.service.GetTournamentsTest]
00:29:35.294 [main] DEBUG org.springframework.test.annotation.ProfileValueUtils - Retrieved @ProfileValueSourceConfiguration [null] for test class [pt.ulisboa.tecnico.socialsoftware.tournament.tournament.service.GetTournamentsTest]
00:29:35.295 [main] DEBUG org.springframework.test.annotation.ProfileValueUtils - Retrieved ProfileValueSource type [class org.springframework.test.annotation.SystemProfileValueSource] for class [pt.ulisboa.tecnico.socialsoftware.tournament.tournament.service.GetTournamentsTest]
00:29:35.295 [main] DEBUG org.springframework.test.annotation.ProfileValueUtils - Retrieved @ProfileValueSourceConfiguration [null] for test class [pt.ulisboa.tecnico.socialsoftware.tournament.tournament.service.GetTournamentsTest]
00:29:35.295 [main] DEBUG org.springframework.test.annotation.ProfileValueUtils - Retrieved ProfileValueSource type [class org.springframework.test.annotation.SystemProfileValueSource] for class [pt.ulisboa.tecnico.socialsoftware.tournament.tournament.service.GetTournamentsTest]
00:29:35.295 [main] DEBUG org.springframework.test.annotation.ProfileValueUtils - Retrieved @ProfileValueSourceConfiguration [null] for test class [pt.ulisboa.tecnico.socialsoftware.tournament.tournament.service.GetTournamentsTest]
00:29:35.295 [main] DEBUG org.springframework.test.annotation.ProfileValueUtils - Retrieved ProfileValueSource type [class org.springframework.test.annotation.SystemProfileValueSource] for class [pt.ulisboa.tecnico.socialsoftware.tournament.tournament.service.GetTournamentsTest]
00:29:35.296 [main] DEBUG org.springframework.test.context.BootstrapUtils - Instantiating CacheAwareContextLoaderDelegate from class [org.springframework.test.context.cache.DefaultCacheAwareContextLoaderDelegate]
00:29:35.296 [main] DEBUG org.springframework.test.context.BootstrapUtils - Instantiating BootstrapContext using constructor [public org.springframework.test.context.support.DefaultBootstrapContext(java.lang.Class,org.springframework.test.context.CacheAwareContextLoaderDelegate)]
00:29:35.297 [main] DEBUG org.springframework.test.context.BootstrapUtils - Instantiating TestContextBootstrapper for test class [pt.ulisboa.tecnico.socialsoftware.tournament.tournament.service.GetTournamentsTest] from class [org.springframework.boot.test.autoconfigure.orm.jpa.DataJpaTestContextBootstrapper]
00:29:35.299 [main] INFO org.springframework.boot.test.autoconfigure.orm.jpa.DataJpaTestContextBootstrapper - Neither @ContextConfiguration nor @ContextHierarchy found for test class [pt.ulisboa.tecnico.socialsoftware.tournament.tournament.service.GetTournamentsTest], using SpringBootContextLoader
00:29:35.302 [main] DEBUG org.springframework.test.context.support.AbstractContextLoader - Did not detect default resource location for test class [pt.ulisboa.tecnico.socialsoftware.tournament.tournament.service.GetTournamentsTest]: class path resource [pt/ulisboa/tecnico/socialsoftware/tournament/tournament/service/GetTournamentsTest-context.xml] does not exist
00:29:35.303 [main] DEBUG org.springframework.test.context.support.AbstractContextLoader - Did not detect default resource location for test class [pt.ulisboa.tecnico.socialsoftware.tournament.tournament.service.GetTournamentsTest]: class path resource [pt/ulisboa/tecnico/socialsoftware/tournament/tournament/service/GetTournamentsTestContext.groovy] does not exist
00:29:35.304 [main] INFO org.springframework.test.context.support.AbstractContextLoader - Could not detect default resource locations for test class [pt.ulisboa.tecnico.socialsoftware.tournament.tournament.service.GetTournamentsTest]: no resource found for suffixes {-context.xml, Context.groovy}.
00:29:35.338 [main] DEBUG org.springframework.test.context.support.ActiveProfilesUtils - Could not find an 'annotation declaring class' for annotation type [org.springframework.test.context.ActiveProfiles] and class [pt.ulisboa.tecnico.socialsoftware.tournament.tournament.service.GetTournamentsTest]
00:29:35.339 [main] INFO org.springframework.boot.test.context.SpringBootTestContextBootstrapper - Found @SpringBootConfiguration pt.ulisboa.tecnico.socialsoftware.tournament.TournamentTestApplication for test class pt.ulisboa.tecnico.socialsoftware.tournament.tournament.service.GetTournamentsTest
00:29:35.343 [main] DEBUG org.springframework.boot.test.autoconfigure.orm.jpa.DataJpaTestContextBootstrapper - @TestExecutionListeners is not present for class [pt.ulisboa.tecnico.socialsoftware.tournament.tournament.service.GetTournamentsTest]: using defaults.
00:29:35.343 [main] INFO org.springframework.boot.test.autoconfigure.orm.jpa.DataJpaTestContextBootstrapper - Loaded default TestExecutionListener class names from location [META-INF/spring.factories]: [org.springframework.boot.test.mock.mockito.MockitoTestExecutionListener, org.springframework.boot.test.mock.mockito.ResetMocksTestExecutionListener, org.springframework.boot.test.autoconfigure.restdocs.RestDocsTestExecutionListener, org.springframework.boot.test.autoconfigure.web.client.MockRestServiceServerResetTestExecutionListener, org.springframework.boot.test.autoconfigure.web.servlet.MockMvcPrintOnlyOnFailureTestExecutionListener, org.springframework.boot.test.autoconfigure.web.servlet.WebDriverTestExecutionListener, org.springframework.boot.test.autoconfigure.webservices.client.MockWebServiceServerTestExecutionListener, org.springframework.test.context.web.ServletTestExecutionListener, org.springframework.test.context.support.DirtiesContextBeforeModesTestExecutionListener, org.springframework.test.context.event.ApplicationEventsTestExecutionListener, org.springframework.test.context.support.DependencyInjectionTestExecutionListener, org.springframework.test.context.support.DirtiesContextTestExecutionListener, org.springframework.test.context.transaction.TransactionalTestExecutionListener, org.springframework.test.context.jdbc.SqlScriptsTestExecutionListener, org.springframework.test.context.event.EventPublishingTestExecutionListener, org.springframework.security.test.context.support.WithSecurityContextTestExecutionListener, org.springframework.security.test.context.support.ReactorContextTestExecutionListener, org.spockframework.spring.SpringMockTestExecutionListener]
00:29:35.347 [main] INFO org.springframework.boot.test.autoconfigure.orm.jpa.DataJpaTestContextBootstrapper - Using TestExecutionListeners: [org.springframework.test.context.web.ServletTestExecutionListener@62dc1203, org.springframework.test.context.support.DirtiesContextBeforeModesTestExecutionListener@35d0749, org.springframework.test.context.event.ApplicationEventsTestExecutionListener@621a387f, org.springframework.boot.test.mock.mockito.MockitoTestExecutionListener@552088cc, org.springframework.boot.test.autoconfigure.SpringBootDependencyInjectionTestExecutionListener@57eed461, org.springframework.test.context.support.DirtiesContextTestExecutionListener@3c62f69a, org.springframework.test.context.transaction.TransactionalTestExecutionListener@f08f8a9, org.springframework.test.context.jdbc.SqlScriptsTestExecutionListener@5ebf776c, org.springframework.test.context.event.EventPublishingTestExecutionListener@7fd3fd06, org.springframework.security.test.context.support.WithSecurityContextTestExecutionListener@54ae1240, org.springframework.security.test.context.support.ReactorContextTestExecutionListener@1c2b65cc, org.springframework.boot.test.mock.mockito.ResetMocksTestExecutionListener@390a7532, org.springframework.boot.test.autoconfigure.restdocs.RestDocsTestExecutionListener@595184d8, org.springframework.boot.test.autoconfigure.web.client.MockRestServiceServerResetTestExecutionListener@7d49a1a0, org.springframework.boot.test.autoconfigure.web.servlet.MockMvcPrintOnlyOnFailureTestExecutionListener@3a0baec0, org.springframework.boot.test.autoconfigure.web.servlet.WebDriverTestExecutionListener@50c2ef56, org.springframework.boot.test.autoconfigure.webservices.client.MockWebServiceServerTestExecutionListener@560d6d2, org.spockframework.spring.SpringMockTestExecutionListener@3514237f]
00:29:35.429 [main] DEBUG org.springframework.test.annotation.ProfileValueUtils - Retrieved @ProfileValueSourceConfiguration [null] for test class [pt.ulisboa.tecnico.socialsoftware.tournament.tournament.service.JoinTournamentTest]
00:29:35.429 [main] DEBUG org.springframework.test.annotation.ProfileValueUtils - Retrieved ProfileValueSource type [class org.springframework.test.annotation.SystemProfileValueSource] for class [pt.ulisboa.tecnico.socialsoftware.tournament.tournament.service.JoinTournamentTest]
00:29:35.429 [main] DEBUG org.springframework.test.annotation.ProfileValueUtils - Retrieved @ProfileValueSourceConfiguration [null] for test class [pt.ulisboa.tecnico.socialsoftware.tournament.tournament.service.JoinTournamentTest]
00:29:35.429 [main] DEBUG org.springframework.test.annotation.ProfileValueUtils - Retrieved ProfileValueSource type [class org.springframework.test.annotation.SystemProfileValueSource] for class [pt.ulisboa.tecnico.socialsoftware.tournament.tournament.service.JoinTournamentTest]
00:29:35.430 [main] DEBUG org.springframework.test.annotation.ProfileValueUtils - Retrieved @ProfileValueSourceConfiguration [null] for test class [pt.ulisboa.tecnico.socialsoftware.tournament.tournament.service.JoinTournamentTest]
00:29:35.430 [main] DEBUG org.springframework.test.annotation.ProfileValueUtils - Retrieved ProfileValueSource type [class org.springframework.test.annotation.SystemProfileValueSource] for class [pt.ulisboa.tecnico.socialsoftware.tournament.tournament.service.JoinTournamentTest]
00:29:35.430 [main] DEBUG org.springframework.test.annotation.ProfileValueUtils - Retrieved @ProfileValueSourceConfiguration [null] for test class [pt.ulisboa.tecnico.socialsoftware.tournament.tournament.service.JoinTournamentTest]
00:29:35.430 [main] DEBUG org.springframework.test.annotation.ProfileValueUtils - Retrieved ProfileValueSource type [class org.springframework.test.annotation.SystemProfileValueSource] for class [pt.ulisboa.tecnico.socialsoftware.tournament.tournament.service.JoinTournamentTest]
00:29:35.430 [main] DEBUG org.springframework.test.annotation.ProfileValueUtils - Retrieved @ProfileValueSourceConfiguration [null] for test class [pt.ulisboa.tecnico.socialsoftware.tournament.tournament.service.JoinTournamentTest]
00:29:35.431 [main] DEBUG org.springframework.test.annotation.ProfileValueUtils - Retrieved ProfileValueSource type [class org.springframework.test.annotation.SystemProfileValueSource] for class [pt.ulisboa.tecnico.socialsoftware.tournament.tournament.service.JoinTournamentTest]
00:29:35.431 [main] DEBUG org.springframework.test.annotation.ProfileValueUtils - Retrieved @ProfileValueSourceConfiguration [null] for test class [pt.ulisboa.tecnico.socialsoftware.tournament.tournament.service.JoinTournamentTest]
00:29:35.431 [main] DEBUG org.springframework.test.annotation.ProfileValueUtils - Retrieved ProfileValueSource type [class org.springframework.test.annotation.SystemProfileValueSource] for class [pt.ulisboa.tecnico.socialsoftware.tournament.tournament.service.JoinTournamentTest]
00:29:35.431 [main] DEBUG org.springframework.test.annotation.ProfileValueUtils - Retrieved @ProfileValueSourceConfiguration [null] for test class [pt.ulisboa.tecnico.socialsoftware.tournament.tournament.service.JoinTournamentTest]
00:29:35.431 [main] DEBUG org.springframework.test.annotation.ProfileValueUtils - Retrieved ProfileValueSource type [class org.springframework.test.annotation.SystemProfileValueSource] for class [pt.ulisboa.tecnico.socialsoftware.tournament.tournament.service.JoinTournamentTest]
00:29:35.431 [main] DEBUG org.springframework.test.annotation.ProfileValueUtils - Retrieved @ProfileValueSourceConfiguration [null] for test class [pt.ulisboa.tecnico.socialsoftware.tournament.tournament.service.JoinTournamentTest]
00:29:35.432 [main] DEBUG org.springframework.test.annotation.ProfileValueUtils - Retrieved ProfileValueSource type [class org.springframework.test.annotation.SystemProfileValueSource] for class [pt.ulisboa.tecnico.socialsoftware.tournament.tournament.service.JoinTournamentTest]
00:29:35.432 [main] DEBUG org.springframework.test.context.BootstrapUtils - Instantiating CacheAwareContextLoaderDelegate from class [org.springframework.test.context.cache.DefaultCacheAwareContextLoaderDelegate]
00:29:35.432 [main] DEBUG org.springframework.test.context.BootstrapUtils - Instantiating BootstrapContext using constructor [public org.springframework.test.context.support.DefaultBootstrapContext(java.lang.Class,org.springframework.test.context.CacheAwareContextLoaderDelegate)]
00:29:35.433 [main] DEBUG org.springframework.test.context.BootstrapUtils - Instantiating TestContextBootstrapper for test class [pt.ulisboa.tecnico.socialsoftware.tournament.tournament.service.JoinTournamentTest] from class [org.springframework.boot.test.autoconfigure.orm.jpa.DataJpaTestContextBootstrapper]
00:29:35.434 [main] INFO org.springframework.boot.test.autoconfigure.orm.jpa.DataJpaTestContextBootstrapper - Neither @ContextConfiguration nor @ContextHierarchy found for test class [pt.ulisboa.tecnico.socialsoftware.tournament.tournament.service.JoinTournamentTest], using SpringBootContextLoader
00:29:35.437 [main] DEBUG org.springframework.test.context.support.AbstractContextLoader - Did not detect default resource location for test class [pt.ulisboa.tecnico.socialsoftware.tournament.tournament.service.JoinTournamentTest]: class path resource [pt/ulisboa/tecnico/socialsoftware/tournament/tournament/service/JoinTournamentTest-context.xml] does not exist
00:29:35.438 [main] DEBUG org.springframework.test.context.support.AbstractContextLoader - Did not detect default resource location for test class [pt.ulisboa.tecnico.socialsoftware.tournament.tournament.service.JoinTournamentTest]: class path resource [pt/ulisboa/tecnico/socialsoftware/tournament/tournament/service/JoinTournamentTestContext.groovy] does not exist
00:29:35.438 [main] INFO org.springframework.test.context.support.AbstractContextLoader - Could not detect default resource locations for test class [pt.ulisboa.tecnico.socialsoftware.tournament.tournament.service.JoinTournamentTest]: no resource found for suffixes {-context.xml, Context.groovy}.
00:29:35.470 [main] DEBUG org.springframework.test.context.support.ActiveProfilesUtils - Could not find an 'annotation declaring class' for annotation type [org.springframework.test.context.ActiveProfiles] and class [pt.ulisboa.tecnico.socialsoftware.tournament.tournament.service.JoinTournamentTest]
00:29:35.471 [main] INFO org.springframework.boot.test.context.SpringBootTestContextBootstrapper - Found @SpringBootConfiguration pt.ulisboa.tecnico.socialsoftware.tournament.TournamentTestApplication for test class pt.ulisboa.tecnico.socialsoftware.tournament.tournament.service.JoinTournamentTest
00:29:35.474 [main] DEBUG org.springframework.boot.test.autoconfigure.orm.jpa.DataJpaTestContextBootstrapper - @TestExecutionListeners is not present for class [pt.ulisboa.tecnico.socialsoftware.tournament.tournament.service.JoinTournamentTest]: using defaults.
00:29:35.474 [main] INFO org.springframework.boot.test.autoconfigure.orm.jpa.DataJpaTestContextBootstrapper - Loaded default TestExecutionListener class names from location [META-INF/spring.factories]: [org.springframework.boot.test.mock.mockito.MockitoTestExecutionListener, org.springframework.boot.test.mock.mockito.ResetMocksTestExecutionListener, org.springframework.boot.test.autoconfigure.restdocs.RestDocsTestExecutionListener, org.springframework.boot.test.autoconfigure.web.client.MockRestServiceServerResetTestExecutionListener, org.springframework.boot.test.autoconfigure.web.servlet.MockMvcPrintOnlyOnFailureTestExecutionListener, org.springframework.boot.test.autoconfigure.web.servlet.WebDriverTestExecutionListener, org.springframework.boot.test.autoconfigure.webservices.client.MockWebServiceServerTestExecutionListener, org.springframework.test.context.web.ServletTestExecutionListener, org.springframework.test.context.support.DirtiesContextBeforeModesTestExecutionListener, org.springframework.test.context.event.ApplicationEventsTestExecutionListener, org.springframework.test.context.support.DependencyInjectionTestExecutionListener, org.springframework.test.context.support.DirtiesContextTestExecutionListener, org.springframework.test.context.transaction.TransactionalTestExecutionListener, org.springframework.test.context.jdbc.SqlScriptsTestExecutionListener, org.springframework.test.context.event.EventPublishingTestExecutionListener, org.springframework.security.test.context.support.WithSecurityContextTestExecutionListener, org.springframework.security.test.context.support.ReactorContextTestExecutionListener, org.spockframework.spring.SpringMockTestExecutionListener]
00:29:35.477 [main] INFO org.springframework.boot.test.autoconfigure.orm.jpa.DataJpaTestContextBootstrapper - Using TestExecutionListeners: [org.springframework.test.context.web.ServletTestExecutionListener@219edc05, org.springframework.test.context.support.DirtiesContextBeforeModesTestExecutionListener@62f37bfd, org.springframework.test.context.event.ApplicationEventsTestExecutionListener@1818d00b, org.springframework.boot.test.mock.mockito.MockitoTestExecutionListener@b3a8455, org.springframework.boot.test.autoconfigure.SpringBootDependencyInjectionTestExecutionListener@5c930fc3, org.springframework.test.context.support.DirtiesContextTestExecutionListener@25c6ab3f, org.springframework.test.context.transaction.TransactionalTestExecutionListener@7b80af04, org.springframework.test.context.jdbc.SqlScriptsTestExecutionListener@2447940d, org.springframework.test.context.event.EventPublishingTestExecutionListener@60ee7a51, org.springframework.security.test.context.support.WithSecurityContextTestExecutionListener@70e1aa20, org.springframework.security.test.context.support.ReactorContextTestExecutionListener@e67d3b7, org.springframework.boot.test.mock.mockito.ResetMocksTestExecutionListener@1618c98a, org.springframework.boot.test.autoconfigure.restdocs.RestDocsTestExecutionListener@5b715ea, org.springframework.boot.test.autoconfigure.web.client.MockRestServiceServerResetTestExecutionListener@787a0fd6, org.springframework.boot.test.autoconfigure.web.servlet.MockMvcPrintOnlyOnFailureTestExecutionListener@48b09105, org.springframework.boot.test.autoconfigure.web.servlet.WebDriverTestExecutionListener@18b45500, org.springframework.boot.test.autoconfigure.webservices.client.MockWebServiceServerTestExecutionListener@25110bb9, org.spockframework.spring.SpringMockTestExecutionListener@dbda472]
00:29:35.494 [main] DEBUG org.springframework.test.annotation.ProfileValueUtils - Retrieved @ProfileValueSourceConfiguration [null] for test class [pt.ulisboa.tecnico.socialsoftware.tournament.tournament.service.LeaveTournamentTest]
00:29:35.494 [main] DEBUG org.springframework.test.annotation.ProfileValueUtils - Retrieved ProfileValueSource type [class org.springframework.test.annotation.SystemProfileValueSource] for class [pt.ulisboa.tecnico.socialsoftware.tournament.tournament.service.LeaveTournamentTest]
00:29:35.494 [main] DEBUG org.springframework.test.annotation.ProfileValueUtils - Retrieved @ProfileValueSourceConfiguration [null] for test class [pt.ulisboa.tecnico.socialsoftware.tournament.tournament.service.LeaveTournamentTest]
00:29:35.494 [main] DEBUG org.springframework.test.annotation.ProfileValueUtils - Retrieved ProfileValueSource type [class org.springframework.test.annotation.SystemProfileValueSource] for class [pt.ulisboa.tecnico.socialsoftware.tournament.tournament.service.LeaveTournamentTest]
00:29:35.495 [main] DEBUG org.springframework.test.annotation.ProfileValueUtils - Retrieved @ProfileValueSourceConfiguration [null] for test class [pt.ulisboa.tecnico.socialsoftware.tournament.tournament.service.LeaveTournamentTest]
00:29:35.495 [main] DEBUG org.springframework.test.annotation.ProfileValueUtils - Retrieved ProfileValueSource type [class org.springframework.test.annotation.SystemProfileValueSource] for class [pt.ulisboa.tecnico.socialsoftware.tournament.tournament.service.LeaveTournamentTest]
00:29:35.495 [main] DEBUG org.springframework.test.context.BootstrapUtils - Instantiating CacheAwareContextLoaderDelegate from class [org.springframework.test.context.cache.DefaultCacheAwareContextLoaderDelegate]
00:29:35.495 [main] DEBUG org.springframework.test.context.BootstrapUtils - Instantiating BootstrapContext using constructor [public org.springframework.test.context.support.DefaultBootstrapContext(java.lang.Class,org.springframework.test.context.CacheAwareContextLoaderDelegate)]
00:29:35.496 [main] DEBUG org.springframework.test.context.BootstrapUtils - Instantiating TestContextBootstrapper for test class [pt.ulisboa.tecnico.socialsoftware.tournament.tournament.service.LeaveTournamentTest] from class [org.springframework.boot.test.autoconfigure.orm.jpa.DataJpaTestContextBootstrapper]
00:29:35.498 [main] INFO org.springframework.boot.test.autoconfigure.orm.jpa.DataJpaTestContextBootstrapper - Neither @ContextConfiguration nor @ContextHierarchy found for test class [pt.ulisboa.tecnico.socialsoftware.tournament.tournament.service.LeaveTournamentTest], using SpringBootContextLoader
00:29:35.500 [main] DEBUG org.springframework.test.context.support.AbstractContextLoader - Did not detect default resource location for test class [pt.ulisboa.tecnico.socialsoftware.tournament.tournament.service.LeaveTournamentTest]: class path resource [pt/ulisboa/tecnico/socialsoftware/tournament/tournament/service/LeaveTournamentTest-context.xml] does not exist
00:29:35.501 [main] DEBUG org.springframework.test.context.support.AbstractContextLoader - Did not detect default resource location for test class [pt.ulisboa.tecnico.socialsoftware.tournament.tournament.service.LeaveTournamentTest]: class path resource [pt/ulisboa/tecnico/socialsoftware/tournament/tournament/service/LeaveTournamentTestContext.groovy] does not exist
00:29:35.502 [main] INFO org.springframework.test.context.support.AbstractContextLoader - Could not detect default resource locations for test class [pt.ulisboa.tecnico.socialsoftware.tournament.tournament.service.LeaveTournamentTest]: no resource found for suffixes {-context.xml, Context.groovy}.
00:29:35.519 [main] DEBUG org.springframework.test.context.support.ActiveProfilesUtils - Could not find an 'annotation declaring class' for annotation type [org.springframework.test.context.ActiveProfiles] and class [pt.ulisboa.tecnico.socialsoftware.tournament.tournament.service.LeaveTournamentTest]
00:29:35.520 [main] INFO org.springframework.boot.test.context.SpringBootTestContextBootstrapper - Found @SpringBootConfiguration pt.ulisboa.tecnico.socialsoftware.tournament.TournamentTestApplication for test class pt.ulisboa.tecnico.socialsoftware.tournament.tournament.service.LeaveTournamentTest
00:29:35.522 [main] DEBUG org.springframework.boot.test.autoconfigure.orm.jpa.DataJpaTestContextBootstrapper - @TestExecutionListeners is not present for class [pt.ulisboa.tecnico.socialsoftware.tournament.tournament.service.LeaveTournamentTest]: using defaults.
00:29:35.523 [main] INFO org.springframework.boot.test.autoconfigure.orm.jpa.DataJpaTestContextBootstrapper - Loaded default TestExecutionListener class names from location [META-INF/spring.factories]: [org.springframework.boot.test.mock.mockito.MockitoTestExecutionListener, org.springframework.boot.test.mock.mockito.ResetMocksTestExecutionListener, org.springframework.boot.test.autoconfigure.restdocs.RestDocsTestExecutionListener, org.springframework.boot.test.autoconfigure.web.client.MockRestServiceServerResetTestExecutionListener, org.springframework.boot.test.autoconfigure.web.servlet.MockMvcPrintOnlyOnFailureTestExecutionListener, org.springframework.boot.test.autoconfigure.web.servlet.WebDriverTestExecutionListener, org.springframework.boot.test.autoconfigure.webservices.client.MockWebServiceServerTestExecutionListener, org.springframework.test.context.web.ServletTestExecutionListener, org.springframework.test.context.support.DirtiesContextBeforeModesTestExecutionListener, org.springframework.test.context.event.ApplicationEventsTestExecutionListener, org.springframework.test.context.support.DependencyInjectionTestExecutionListener, org.springframework.test.context.support.DirtiesContextTestExecutionListener, org.springframework.test.context.transaction.TransactionalTestExecutionListener, org.springframework.test.context.jdbc.SqlScriptsTestExecutionListener, org.springframework.test.context.event.EventPublishingTestExecutionListener, org.springframework.security.test.context.support.WithSecurityContextTestExecutionListener, org.springframework.security.test.context.support.ReactorContextTestExecutionListener, org.spockframework.spring.SpringMockTestExecutionListener]
00:29:35.525 [main] INFO org.springframework.boot.test.autoconfigure.orm.jpa.DataJpaTestContextBootstrapper - Using TestExecutionListeners: [org.springframework.test.context.web.ServletTestExecutionListener@647af13d, org.springframework.test.context.support.DirtiesContextBeforeModesTestExecutionListener@2aac6fa7, org.springframework.test.context.event.ApplicationEventsTestExecutionListener@29a1ec65, org.springframework.boot.test.mock.mockito.MockitoTestExecutionListener@625db0e0, org.springframework.boot.test.autoconfigure.SpringBootDependencyInjectionTestExecutionListener@511d568f, org.springframework.test.context.support.DirtiesContextTestExecutionListener@1805ca5c, org.springframework.test.context.transaction.TransactionalTestExecutionListener@3e61cffd, org.springframework.test.context.jdbc.SqlScriptsTestExecutionListener@3134b261, org.springframework.test.context.event.EventPublishingTestExecutionListener@aa633e6, org.springframework.security.test.context.support.WithSecurityContextTestExecutionListener@3cc74fc4, org.springframework.security.test.context.support.ReactorContextTestExecutionListener@c697186, org.springframework.boot.test.mock.mockito.ResetMocksTestExecutionListener@185a7dd0, org.springframework.boot.test.autoconfigure.restdocs.RestDocsTestExecutionListener@2358443e, org.springframework.boot.test.autoconfigure.web.client.MockRestServiceServerResetTestExecutionListener@25e796fe, org.springframework.boot.test.autoconfigure.web.servlet.MockMvcPrintOnlyOnFailureTestExecutionListener@62c53685, org.springframework.boot.test.autoconfigure.web.servlet.WebDriverTestExecutionListener@29ba63f0, org.springframework.boot.test.autoconfigure.webservices.client.MockWebServiceServerTestExecutionListener@4822ab4d, org.spockframework.spring.SpringMockTestExecutionListener@516b84d1]
00:29:35.549 [main] DEBUG org.springframework.test.annotation.ProfileValueUtils - Retrieved @ProfileValueSourceConfiguration [null] for test class [pt.ulisboa.tecnico.socialsoftware.tournament.tournament.service.QuizTournamentGenerateTest]
00:29:35.549 [main] DEBUG org.springframework.test.annotation.ProfileValueUtils - Retrieved ProfileValueSource type [class org.springframework.test.annotation.SystemProfileValueSource] for class [pt.ulisboa.tecnico.socialsoftware.tournament.tournament.service.QuizTournamentGenerateTest]
00:29:35.550 [main] DEBUG org.springframework.test.annotation.ProfileValueUtils - Retrieved @ProfileValueSourceConfiguration [null] for test class [pt.ulisboa.tecnico.socialsoftware.tournament.tournament.service.QuizTournamentGenerateTest]
00:29:35.550 [main] DEBUG org.springframework.test.annotation.ProfileValueUtils - Retrieved ProfileValueSource type [class org.springframework.test.annotation.SystemProfileValueSource] for class [pt.ulisboa.tecnico.socialsoftware.tournament.tournament.service.QuizTournamentGenerateTest]
00:29:35.550 [main] DEBUG org.springframework.test.annotation.ProfileValueUtils - Retrieved @ProfileValueSourceConfiguration [null] for test class [pt.ulisboa.tecnico.socialsoftware.tournament.tournament.service.QuizTournamentGenerateTest]
00:29:35.550 [main] DEBUG org.springframework.test.annotation.ProfileValueUtils - Retrieved ProfileValueSource type [class org.springframework.test.annotation.SystemProfileValueSource] for class [pt.ulisboa.tecnico.socialsoftware.tournament.tournament.service.QuizTournamentGenerateTest]
00:29:35.551 [main] DEBUG org.springframework.test.annotation.ProfileValueUtils - Retrieved @ProfileValueSourceConfiguration [null] for test class [pt.ulisboa.tecnico.socialsoftware.tournament.tournament.service.QuizTournamentGenerateTest]
00:29:35.551 [main] DEBUG org.springframework.test.annotation.ProfileValueUtils - Retrieved ProfileValueSource type [class org.springframework.test.annotation.SystemProfileValueSource] for class [pt.ulisboa.tecnico.socialsoftware.tournament.tournament.service.QuizTournamentGenerateTest]
00:29:35.551 [main] DEBUG org.springframework.test.context.BootstrapUtils - Instantiating CacheAwareContextLoaderDelegate from class [org.springframework.test.context.cache.DefaultCacheAwareContextLoaderDelegate]
00:29:35.551 [main] DEBUG org.springframework.test.context.BootstrapUtils - Instantiating BootstrapContext using constructor [public org.springframework.test.context.support.DefaultBootstrapContext(java.lang.Class,org.springframework.test.context.CacheAwareContextLoaderDelegate)]
00:29:35.553 [main] DEBUG org.springframework.test.context.BootstrapUtils - Instantiating TestContextBootstrapper for test class [pt.ulisboa.tecnico.socialsoftware.tournament.tournament.service.QuizTournamentGenerateTest] from class [org.springframework.boot.test.autoconfigure.orm.jpa.DataJpaTestContextBootstrapper]
00:29:35.554 [main] INFO org.springframework.boot.test.autoconfigure.orm.jpa.DataJpaTestContextBootstrapper - Neither @ContextConfiguration nor @ContextHierarchy found for test class [pt.ulisboa.tecnico.socialsoftware.tournament.tournament.service.QuizTournamentGenerateTest], using SpringBootContextLoader
00:29:35.557 [main] DEBUG org.springframework.test.context.support.AbstractContextLoader - Did not detect default resource location for test class [pt.ulisboa.tecnico.socialsoftware.tournament.tournament.service.QuizTournamentGenerateTest]: class path resource [pt/ulisboa/tecnico/socialsoftware/tournament/tournament/service/QuizTournamentGenerateTest-context.xml] does not exist
00:29:35.559 [main] DEBUG org.springframework.test.context.support.AbstractContextLoader - Did not detect default resource location for test class [pt.ulisboa.tecnico.socialsoftware.tournament.tournament.service.QuizTournamentGenerateTest]: class path resource [pt/ulisboa/tecnico/socialsoftware/tournament/tournament/service/QuizTournamentGenerateTestContext.groovy] does not exist
00:29:35.560 [main] INFO org.springframework.test.context.support.AbstractContextLoader - Could not detect default resource locations for test class [pt.ulisboa.tecnico.socialsoftware.tournament.tournament.service.QuizTournamentGenerateTest]: no resource found for suffixes {-context.xml, Context.groovy}.
00:29:35.576 [main] DEBUG org.springframework.test.context.support.ActiveProfilesUtils - Could not find an 'annotation declaring class' for annotation type [org.springframework.test.context.ActiveProfiles] and class [pt.ulisboa.tecnico.socialsoftware.tournament.tournament.service.QuizTournamentGenerateTest]
00:29:35.577 [main] INFO org.springframework.boot.test.context.SpringBootTestContextBootstrapper - Found @SpringBootConfiguration pt.ulisboa.tecnico.socialsoftware.tournament.TournamentTestApplication for test class pt.ulisboa.tecnico.socialsoftware.tournament.tournament.service.QuizTournamentGenerateTest
00:29:35.580 [main] DEBUG org.springframework.boot.test.autoconfigure.orm.jpa.DataJpaTestContextBootstrapper - @TestExecutionListeners is not present for class [pt.ulisboa.tecnico.socialsoftware.tournament.tournament.service.QuizTournamentGenerateTest]: using defaults.
00:29:35.581 [main] INFO org.springframework.boot.test.autoconfigure.orm.jpa.DataJpaTestContextBootstrapper - Loaded default TestExecutionListener class names from location [META-INF/spring.factories]: [org.springframework.boot.test.mock.mockito.MockitoTestExecutionListener, org.springframework.boot.test.mock.mockito.ResetMocksTestExecutionListener, org.springframework.boot.test.autoconfigure.restdocs.RestDocsTestExecutionListener, org.springframework.boot.test.autoconfigure.web.client.MockRestServiceServerResetTestExecutionListener, org.springframework.boot.test.autoconfigure.web.servlet.MockMvcPrintOnlyOnFailureTestExecutionListener, org.springframework.boot.test.autoconfigure.web.servlet.WebDriverTestExecutionListener, org.springframework.boot.test.autoconfigure.webservices.client.MockWebServiceServerTestExecutionListener, org.springframework.test.context.web.ServletTestExecutionListener, org.springframework.test.context.support.DirtiesContextBeforeModesTestExecutionListener, org.springframework.test.context.event.ApplicationEventsTestExecutionListener, org.springframework.test.context.support.DependencyInjectionTestExecutionListener, org.springframework.test.context.support.DirtiesContextTestExecutionListener, org.springframework.test.context.transaction.TransactionalTestExecutionListener, org.springframework.test.context.jdbc.SqlScriptsTestExecutionListener, org.springframework.test.context.event.EventPublishingTestExecutionListener, org.springframework.security.test.context.support.WithSecurityContextTestExecutionListener, org.springframework.security.test.context.support.ReactorContextTestExecutionListener, org.spockframework.spring.SpringMockTestExecutionListener]
00:29:35.583 [main] INFO org.springframework.boot.test.autoconfigure.orm.jpa.DataJpaTestContextBootstrapper - Using TestExecutionListeners: [org.springframework.test.context.web.ServletTestExecutionListener@177068db, org.springframework.test.context.support.DirtiesContextBeforeModesTestExecutionListener@60f3239f, org.springframework.test.context.event.ApplicationEventsTestExecutionListener@6b103db7, org.springframework.boot.test.mock.mockito.MockitoTestExecutionListener@b3042ed, org.springframework.boot.test.autoconfigure.SpringBootDependencyInjectionTestExecutionListener@1f12d5e0, org.springframework.test.context.support.DirtiesContextTestExecutionListener@6604f246, org.springframework.test.context.transaction.TransactionalTestExecutionListener@c1386b4, org.springframework.test.context.jdbc.SqlScriptsTestExecutionListener@53d9af1, org.springframework.test.context.event.EventPublishingTestExecutionListener@c89e263, org.springframework.security.test.context.support.WithSecurityContextTestExecutionListener@4d5ea776, org.springframework.security.test.context.support.ReactorContextTestExecutionListener@5d68be4f, org.springframework.boot.test.mock.mockito.ResetMocksTestExecutionListener@34eb5d01, org.springframework.boot.test.autoconfigure.restdocs.RestDocsTestExecutionListener@77b22b05, org.springframework.boot.test.autoconfigure.web.client.MockRestServiceServerResetTestExecutionListener@4fef5792, org.springframework.boot.test.autoconfigure.web.servlet.MockMvcPrintOnlyOnFailureTestExecutionListener@57ed02e6, org.springframework.boot.test.autoconfigure.web.servlet.WebDriverTestExecutionListener@39004e4f, org.springframework.boot.test.autoconfigure.webservices.client.MockWebServiceServerTestExecutionListener@5f0ca069, org.spockframework.spring.SpringMockTestExecutionListener@6a6a2fdd]
00:29:35.601 [main] DEBUG org.springframework.test.annotation.ProfileValueUtils - Retrieved @ProfileValueSourceConfiguration [null] for test class [pt.ulisboa.tecnico.socialsoftware.tournament.tournament.service.RemoveTournamentTest]
00:29:35.602 [main] DEBUG org.springframework.test.annotation.ProfileValueUtils - Retrieved ProfileValueSource type [class org.springframework.test.annotation.SystemProfileValueSource] for class [pt.ulisboa.tecnico.socialsoftware.tournament.tournament.service.RemoveTournamentTest]
00:29:35.603 [main] DEBUG org.springframework.test.annotation.ProfileValueUtils - Retrieved @ProfileValueSourceConfiguration [null] for test class [pt.ulisboa.tecnico.socialsoftware.tournament.tournament.service.RemoveTournamentTest]
00:29:35.604 [main] DEBUG org.springframework.test.annotation.ProfileValueUtils - Retrieved ProfileValueSource type [class org.springframework.test.annotation.SystemProfileValueSource] for class [pt.ulisboa.tecnico.socialsoftware.tournament.tournament.service.RemoveTournamentTest]
00:29:35.605 [main] DEBUG org.springframework.test.annotation.ProfileValueUtils - Retrieved @ProfileValueSourceConfiguration [null] for test class [pt.ulisboa.tecnico.socialsoftware.tournament.tournament.service.RemoveTournamentTest]
00:29:35.606 [main] DEBUG org.springframework.test.annotation.ProfileValueUtils - Retrieved ProfileValueSource type [class org.springframework.test.annotation.SystemProfileValueSource] for class [pt.ulisboa.tecnico.socialsoftware.tournament.tournament.service.RemoveTournamentTest]
00:29:35.606 [main] DEBUG org.springframework.test.annotation.ProfileValueUtils - Retrieved @ProfileValueSourceConfiguration [null] for test class [pt.ulisboa.tecnico.socialsoftware.tournament.tournament.service.RemoveTournamentTest]
00:29:35.606 [main] DEBUG org.springframework.test.annotation.ProfileValueUtils - Retrieved ProfileValueSource type [class org.springframework.test.annotation.SystemProfileValueSource] for class [pt.ulisboa.tecnico.socialsoftware.tournament.tournament.service.RemoveTournamentTest]
00:29:35.607 [main] DEBUG org.springframework.test.annotation.ProfileValueUtils - Retrieved @ProfileValueSourceConfiguration [null] for test class [pt.ulisboa.tecnico.socialsoftware.tournament.tournament.service.RemoveTournamentTest]
00:29:35.607 [main] DEBUG org.springframework.test.annotation.ProfileValueUtils - Retrieved ProfileValueSource type [class org.springframework.test.annotation.SystemProfileValueSource] for class [pt.ulisboa.tecnico.socialsoftware.tournament.tournament.service.RemoveTournamentTest]
00:29:35.607 [main] DEBUG org.springframework.test.context.BootstrapUtils - Instantiating CacheAwareContextLoaderDelegate from class [org.springframework.test.context.cache.DefaultCacheAwareContextLoaderDelegate]
[...]
Hibernate: insert into courses (id, name, type) values (null, ?, ?)
Hibernate: call identity()
Hibernate: insert into course_executions (id, academic_term, acronym, course_id, end_date, status, type) values (null, ?, ?, ?, ?, ?, ?)
Hibernate: call identity()
Hibernate: insert into users (id, admin, creation_date, key, name, number_of_correct_in_class_answers, number_of_correct_student_answers, number_of_correct_teacher_answers, number_of_in_class_answers, number_of_in_class_quizzes, number_of_student_answers, number_of_student_quizzes, number_of_teacher_answers, number_of_teacher_quizzes, role) values (null, ?, ?, ?, ?, ?, ?, ?, ?, ?, ?, ?, ?, ?, ?)
Hibernate: call identity()
Hibernate: insert into auth_users (id, email, last_access, password, user_id, username, active, confirmation_token, token_generation_date, auth_type) values (null, ?, ?, ?, ?, ?, ?, ?, ?, 'EXTERNAL')
Hibernate: call identity()
Hibernate: insert into topics (id, course_id, name) values (null, ?, ?)
Hibernate: call identity()
Hibernate: insert into topics (id, course_id, name) values (null, ?, ?)
Hibernate: call identity()
Hibernate: insert into assessments (id, course_execution_id, sequence, status, title) values (null, ?, ?, ?, ?)
Hibernate: call identity()
Hibernate: insert into topic_conjunctions (id, assessment_id) values (null, ?)
Hibernate: call identity()
Hibernate: insert into questions (id, content, course_id, creation_date, key, number_of_answers, number_of_correct, status, title) values (null, ?, ?, ?, ?, ?, ?, ?, ?)
Hibernate: call identity()
Hibernate: insert into question_details (id, question_id, question_type) values (null, ?, 'multiple_choice')
Hibernate: call identity()
Hibernate: insert into options (id, content, correct, question_details_id, sequence) values (null, ?, ?, ?, ?)
Hibernate: call identity()
Hibernate: insert into tournaments (id, course_acronym, course_id, course_execution_id, status, creator_id, creator_name, creator_username, end_time, is_canceled, number_of_questions, password, private_tournament, quiz_id, start_time) values (null, ?, ?, ?, ?, ?, ?, ?, ?, ?, ?, ?, ?, ?, ?)
Hibernate: call identity()
Hibernate: update tournaments set course_acronym=?, course_id=?, course_execution_id=?, status=?, creator_id=?, creator_name=?, creator_username=?, end_time=?, is_canceled=?, number_of_questions=?, password=?, private_tournament=?, quiz_id=?, start_time=? where id=?
Hibernate: insert into users_course_executions (users_id, course_executions_id) values (?, ?)
Hibernate: insert into topics_questions (topics_id, questions_id) values (?, ?)
Hibernate: insert into topics_topic_conjunctions (topics_id, topic_conjunctions_id) values (?, ?)
Hibernate: insert into topics_questions (topics_id, questions_id) values (?, ?)
Hibernate: insert into topics_topic_conjunctions (topics_id, topic_conjunctions_id) values (?, ?)
Hibernate: insert into tournaments_topics (tournament_id, topics_course_id, topics_id, topics_name) values (?, ?, ?, ?)
Hibernate: insert into tournaments_topics (tournament_id, topics_course_id, topics_id, topics_name) values (?, ?, ?, ?)
Hibernate: select count(*) as col_0_0_ from tournaments tournament0_
Hibernate: select tournament0_.id as id1_30_, tournament0_.course_acronym as course_a2_30_, tournament0_.course_id as course_i3_30_, tournament0_.course_execution_id as course_e4_30_, tournament0_.status as status5_30_, tournament0_.creator_id as creator_6_30_, tournament0_.creator_name as creator_7_30_, tournament0_.creator_username as creator_8_30_, tournament0_.end_time as end_time9_30_, tournament0_.is_canceled as is_canc10_30_, tournament0_.number_of_questions as number_11_30_, tournament0_.password as passwor12_30_, tournament0_.private_tournament as private13_30_, tournament0_.quiz_id as quiz_id14_30_, tournament0_.start_time as start_t15_30_ from tournaments tournament0_
2021-03-18 00:29:51.896  INFO 19160 --- [           main] o.s.t.c.transaction.TransactionContext   : Rolled back transaction for test: [DefaultTestContext@1602b644 testClass = CancelTournamentTest, testInstance = pt.ulisboa.tecnico.socialsoftware.tournament.tournament.service.CancelTournamentTest@21ac9e27, testMethod = $spock_feature_2_2@CancelTournamentTest, testException = [null], mergedContextConfiguration = [MergedContextConfiguration@4d0ec988 testClass = CancelTournamentTest, locations = '{}', classes = '{class pt.ulisboa.tecnico.socialsoftware.tournament.TournamentTestApplication, class pt.ulisboa.tecnico.socialsoftware.tournament.tournament.service.CancelTournamentTest$LocalBeanConfiguration}', contextInitializerClasses = '[]', activeProfiles = '{}', propertySourceLocations = '{}', propertySourceProperties = '{org.springframework.boot.test.autoconfigure.orm.jpa.DataJpaTestContextBootstrapper=true}', contextCustomizers = set[[ImportsContextCustomizer@17991766 key = [org.springframework.boot.autoconfigure.cache.CacheAutoConfiguration, org.springframework.boot.autoconfigure.data.jpa.JpaRepositoriesAutoConfiguration, org.springframework.boot.autoconfigure.flyway.FlywayAutoConfiguration, org.springframework.boot.autoconfigure.jdbc.DataSourceAutoConfiguration, org.springframework.boot.autoconfigure.jdbc.DataSourceTransactionManagerAutoConfiguration, org.springframework.boot.autoconfigure.jdbc.JdbcTemplateAutoConfiguration, org.springframework.boot.autoconfigure.liquibase.LiquibaseAutoConfiguration, org.springframework.boot.autoconfigure.orm.jpa.HibernateJpaAutoConfiguration, org.springframework.boot.autoconfigure.transaction.TransactionAutoConfiguration, org.springframework.boot.test.autoconfigure.jdbc.TestDatabaseAutoConfiguration, org.springframework.boot.test.autoconfigure.orm.jpa.TestEntityManagerAutoConfiguration]], org.springframework.boot.test.context.filter.ExcludeFilterContextCustomizer@2eebce87, org.springframework.boot.test.json.DuplicateJsonObjectContextCustomizerFactory$DuplicateJsonObjectContextCustomizer@78065fcd, org.springframework.boot.test.mock.mockito.MockitoContextCustomizer@0, org.springframework.boot.test.autoconfigure.OverrideAutoConfigurationContextCustomizerFactory$DisableAutoConfigurationContextCustomizer@6b6def36, org.springframework.boot.test.autoconfigure.actuate.metrics.MetricsExportContextCustomizerFactory$DisableMetricExportContextCustomizer@7be38eba, org.springframework.boot.test.autoconfigure.filter.TypeExcludeFiltersContextCustomizer@351584c0, org.springframework.boot.test.autoconfigure.properties.PropertyMappingContextCustomizer@a5f4627e, org.springframework.boot.test.autoconfigure.web.servlet.WebDriverContextCustomizerFactory$Customizer@4cd7d5e1, org.spockframework.spring.mock.SpockContextCustomizer@0, org.springframework.boot.test.context.SpringBootTestArgs@1, org.springframework.boot.test.context.SpringBootTestWebEnvironment@0], contextLoader = 'org.springframework.boot.test.context.SpringBootContextLoader', parent = [null]], attributes = map['org.spockframework.spring.SpringMockTestExecutionListener.MOCKED_BEANS_LIST' -> list[[empty]], 'org.springframework.test.context.event.ApplicationEventsTestExecutionListener.recordApplicationEvents' -> false]]
]]></system-out>
  </testcase>
  <testcase name="user that created tournament tries to cancel it with answers" classname="pt.ulisboa.tecnico.socialsoftware.tournament.tournament.service.CancelTournamentTest" time="0.226">
    <system-out><![CDATA[2021-03-18 00:29:51.904  INFO 19160 --- [           main] o.s.t.c.transaction.TransactionContext   : Began transaction (1) for test context [DefaultTestContext@1602b644 testClass = CancelTournamentTest, testInstance = pt.ulisboa.tecnico.socialsoftware.tournament.tournament.service.CancelTournamentTest@2acb5b9d, testMethod = $spock_feature_2_3@CancelTournamentTest, testException = [null], mergedContextConfiguration = [MergedContextConfiguration@4d0ec988 testClass = CancelTournamentTest, locations = '{}', classes = '{class pt.ulisboa.tecnico.socialsoftware.tournament.TournamentTestApplication, class pt.ulisboa.tecnico.socialsoftware.tournament.tournament.service.CancelTournamentTest$LocalBeanConfiguration}', contextInitializerClasses = '[]', activeProfiles = '{}', propertySourceLocations = '{}', propertySourceProperties = '{org.springframework.boot.test.autoconfigure.orm.jpa.DataJpaTestContextBootstrapper=true}', contextCustomizers = set[[ImportsContextCustomizer@17991766 key = [org.springframework.boot.autoconfigure.cache.CacheAutoConfiguration, org.springframework.boot.autoconfigure.data.jpa.JpaRepositoriesAutoConfiguration, org.springframework.boot.autoconfigure.flyway.FlywayAutoConfiguration, org.springframework.boot.autoconfigure.jdbc.DataSourceAutoConfiguration, org.springframework.boot.autoconfigure.jdbc.DataSourceTransactionManagerAutoConfiguration, org.springframework.boot.autoconfigure.jdbc.JdbcTemplateAutoConfiguration, org.springframework.boot.autoconfigure.liquibase.LiquibaseAutoConfiguration, org.springframework.boot.autoconfigure.orm.jpa.HibernateJpaAutoConfiguration, org.springframework.boot.autoconfigure.transaction.TransactionAutoConfiguration, org.springframework.boot.test.autoconfigure.jdbc.TestDatabaseAutoConfiguration, org.springframework.boot.test.autoconfigure.orm.jpa.TestEntityManagerAutoConfiguration]], org.springframework.boot.test.context.filter.ExcludeFilterContextCustomizer@2eebce87, org.springframework.boot.test.json.DuplicateJsonObjectContextCustomizerFactory$DuplicateJsonObjectContextCustomizer@78065fcd, org.springframework.boot.test.mock.mockito.MockitoContextCustomizer@0, org.springframework.boot.test.autoconfigure.OverrideAutoConfigurationContextCustomizerFactory$DisableAutoConfigurationContextCustomizer@6b6def36, org.springframework.boot.test.autoconfigure.actuate.metrics.MetricsExportContextCustomizerFactory$DisableMetricExportContextCustomizer@7be38eba, org.springframework.boot.test.autoconfigure.filter.TypeExcludeFiltersContextCustomizer@351584c0, org.springframework.boot.test.autoconfigure.properties.PropertyMappingContextCustomizer@a5f4627e, org.springframework.boot.test.autoconfigure.web.servlet.WebDriverContextCustomizerFactory$Customizer@4cd7d5e1, org.spockframework.spring.mock.SpockContextCustomizer@0, org.springframework.boot.test.context.SpringBootTestArgs@1, org.springframework.boot.test.context.SpringBootTestWebEnvironment@0], contextLoader = 'org.springframework.boot.test.context.SpringBootContextLoader', parent = [null]], attributes = map['org.spockframework.spring.SpringMockTestExecutionListener.MOCKED_BEANS_LIST' -> list[[empty]], 'org.springframework.test.context.event.ApplicationEventsTestExecutionListener.recordApplicationEvents' -> false]]; transaction manager [org.springframework.orm.jpa.JpaTransactionManager@4bc3e79d]; rollback [true]
Hibernate: insert into courses (id, name, type) values (null, ?, ?)
Hibernate: call identity()
Hibernate: insert into course_executions (id, academic_term, acronym, course_id, end_date, status, type) values (null, ?, ?, ?, ?, ?, ?)
Hibernate: call identity()
Hibernate: insert into users (id, admin, creation_date, key, name, number_of_correct_in_class_answers, number_of_correct_student_answers, number_of_correct_teacher_answers, number_of_in_class_answers, number_of_in_class_quizzes, number_of_student_answers, number_of_student_quizzes, number_of_teacher_answers, number_of_teacher_quizzes, role) values (null, ?, ?, ?, ?, ?, ?, ?, ?, ?, ?, ?, ?, ?, ?)
Hibernate: call identity()
Hibernate: insert into auth_users (id, email, last_access, password, user_id, username, active, confirmation_token, token_generation_date, auth_type) values (null, ?, ?, ?, ?, ?, ?, ?, ?, 'EXTERNAL')
Hibernate: call identity()
Hibernate: insert into topics (id, course_id, name) values (null, ?, ?)
Hibernate: call identity()
Hibernate: insert into topics (id, course_id, name) values (null, ?, ?)
Hibernate: call identity()
Hibernate: insert into assessments (id, course_execution_id, sequence, status, title) values (null, ?, ?, ?, ?)
Hibernate: call identity()
Hibernate: insert into topic_conjunctions (id, assessment_id) values (null, ?)
Hibernate: call identity()
Hibernate: insert into questions (id, content, course_id, creation_date, key, number_of_answers, number_of_correct, status, title) values (null, ?, ?, ?, ?, ?, ?, ?, ?)
Hibernate: call identity()
Hibernate: insert into question_details (id, question_id, question_type) values (null, ?, 'multiple_choice')
Hibernate: call identity()
Hibernate: insert into options (id, content, correct, question_details_id, sequence) values (null, ?, ?, ?, ?)
Hibernate: call identity()
Hibernate: insert into tournaments (id, course_acronym, course_id, course_execution_id, status, creator_id, creator_name, creator_username, end_time, is_canceled, number_of_questions, password, private_tournament, quiz_id, start_time) values (null, ?, ?, ?, ?, ?, ?, ?, ?, ?, ?, ?, ?, ?, ?)
Hibernate: call identity()
Hibernate: insert into users_course_executions (users_id, course_executions_id) values (?, ?)
Hibernate: insert into topics_questions (topics_id, questions_id) values (?, ?)
Hibernate: insert into topics_topic_conjunctions (topics_id, topic_conjunctions_id) values (?, ?)
Hibernate: insert into topics_questions (topics_id, questions_id) values (?, ?)
Hibernate: insert into topics_topic_conjunctions (topics_id, topic_conjunctions_id) values (?, ?)
Hibernate: insert into tournaments_participants (tournament_id, participant_answered, participant_id, participant_name, number_of_answered, number_of_correct, participant_username) values (?, ?, ?, ?, ?, ?, ?)
Hibernate: insert into tournaments_topics (tournament_id, topics_course_id, topics_id, topics_name) values (?, ?, ?, ?)
Hibernate: insert into tournaments_topics (tournament_id, topics_course_id, topics_id, topics_name) values (?, ?, ?, ?)
Hibernate: SELECT * FROM questions q WHERE q.course_id = ? AND q.status = 'AVAILABLE'
Hibernate: insert into quizzes (id, available_date, conclusion_date, course_execution_id, creation_date, key, one_way, qr_code_only, results_date, scramble, series, title, type, version) values (null, ?, ?, ?, ?, ?, ?, ?, ?, ?, ?, ?, ?, ?)
Hibernate: call identity()
Hibernate: insert into quiz_answers (id, answer_date, completed, creation_date, quiz_id, used_in_statistics, user_id) values (null, ?, ?, ?, ?, ?, ?)
Hibernate: call identity()
Hibernate: insert into quiz_questions (id, question_id, quiz_id, sequence) values (null, ?, ?, ?)
Hibernate: call identity()
Hibernate: insert into question_answers (id, quiz_answer_id, quiz_question_id, sequence, time_taken) values (null, ?, ?, ?, ?)
Hibernate: call identity()
Hibernate: update tournaments set course_acronym=?, course_id=?, course_execution_id=?, status=?, creator_id=?, creator_name=?, creator_username=?, end_time=?, is_canceled=?, number_of_questions=?, password=?, private_tournament=?, quiz_id=?, start_time=? where id=?
Hibernate: SELECT * FROM quiz_answers qa WHERE qa.user_id = ? AND qa.quiz_id = ?
2021-03-18 00:29:52.113 ERROR 19160 --- [           main] p.u.t.s.exceptions.TutorException        : Tournament 4 is live. You can not change it now
Hibernate: select count(*) as col_0_0_ from tournaments tournament0_
2021-03-18 00:29:52.126  INFO 19160 --- [           main] o.s.t.c.transaction.TransactionContext   : Rolled back transaction for test: [DefaultTestContext@1602b644 testClass = CancelTournamentTest, testInstance = pt.ulisboa.tecnico.socialsoftware.tournament.tournament.service.CancelTournamentTest@2acb5b9d, testMethod = $spock_feature_2_3@CancelTournamentTest, testException = [null], mergedContextConfiguration = [MergedContextConfiguration@4d0ec988 testClass = CancelTournamentTest, locations = '{}', classes = '{class pt.ulisboa.tecnico.socialsoftware.tournament.TournamentTestApplication, class pt.ulisboa.tecnico.socialsoftware.tournament.tournament.service.CancelTournamentTest$LocalBeanConfiguration}', contextInitializerClasses = '[]', activeProfiles = '{}', propertySourceLocations = '{}', propertySourceProperties = '{org.springframework.boot.test.autoconfigure.orm.jpa.DataJpaTestContextBootstrapper=true}', contextCustomizers = set[[ImportsContextCustomizer@17991766 key = [org.springframework.boot.autoconfigure.cache.CacheAutoConfiguration, org.springframework.boot.autoconfigure.data.jpa.JpaRepositoriesAutoConfiguration, org.springframework.boot.autoconfigure.flyway.FlywayAutoConfiguration, org.springframework.boot.autoconfigure.jdbc.DataSourceAutoConfiguration, org.springframework.boot.autoconfigure.jdbc.DataSourceTransactionManagerAutoConfiguration, org.springframework.boot.autoconfigure.jdbc.JdbcTemplateAutoConfiguration, org.springframework.boot.autoconfigure.liquibase.LiquibaseAutoConfiguration, org.springframework.boot.autoconfigure.orm.jpa.HibernateJpaAutoConfiguration, org.springframework.boot.autoconfigure.transaction.TransactionAutoConfiguration, org.springframework.boot.test.autoconfigure.jdbc.TestDatabaseAutoConfiguration, org.springframework.boot.test.autoconfigure.orm.jpa.TestEntityManagerAutoConfiguration]], org.springframework.boot.test.context.filter.ExcludeFilterContextCustomizer@2eebce87, org.springframework.boot.test.json.DuplicateJsonObjectContextCustomizerFactory$DuplicateJsonObjectContextCustomizer@78065fcd, org.springframework.boot.test.mock.mockito.MockitoContextCustomizer@0, org.springframework.boot.test.autoconfigure.OverrideAutoConfigurationContextCustomizerFactory$DisableAutoConfigurationContextCustomizer@6b6def36, org.springframework.boot.test.autoconfigure.actuate.metrics.MetricsExportContextCustomizerFactory$DisableMetricExportContextCustomizer@7be38eba, org.springframework.boot.test.autoconfigure.filter.TypeExcludeFiltersContextCustomizer@351584c0, org.springframework.boot.test.autoconfigure.properties.PropertyMappingContextCustomizer@a5f4627e, org.springframework.boot.test.autoconfigure.web.servlet.WebDriverContextCustomizerFactory$Customizer@4cd7d5e1, org.spockframework.spring.mock.SpockContextCustomizer@0, org.springframework.boot.test.context.SpringBootTestArgs@1, org.springframework.boot.test.context.SpringBootTestWebEnvironment@0], contextLoader = 'org.springframework.boot.test.context.SpringBootContextLoader', parent = [null]], attributes = map['org.spockframework.spring.SpringMockTestExecutionListener.MOCKED_BEANS_LIST' -> list[[empty]], 'org.springframework.test.context.event.ApplicationEventsTestExecutionListener.recordApplicationEvents' -> false]]
]]></system-out>
  </testcase>
</testsuite>